#! /usr/bin/vvp
:ivl_version "12.0 (stable)";
:ivl_delay_selection "TYPICAL";
:vpi_time_precision - 10;
:vpi_module "/usr/lib/x86_64-linux-gnu/ivl/system.vpi";
:vpi_module "/usr/lib/x86_64-linux-gnu/ivl/vhdl_sys.vpi";
:vpi_module "/usr/lib/x86_64-linux-gnu/ivl/vhdl_textio.vpi";
:vpi_module "/usr/lib/x86_64-linux-gnu/ivl/v2005_math.vpi";
:vpi_module "/usr/lib/x86_64-linux-gnu/ivl/va_math.vpi";
S_0x59e605fc80f0 .scope module, "dcache" "dcache" 2 12;
 .timescale -9 -10;
    .port_info 0 /INPUT 1 "clock";
    .port_info 1 /INPUT 1 "reset";
    .port_info 2 /INPUT 1 "read";
    .port_info 3 /INPUT 1 "write";
    .port_info 4 /INPUT 8 "address";
    .port_info 5 /INPUT 8 "writedata";
    .port_info 6 /OUTPUT 8 "readdata";
    .port_info 7 /OUTPUT 1 "busywait";
    .port_info 8 /OUTPUT 1 "mem_read";
    .port_info 9 /OUTPUT 1 "mem_write";
    .port_info 10 /OUTPUT 6 "mem_address";
    .port_info 11 /OUTPUT 32 "mem_writedata";
    .port_info 12 /INPUT 32 "mem_readdata";
    .port_info 13 /INPUT 1 "mem_busywait";
P_0x59e605fc8280 .param/l "IDLE" 0 2 91, C4<000>;
P_0x59e605fc82c0 .param/l "MEM_READ" 0 2 91, C4<001>;
P_0x59e605fc8300 .param/l "MEM_WRITE" 0 2 91, C4<010>;
v0x59e60600bee0_0 .var *"_ivl_6", 0 0; Local signal
o0x7353fc271048 .functor BUFZ 8, C4<zzzzzzzz>; HiZ drive
v0x59e60600b8a0_0 .net "address", 7 0, o0x7353fc271048;  0 drivers
v0x59e60602f5e0_0 .var "block_data", 31 0;
v0x59e60602f6a0_0 .var "block_tag", 2 0;
v0x59e60602f780_0 .var "busywait", 0 0;
v0x59e60602f890 .array "cache_data", 0 7, 31 0;
v0x59e60602faa0 .array "cache_dirty", 0 7, 0 0;
v0x59e60602fc90 .array "cache_tag", 0 7, 2 0;
v0x59e60602fea0 .array "cache_valid", 0 7, 0 0;
o0x7353fc271708 .functor BUFZ 1, C4<z>; HiZ drive
v0x59e606030040_0 .net "clock", 0 0, o0x7353fc271708;  0 drivers
v0x59e606030100_0 .var "dirty", 0 0;
v0x59e6060301c0_0 .var "hit", 0 0;
v0x59e606030280_0 .var/i "i", 31 0;
v0x59e606030360_0 .net "index", 2 0, L_0x59e606031320;  1 drivers
v0x59e606030440_0 .var "mem_address", 5 0;
o0x7353fc271828 .functor BUFZ 1, C4<z>; HiZ drive
v0x59e606030520_0 .net "mem_busywait", 0 0, o0x7353fc271828;  0 drivers
v0x59e6060305e0_0 .var "mem_read", 0 0;
o0x7353fc271888 .functor BUFZ 32, C4<zzzzzzzzzzzzzzzzzzzzzzzzzzzzzzzz>; HiZ drive
v0x59e6060306a0_0 .net "mem_readdata", 31 0, o0x7353fc271888;  0 drivers
v0x59e606030780_0 .var "mem_write", 0 0;
v0x59e606030840_0 .var "mem_writedata", 31 0;
v0x59e606030920_0 .var "next_state", 2 0;
v0x59e606030a00_0 .net "offset", 1 0, L_0x59e6060314b0;  1 drivers
o0x7353fc271978 .functor BUFZ 1, C4<z>; HiZ drive
v0x59e606030ae0_0 .net "read", 0 0, o0x7353fc271978;  0 drivers
v0x59e606030ba0_0 .var "readdata", 7 0;
o0x7353fc2719d8 .functor BUFZ 1, C4<z>; HiZ drive
v0x59e606030c80_0 .net "reset", 0 0, o0x7353fc2719d8;  0 drivers
v0x59e606030d40_0 .var "state", 2 0;
v0x59e606030e20_0 .net "tag", 2 0, L_0x59e6060313c0;  1 drivers
v0x59e606030f00_0 .var "valid", 0 0;
o0x7353fc271a98 .functor BUFZ 1, C4<z>; HiZ drive
v0x59e606030fc0_0 .net "write", 0 0, o0x7353fc271a98;  0 drivers
o0x7353fc271ac8 .functor BUFZ 8, C4<zzzzzzzz>; HiZ drive
v0x59e606031080_0 .net "writedata", 7 0, o0x7353fc271ac8;  0 drivers
E_0x59e606005c80/0 .event anyedge, v0x59e606030c80_0;
E_0x59e606005c80/1 .event posedge, v0x59e606030040_0;
E_0x59e606005c80 .event/or E_0x59e606005c80/0, E_0x59e606005c80/1;
E_0x59e606001610/0 .event anyedge, v0x59e606030d40_0, v0x59e606030e20_0, v0x59e606030360_0, v0x59e606030520_0;
v0x59e60602f890_0 .array/port v0x59e60602f890, 0;
v0x59e60602f890_1 .array/port v0x59e60602f890, 1;
E_0x59e606001610/1 .event anyedge, v0x59e6060306a0_0, v0x59e60602f6a0_0, v0x59e60602f890_0, v0x59e60602f890_1;
v0x59e60602f890_2 .array/port v0x59e60602f890, 2;
v0x59e60602f890_3 .array/port v0x59e60602f890, 3;
v0x59e60602f890_4 .array/port v0x59e60602f890, 4;
v0x59e60602f890_5 .array/port v0x59e60602f890, 5;
E_0x59e606001610/2 .event anyedge, v0x59e60602f890_2, v0x59e60602f890_3, v0x59e60602f890_4, v0x59e60602f890_5;
v0x59e60602f890_6 .array/port v0x59e60602f890, 6;
v0x59e60602f890_7 .array/port v0x59e60602f890, 7;
E_0x59e606001610/3 .event anyedge, v0x59e60602f890_6, v0x59e60602f890_7;
E_0x59e606001610 .event/or E_0x59e606001610/0, E_0x59e606001610/1, E_0x59e606001610/2, E_0x59e606001610/3;
E_0x59e606001d20/0 .event anyedge, v0x59e606030d40_0, v0x59e606030ae0_0, v0x59e606030fc0_0, v0x59e606030100_0;
E_0x59e606001d20/1 .event anyedge, v0x59e6060301c0_0, v0x59e606030520_0;
E_0x59e606001d20 .event/or E_0x59e606001d20/0, E_0x59e606001d20/1;
E_0x59e605ff02c0 .event posedge, v0x59e606030040_0;
E_0x59e605ff06f0/0 .event anyedge, v0x59e6060301c0_0, v0x59e606030ae0_0, v0x59e606030a00_0, v0x59e606030360_0;
E_0x59e605ff06f0/1 .event anyedge, v0x59e60602f890_0, v0x59e60602f890_1, v0x59e60602f890_2, v0x59e60602f890_3;
E_0x59e605ff06f0/2 .event anyedge, v0x59e60602f890_4, v0x59e60602f890_5, v0x59e60602f890_6, v0x59e60602f890_7;
E_0x59e605ff06f0 .event/or E_0x59e605ff06f0/0, E_0x59e605ff06f0/1, E_0x59e605ff06f0/2;
E_0x59e605ff9390/0 .event anyedge, v0x59e606030360_0, v0x59e60602f890_0, v0x59e60602f890_1, v0x59e60602f890_2;
E_0x59e605ff9390/1 .event anyedge, v0x59e60602f890_3, v0x59e60602f890_4, v0x59e60602f890_5, v0x59e60602f890_6;
v0x59e60602fc90_0 .array/port v0x59e60602fc90, 0;
v0x59e60602fc90_1 .array/port v0x59e60602fc90, 1;
v0x59e60602fc90_2 .array/port v0x59e60602fc90, 2;
E_0x59e605ff9390/2 .event anyedge, v0x59e60602f890_7, v0x59e60602fc90_0, v0x59e60602fc90_1, v0x59e60602fc90_2;
v0x59e60602fc90_3 .array/port v0x59e60602fc90, 3;
v0x59e60602fc90_4 .array/port v0x59e60602fc90, 4;
v0x59e60602fc90_5 .array/port v0x59e60602fc90, 5;
v0x59e60602fc90_6 .array/port v0x59e60602fc90, 6;
E_0x59e605ff9390/3 .event anyedge, v0x59e60602fc90_3, v0x59e60602fc90_4, v0x59e60602fc90_5, v0x59e60602fc90_6;
v0x59e60602fc90_7 .array/port v0x59e60602fc90, 7;
v0x59e60602fea0_0 .array/port v0x59e60602fea0, 0;
v0x59e60602fea0_1 .array/port v0x59e60602fea0, 1;
v0x59e60602fea0_2 .array/port v0x59e60602fea0, 2;
E_0x59e605ff9390/4 .event anyedge, v0x59e60602fc90_7, v0x59e60602fea0_0, v0x59e60602fea0_1, v0x59e60602fea0_2;
v0x59e60602fea0_3 .array/port v0x59e60602fea0, 3;
v0x59e60602fea0_4 .array/port v0x59e60602fea0, 4;
v0x59e60602fea0_5 .array/port v0x59e60602fea0, 5;
v0x59e60602fea0_6 .array/port v0x59e60602fea0, 6;
E_0x59e605ff9390/5 .event anyedge, v0x59e60602fea0_3, v0x59e60602fea0_4, v0x59e60602fea0_5, v0x59e60602fea0_6;
v0x59e60602fea0_7 .array/port v0x59e60602fea0, 7;
v0x59e60602faa0_0 .array/port v0x59e60602faa0, 0;
v0x59e60602faa0_1 .array/port v0x59e60602faa0, 1;
v0x59e60602faa0_2 .array/port v0x59e60602faa0, 2;
E_0x59e605ff9390/6 .event anyedge, v0x59e60602fea0_7, v0x59e60602faa0_0, v0x59e60602faa0_1, v0x59e60602faa0_2;
v0x59e60602faa0_3 .array/port v0x59e60602faa0, 3;
v0x59e60602faa0_4 .array/port v0x59e60602faa0, 4;
v0x59e60602faa0_5 .array/port v0x59e60602faa0, 5;
v0x59e60602faa0_6 .array/port v0x59e60602faa0, 6;
E_0x59e605ff9390/7 .event anyedge, v0x59e60602faa0_3, v0x59e60602faa0_4, v0x59e60602faa0_5, v0x59e60602faa0_6;
v0x59e60602faa0_7 .array/port v0x59e60602faa0, 7;
E_0x59e605ff9390/8 .event anyedge, v0x59e60602faa0_7, v0x59e606030f00_0, v0x59e60602f6a0_0, v0x59e606030e20_0;
E_0x59e605ff9390 .event/or E_0x59e605ff9390/0, E_0x59e605ff9390/1, E_0x59e605ff9390/2, E_0x59e605ff9390/3, E_0x59e605ff9390/4, E_0x59e605ff9390/5, E_0x59e605ff9390/6, E_0x59e605ff9390/7, E_0x59e605ff9390/8;
L_0x59e606031320 .part o0x7353fc271048, 2, 3;
L_0x59e6060313c0 .part o0x7353fc271048, 5, 3;
L_0x59e6060314b0 .part o0x7353fc271048, 0, 2;
    .scope S_0x59e605fc80f0;
T_0 ;
    %wait E_0x59e605ff9390;
    %delay 10, 0;
    %load/vec4 v0x59e606030360_0;
    %pad/u 5;
    %ix/vec4 4;
    %load/vec4a v0x59e60602f890, 4;
    %store/vec4 v0x59e60602f5e0_0, 0, 32;
    %load/vec4 v0x59e606030360_0;
    %pad/u 5;
    %ix/vec4 4;
    %load/vec4a v0x59e60602fc90, 4;
    %store/vec4 v0x59e60602f6a0_0, 0, 3;
    %load/vec4 v0x59e606030360_0;
    %pad/u 5;
    %ix/vec4 4;
    %load/vec4a v0x59e60602fea0, 4;
    %store/vec4 v0x59e606030f00_0, 0, 1;
    %load/vec4 v0x59e606030360_0;
    %pad/u 5;
    %ix/vec4 4;
    %load/vec4a v0x59e60602faa0, 4;
    %store/vec4 v0x59e606030100_0, 0, 1;
    %load/vec4 v0x59e606030f00_0;
    %flag_set/vec4 8;
    %flag_get/vec4 8;
    %jmp/0 T_0.0, 8;
    %load/vec4 v0x59e60602f6a0_0;
    %load/vec4 v0x59e606030e20_0;
    %cmp/e;
    %flag_get/vec4 4;
    %and;
T_0.0;
    %store/vec4 v0x59e60600bee0_0, 0, 1;
    %pushi/vec4 9, 0, 64;
    %ix/vec4 4;
    %delayx 4;
    %load/vec4 v0x59e60600bee0_0;
    %store/vec4 v0x59e6060301c0_0, 0, 1;
    %jmp T_0;
    .thread T_0, $push;
    .scope S_0x59e605fc80f0;
T_1 ;
    %wait E_0x59e605ff06f0;
    %load/vec4 v0x59e6060301c0_0;
    %flag_set/vec4 8;
    %jmp/0xz  T_1.0, 8;
    %load/vec4 v0x59e606030ae0_0;
    %flag_set/vec4 8;
    %jmp/0xz  T_1.2, 8;
    %delay 10, 0;
    %load/vec4 v0x59e606030a00_0;
    %dup/vec4;
    %pushi/vec4 0, 0, 2;
    %cmp/u;
    %jmp/1 T_1.4, 6;
    %dup/vec4;
    %pushi/vec4 1, 0, 2;
    %cmp/u;
    %jmp/1 T_1.5, 6;
    %dup/vec4;
    %pushi/vec4 2, 0, 2;
    %cmp/u;
    %jmp/1 T_1.6, 6;
    %dup/vec4;
    %pushi/vec4 3, 0, 2;
    %cmp/u;
    %jmp/1 T_1.7, 6;
    %jmp T_1.8;
T_1.4 ;
    %load/vec4 v0x59e606030360_0;
    %pad/u 5;
    %ix/vec4 4;
    %load/vec4a v0x59e60602f890, 4;
    %parti/s 8, 0, 2;
    %store/vec4 v0x59e606030ba0_0, 0, 8;
    %jmp T_1.8;
T_1.5 ;
    %load/vec4 v0x59e606030360_0;
    %pad/u 5;
    %ix/vec4 4;
    %load/vec4a v0x59e60602f890, 4;
    %parti/s 8, 8, 5;
    %store/vec4 v0x59e606030ba0_0, 0, 8;
    %jmp T_1.8;
T_1.6 ;
    %load/vec4 v0x59e606030360_0;
    %pad/u 5;
    %ix/vec4 4;
    %load/vec4a v0x59e60602f890, 4;
    %parti/s 8, 16, 6;
    %store/vec4 v0x59e606030ba0_0, 0, 8;
    %jmp T_1.8;
T_1.7 ;
    %load/vec4 v0x59e606030360_0;
    %pad/u 5;
    %ix/vec4 4;
    %load/vec4a v0x59e60602f890, 4;
    %parti/s 8, 24, 6;
    %store/vec4 v0x59e606030ba0_0, 0, 8;
    %jmp T_1.8;
T_1.8 ;
    %pop/vec4 1;
T_1.2 ;
T_1.0 ;
    %jmp T_1;
    .thread T_1, $push;
    .scope S_0x59e605fc80f0;
T_2 ;
    %wait E_0x59e605ff02c0;
    %load/vec4 v0x59e6060301c0_0;
    %flag_set/vec4 8;
    %jmp/0xz  T_2.0, 8;
    %load/vec4 v0x59e606030fc0_0;
    %flag_set/vec4 8;
    %jmp/0xz  T_2.2, 8;
    %delay 10, 0;
    %load/vec4 v0x59e606030a00_0;
    %dup/vec4;
    %pushi/vec4 0, 0, 2;
    %cmp/u;
    %jmp/1 T_2.4, 6;
    %dup/vec4;
    %pushi/vec4 1, 0, 2;
    %cmp/u;
    %jmp/1 T_2.5, 6;
    %dup/vec4;
    %pushi/vec4 2, 0, 2;
    %cmp/u;
    %jmp/1 T_2.6, 6;
    %dup/vec4;
    %pushi/vec4 3, 0, 2;
    %cmp/u;
    %jmp/1 T_2.7, 6;
    %jmp T_2.8;
T_2.4 ;
    %load/vec4 v0x59e606031080_0;
    %load/vec4 v0x59e606030360_0;
    %pad/u 5;
    %ix/vec4 4;
    %flag_mov 8, 4;
    %ix/load 5, 0, 0;
    %flag_set/imm 4, 0;
    %flag_or 4, 8;
    %store/vec4a v0x59e60602f890, 4, 5;
    %jmp T_2.8;
T_2.5 ;
    %load/vec4 v0x59e606031080_0;
    %load/vec4 v0x59e606030360_0;
    %pad/u 5;
    %ix/vec4 4;
    %flag_mov 8, 4;
    %ix/load 5, 8, 0;
    %flag_set/imm 4, 0;
    %flag_or 4, 8;
    %store/vec4a v0x59e60602f890, 4, 5;
    %jmp T_2.8;
T_2.6 ;
    %load/vec4 v0x59e606031080_0;
    %load/vec4 v0x59e606030360_0;
    %pad/u 5;
    %ix/vec4 4;
    %flag_mov 8, 4;
    %ix/load 5, 16, 0;
    %flag_set/imm 4, 0;
    %flag_or 4, 8;
    %store/vec4a v0x59e60602f890, 4, 5;
    %jmp T_2.8;
T_2.7 ;
    %load/vec4 v0x59e606031080_0;
    %load/vec4 v0x59e606030360_0;
    %pad/u 5;
    %ix/vec4 4;
    %flag_mov 8, 4;
    %ix/load 5, 24, 0;
    %flag_set/imm 4, 0;
    %flag_or 4, 8;
    %store/vec4a v0x59e60602f890, 4, 5;
    %jmp T_2.8;
T_2.8 ;
    %pop/vec4 1;
    %pushi/vec4 1, 0, 1;
    %load/vec4 v0x59e606030360_0;
    %pad/u 5;
    %ix/vec4 4;
    %store/vec4a v0x59e60602faa0, 4, 0;
T_2.2 ;
T_2.0 ;
    %jmp T_2;
    .thread T_2;
    .scope S_0x59e605fc80f0;
T_3 ;
    %wait E_0x59e606001d20;
    %load/vec4 v0x59e606030d40_0;
    %dup/vec4;
    %pushi/vec4 0, 0, 3;
    %cmp/u;
    %jmp/1 T_3.0, 6;
    %dup/vec4;
    %pushi/vec4 1, 0, 3;
    %cmp/u;
    %jmp/1 T_3.1, 6;
    %dup/vec4;
    %pushi/vec4 2, 0, 3;
    %cmp/u;
    %jmp/1 T_3.2, 6;
    %pushi/vec4 0, 0, 3;
    %store/vec4 v0x59e606030920_0, 0, 3;
    %jmp T_3.4;
T_3.0 ;
    %load/vec4 v0x59e606030ae0_0;
    %flag_set/vec4 10;
    %jmp/1 T_3.9, 10;
    %load/vec4 v0x59e606030fc0_0;
    %flag_set/vec4 11;
    %flag_or 10, 11;
T_3.9;
    %flag_get/vec4 10;
    %jmp/0 T_3.8, 10;
    %load/vec4 v0x59e606030100_0;
    %nor/r;
    %and;
T_3.8;
    %flag_set/vec4 9;
    %flag_get/vec4 9;
    %jmp/0 T_3.7, 9;
    %load/vec4 v0x59e6060301c0_0;
    %nor/r;
    %and;
T_3.7;
    %flag_set/vec4 8;
    %jmp/0xz  T_3.5, 8;
    %pushi/vec4 1, 0, 3;
    %store/vec4 v0x59e606030920_0, 0, 3;
    %jmp T_3.6;
T_3.5 ;
    %load/vec4 v0x59e606030ae0_0;
    %flag_set/vec4 10;
    %jmp/1 T_3.14, 10;
    %load/vec4 v0x59e606030fc0_0;
    %flag_set/vec4 11;
    %flag_or 10, 11;
T_3.14;
    %flag_get/vec4 10;
    %jmp/0 T_3.13, 10;
    %load/vec4 v0x59e606030100_0;
    %and;
T_3.13;
    %flag_set/vec4 9;
    %flag_get/vec4 9;
    %jmp/0 T_3.12, 9;
    %load/vec4 v0x59e6060301c0_0;
    %nor/r;
    %and;
T_3.12;
    %flag_set/vec4 8;
    %jmp/0xz  T_3.10, 8;
    %pushi/vec4 2, 0, 3;
    %store/vec4 v0x59e606030920_0, 0, 3;
    %jmp T_3.11;
T_3.10 ;
    %pushi/vec4 0, 0, 3;
    %store/vec4 v0x59e606030920_0, 0, 3;
T_3.11 ;
T_3.6 ;
    %jmp T_3.4;
T_3.1 ;
    %load/vec4 v0x59e606030520_0;
    %nor/r;
    %flag_set/vec4 8;
    %jmp/0xz  T_3.15, 8;
    %pushi/vec4 0, 0, 3;
    %store/vec4 v0x59e606030920_0, 0, 3;
    %jmp T_3.16;
T_3.15 ;
    %pushi/vec4 1, 0, 3;
    %store/vec4 v0x59e606030920_0, 0, 3;
T_3.16 ;
    %jmp T_3.4;
T_3.2 ;
    %load/vec4 v0x59e606030520_0;
    %nor/r;
    %flag_set/vec4 8;
    %jmp/0xz  T_3.17, 8;
    %pushi/vec4 1, 0, 3;
    %store/vec4 v0x59e606030920_0, 0, 3;
    %jmp T_3.18;
T_3.17 ;
    %pushi/vec4 2, 0, 3;
    %store/vec4 v0x59e606030920_0, 0, 3;
T_3.18 ;
    %jmp T_3.4;
T_3.4 ;
    %pop/vec4 1;
    %jmp T_3;
    .thread T_3, $push;
    .scope S_0x59e605fc80f0;
T_4 ;
    %wait E_0x59e606001610;
    %load/vec4 v0x59e606030d40_0;
    %dup/vec4;
    %pushi/vec4 0, 0, 3;
    %cmp/u;
    %jmp/1 T_4.0, 6;
    %dup/vec4;
    %pushi/vec4 1, 0, 3;
    %cmp/u;
    %jmp/1 T_4.1, 6;
    %dup/vec4;
    %pushi/vec4 2, 0, 3;
    %cmp/u;
    %jmp/1 T_4.2, 6;
    %jmp T_4.3;
T_4.0 ;
    %pushi/vec4 0, 0, 1;
    %store/vec4 v0x59e6060305e0_0, 0, 1;
    %pushi/vec4 0, 0, 1;
    %store/vec4 v0x59e606030780_0, 0, 1;
    %pushi/vec4 63, 63, 6;
    %store/vec4 v0x59e606030440_0, 0, 6;
    %pushi/vec4 255, 255, 32;
    %store/vec4 v0x59e606030840_0, 0, 32;
    %pushi/vec4 0, 0, 1;
    %store/vec4 v0x59e60602f780_0, 0, 1;
    %jmp T_4.3;
T_4.1 ;
    %pushi/vec4 1, 0, 1;
    %store/vec4 v0x59e6060305e0_0, 0, 1;
    %pushi/vec4 0, 0, 1;
    %store/vec4 v0x59e606030780_0, 0, 1;
    %load/vec4 v0x59e606030e20_0;
    %load/vec4 v0x59e606030360_0;
    %concat/vec4; draw_concat_vec4
    %store/vec4 v0x59e606030440_0, 0, 6;
    %pushi/vec4 4294967295, 4294967295, 32;
    %store/vec4 v0x59e606030840_0, 0, 32;
    %pushi/vec4 1, 0, 1;
    %store/vec4 v0x59e60602f780_0, 0, 1;
    %delay 10, 0;
    %load/vec4 v0x59e606030520_0;
    %pad/u 32;
    %cmpi/e 0, 0, 32;
    %jmp/0xz  T_4.4, 4;
    %load/vec4 v0x59e6060306a0_0;
    %load/vec4 v0x59e606030360_0;
    %pad/u 5;
    %ix/vec4 4;
    %store/vec4a v0x59e60602f890, 4, 0;
    %pushi/vec4 1, 0, 1;
    %load/vec4 v0x59e606030360_0;
    %pad/u 5;
    %ix/vec4 4;
    %store/vec4a v0x59e60602fea0, 4, 0;
    %load/vec4 v0x59e606030e20_0;
    %load/vec4 v0x59e606030360_0;
    %pad/u 5;
    %ix/vec4 4;
    %store/vec4a v0x59e60602fc90, 4, 0;
    %pushi/vec4 0, 0, 1;
    %load/vec4 v0x59e606030360_0;
    %pad/u 5;
    %ix/vec4 4;
    %store/vec4a v0x59e60602faa0, 4, 0;
T_4.4 ;
    %jmp T_4.3;
T_4.2 ;
    %pushi/vec4 0, 0, 1;
    %store/vec4 v0x59e6060305e0_0, 0, 1;
    %pushi/vec4 1, 0, 1;
    %store/vec4 v0x59e606030780_0, 0, 1;
    %load/vec4 v0x59e60602f6a0_0;
    %load/vec4 v0x59e606030360_0;
    %concat/vec4; draw_concat_vec4
    %store/vec4 v0x59e606030440_0, 0, 6;
    %load/vec4 v0x59e606030360_0;
    %pad/u 5;
    %ix/vec4 4;
    %load/vec4a v0x59e60602f890, 4;
    %store/vec4 v0x59e606030840_0, 0, 32;
    %pushi/vec4 1, 0, 1;
    %store/vec4 v0x59e60602f780_0, 0, 1;
    %load/vec4 v0x59e606030520_0;
    %pad/u 32;
    %cmpi/e 0, 0, 32;
    %jmp/0xz  T_4.6, 4;
    %pushi/vec4 0, 0, 1;
    %load/vec4 v0x59e606030360_0;
    %pad/u 5;
    %ix/vec4 4;
    %store/vec4a v0x59e60602faa0, 4, 0;
T_4.6 ;
    %jmp T_4.3;
T_4.3 ;
    %pop/vec4 1;
    %jmp T_4;
    .thread T_4, $push;
    .scope S_0x59e605fc80f0;
T_5 ;
    %wait E_0x59e606005c80;
    %load/vec4 v0x59e606030c80_0;
    %flag_set/vec4 8;
    %jmp/0xz  T_5.0, 8;
    %pushi/vec4 0, 0, 3;
    %store/vec4 v0x59e606030d40_0, 0, 3;
    %pushi/vec4 0, 0, 32;
    %store/vec4 v0x59e606030280_0, 0, 32;
T_5.2 ;
    %load/vec4 v0x59e606030280_0;
    %cmpi/s 7, 0, 32;
    %jmp/0xz T_5.3, 5;
    %pushi/vec4 0, 0, 1;
    %ix/getv/s 4, v0x59e606030280_0;
    %store/vec4a v0x59e60602faa0, 4, 0;
    %pushi/vec4 0, 0, 1;
    %ix/getv/s 4, v0x59e606030280_0;
    %store/vec4a v0x59e60602fea0, 4, 0;
    %load/vec4 v0x59e606030280_0;
    %addi 1, 0, 32;
    %store/vec4 v0x59e606030280_0, 0, 32;
    %jmp T_5.2;
T_5.3 ;
    %jmp T_5.1;
T_5.0 ;
    %load/vec4 v0x59e606030920_0;
    %assign/vec4 v0x59e606030d40_0, 0;
T_5.1 ;
    %jmp T_5;
    .thread T_5;
# The file index is used to find the file name in the following table.
:file_names 3;
    "N/A";
    "<interactive>";
    "dcache.v";
