#! /c/Source/iverilog-install/bin/vvp
:ivl_version "12.0 (devel)" "(s20150603-1539-g2693dd32b)";
:ivl_delay_selection "TYPICAL";
:vpi_time_precision + 0;
:vpi_module "C:\iverilog\lib\ivl\system.vpi";
:vpi_module "C:\iverilog\lib\ivl\vhdl_sys.vpi";
:vpi_module "C:\iverilog\lib\ivl\vhdl_textio.vpi";
:vpi_module "C:\iverilog\lib\ivl\v2005_math.vpi";
:vpi_module "C:\iverilog\lib\ivl\va_math.vpi";
S_0000019cf8d47440 .scope module, "reg_file" "reg_file" 2 1;
 .timescale 0 0;
    .port_info 0 /INPUT 8 "IN";
    .port_info 1 /OUTPUT 8 "OUT1";
    .port_info 2 /OUTPUT 8 "OUT2";
    .port_info 3 /INPUT 3 "INADDRESS";
    .port_info 4 /INPUT 3 "OUT1ADDRESS";
    .port_info 5 /INPUT 3 "OUT2ADDRESS";
    .port_info 6 /INPUT 1 "WRITE";
    .port_info 7 /INPUT 1 "CLK";
    .port_info 8 /INPUT 1 "RESET";
L_0000019cf8d0bf40/d .functor BUFZ 8, L_0000019cf8da4010, C4<00000000>, C4<00000000>, C4<00000000>;
L_0000019cf8d0bf40 .delay 8 (2,2,2) L_0000019cf8d0bf40/d;
L_0000019cf8d49610/d .functor BUFZ 8, L_0000019cf8da4510, C4<00000000>, C4<00000000>, C4<00000000>;
L_0000019cf8d49610 .delay 8 (2,2,2) L_0000019cf8d49610/d;
o0000019cf8d5b038 .functor BUFZ 1, C4<z>; HiZ drive
v0000019cf8d49110_0 .net "CLK", 0 0, o0000019cf8d5b038;  0 drivers
o0000019cf8d5b068 .functor BUFZ 8, C4<zzzzzzzz>; HiZ drive
v0000019cf8d491b0_0 .net/s "IN", 7 0, o0000019cf8d5b068;  0 drivers
o0000019cf8d5b098 .functor BUFZ 3, C4<zzz>; HiZ drive
v0000019cf8d49250_0 .net "INADDRESS", 2 0, o0000019cf8d5b098;  0 drivers
v0000019cf8d492f0_0 .net/s "OUT1", 7 0, L_0000019cf8d0bf40;  1 drivers
o0000019cf8d5b0f8 .functor BUFZ 3, C4<zzz>; HiZ drive
v0000019cf8d49390_0 .net "OUT1ADDRESS", 2 0, o0000019cf8d5b0f8;  0 drivers
v0000019cf8d49430_0 .net/s "OUT2", 7 0, L_0000019cf8d49610;  1 drivers
o0000019cf8d5b158 .functor BUFZ 3, C4<zzz>; HiZ drive
v0000019cf8d494d0_0 .net "OUT2ADDRESS", 2 0, o0000019cf8d5b158;  0 drivers
o0000019cf8d5b188 .functor BUFZ 1, C4<z>; HiZ drive
v0000019cf8d49570_0 .net "RESET", 0 0, o0000019cf8d5b188;  0 drivers
o0000019cf8d5b1b8 .functor BUFZ 1, C4<z>; HiZ drive
v0000019cf8da3b10_0 .net "WRITE", 0 0, o0000019cf8d5b1b8;  0 drivers
v0000019cf8da45b0_0 .net *"_ivl_0", 7 0, L_0000019cf8da4010;  1 drivers
v0000019cf8da39d0_0 .net *"_ivl_10", 4 0, L_0000019cf8da46f0;  1 drivers
L_0000019cf8dac8b0 .functor BUFT 1, C4<00>, C4<0>, C4<0>, C4<0>;
v0000019cf8da4330_0 .net *"_ivl_13", 1 0, L_0000019cf8dac8b0;  1 drivers
v0000019cf8da3cf0_0 .net *"_ivl_2", 4 0, L_0000019cf8da4650;  1 drivers
L_0000019cf8dac868 .functor BUFT 1, C4<00>, C4<0>, C4<0>, C4<0>;
v0000019cf8da41f0_0 .net *"_ivl_5", 1 0, L_0000019cf8dac868;  1 drivers
v0000019cf8da3d90_0 .net *"_ivl_8", 7 0, L_0000019cf8da4510;  1 drivers
v0000019cf8da3bb0 .array/s "registers", 0 7, 7 0;
E_0000019cf8d49f80 .event posedge, v0000019cf8d49110_0;
L_0000019cf8da4010 .array/port v0000019cf8da3bb0, L_0000019cf8da4650;
L_0000019cf8da4650 .concat [ 3 2 0 0], o0000019cf8d5b0f8, L_0000019cf8dac868;
L_0000019cf8da4510 .array/port v0000019cf8da3bb0, L_0000019cf8da46f0;
L_0000019cf8da46f0 .concat [ 3 2 0 0], o0000019cf8d5b158, L_0000019cf8dac8b0;
S_0000019cf8d0bc20 .scope begin, "$ivl_for_loop0" "$ivl_for_loop0" 2 16, 2 16 0, S_0000019cf8d47440;
 .timescale 0 0;
v0000019cf8d47670_0 .var/i "count", 31 0;
S_0000019cf8d0bdb0 .scope begin, "$ivl_for_loop1" "$ivl_for_loop1" 2 42, 2 42 0, S_0000019cf8d47440;
 .timescale 0 0;
v0000019cf8d22b70_0 .var/i "i", 31 0;
    .scope S_0000019cf8d47440;
T_0 ;
    %wait E_0000019cf8d49f80;
    %load/vec4 v0000019cf8d49570_0;
    %flag_set/vec4 8;
    %jmp/0xz  T_0.0, 8;
    %fork t_1, S_0000019cf8d0bc20;
    %jmp t_0;
    .scope S_0000019cf8d0bc20;
t_1 ;
    %pushi/vec4 0, 0, 32;
    %store/vec4 v0000019cf8d47670_0, 0, 32;
T_0.2 ;
    %load/vec4 v0000019cf8d47670_0;
    %cmpi/s 8, 0, 32;
    %jmp/0xz T_0.3, 5;
    %pushi/vec4 0, 0, 8;
    %ix/getv/s 3, v0000019cf8d47670_0;
    %ix/load 4, 1, 0; Constant delay
    %assign/vec4/a/d v0000019cf8da3bb0, 0, 4;
    %load/vec4 v0000019cf8d47670_0;
    %addi 1, 0, 32;
    %store/vec4 v0000019cf8d47670_0, 0, 32;
    %jmp T_0.2;
T_0.3 ;
    %end;
    .scope S_0000019cf8d47440;
t_0 %join;
T_0.0 ;
    %load/vec4 v0000019cf8da3b10_0;
    %flag_set/vec4 8;
    %jmp/0xz  T_0.4, 8;
    %delay 1, 0;
    %load/vec4 v0000019cf8d491b0_0;
    %load/vec4 v0000019cf8d49250_0;
    %pad/u 5;
    %ix/vec4 4;
    %store/vec4a v0000019cf8da3bb0, 4, 0;
T_0.4 ;
    %jmp T_0;
    .thread T_0;
    .scope S_0000019cf8d47440;
T_1 ;
    %delay 5, 0;
    %vpi_call 2 30 "$display", "\012\011\011\011==================================================" {0 0 0};
    %vpi_call 2 31 "$display", "\011\011\011 Change of Register Content Starting from Time #5" {0 0 0};
    %vpi_call 2 32 "$display", "\011\011\011==================================================\012" {0 0 0};
    %vpi_call 2 33 "$display", "\011\011time\011reg0\011reg1\011reg2\011reg3\011reg4\011reg5\011reg6\011reg7" {0 0 0};
    %vpi_call 2 34 "$display", "\011\011=====================================================" {0 0 0};
    %vpi_call 2 35 "$display", "\011\011%d\011%d\011%d\011%d\011%d\011%d\011%d\011%d\011%d", $time, &A<v0000019cf8da3bb0, 0>, &A<v0000019cf8da3bb0, 1>, &A<v0000019cf8da3bb0, 2>, &A<v0000019cf8da3bb0, 3>, &A<v0000019cf8da3bb0, 4>, &A<v0000019cf8da3bb0, 5>, &A<v0000019cf8da3bb0, 6>, &A<v0000019cf8da3bb0, 7> {0 0 0};
    %end;
    .thread T_1;
    .scope S_0000019cf8d47440;
T_2 ;
    %vpi_call 2 41 "$dumpfile", "cpu_wavedata.vcd" {0 0 0};
    %fork t_3, S_0000019cf8d0bdb0;
    %jmp t_2;
    .scope S_0000019cf8d0bdb0;
t_3 ;
    %pushi/vec4 0, 0, 32;
    %store/vec4 v0000019cf8d22b70_0, 0, 32;
T_2.0 ;
    %load/vec4 v0000019cf8d22b70_0;
    %cmpi/s 8, 0, 32;
    %jmp/0xz T_2.1, 5;
    %vpi_call 2 43 "$dumpvars", 32'sb00000000000000000000000000000001, &A<v0000019cf8da3bb0, v0000019cf8d22b70_0 > {0 0 0};
    ; show_stmt_assign_vector: Get l-value for compressed += operand
    %load/vec4 v0000019cf8d22b70_0;
    %pushi/vec4 1, 0, 32;
    %add;
    %store/vec4 v0000019cf8d22b70_0, 0, 32;
    %jmp T_2.0;
T_2.1 ;
    %end;
    .scope S_0000019cf8d47440;
t_2 %join;
    %end;
    .thread T_2;
# The file index is used to find the file name in the following table.
:file_names 3;
    "N/A";
    "<interactive>";
    "reg_file.v";
