#! /c/Source/iverilog-install/bin/vvp
:ivl_version "12.0 (devel)" "(s20150603-1539-g2693dd32b)";
:ivl_delay_selection "TYPICAL";
:vpi_time_precision + 0;
:vpi_module "C:\iverilog\lib\ivl\system.vpi";
:vpi_module "C:\iverilog\lib\ivl\vhdl_sys.vpi";
:vpi_module "C:\iverilog\lib\ivl\vhdl_textio.vpi";
:vpi_module "C:\iverilog\lib\ivl\v2005_math.vpi";
:vpi_module "C:\iverilog\lib\ivl\va_math.vpi";
S_000001664e2b6930 .scope module, "multUnit" "multUnit" 2 16;
 .timescale 0 0;
    .port_info 0 /INPUT 8 "X";
    .port_info 1 /INPUT 8 "Y";
    .port_info 2 /OUTPUT 8 "RESULT";
L_000001664e319240 .functor AND 1, L_000001664e391310, L_000001664e3905f0, C4<1>, C4<1>;
L_000001664e319a90 .functor AND 1, L_000001664e390af0, L_000001664e390b90, C4<1>, C4<1>;
L_000001664e319940 .functor AND 1, L_000001664e390870, L_000001664e390230, C4<1>, C4<1>;
L_000001664e3dbbe0 .functor AND 1, L_000001664e390690, L_000001664e3913b0, C4<1>, C4<1>;
L_000001664e3dbc50 .functor AND 1, L_000001664e391590, L_000001664e390c30, C4<1>, C4<1>;
L_000001664e3dbfd0 .functor AND 1, L_000001664e390cd0, L_000001664e390a50, C4<1>, C4<1>;
L_000001664e3dc040 .functor AND 1, L_000001664e391130, L_000001664e391630, C4<1>, C4<1>;
L_000001664e3dc120 .functor AND 1, L_000001664e3907d0, L_000001664e3911d0, C4<1>, C4<1>;
L_000001664e3db9b0 .functor AND 1, L_000001664e390910, L_000001664e3909b0, C4<1>, C4<1>;
L_000001664e3dbf60 .functor AND 1, L_000001664e390e10, L_000001664e390f50, C4<1>, C4<1>;
L_000001664e3db6a0 .functor AND 1, L_000001664e391270, L_000001664e391450, C4<1>, C4<1>;
L_000001664e3db710 .functor AND 1, L_000001664e3914f0, L_000001664e3916d0, C4<1>, C4<1>;
L_000001664e3dd880 .functor AND 1, L_000001664e3e20b0, L_000001664e3e0fd0, C4<1>, C4<1>;
L_000001664e3ddc00 .functor AND 1, L_000001664e3e2010, L_000001664e3e1070, C4<1>, C4<1>;
L_000001664e3dd6c0 .functor AND 1, L_000001664e3e2150, L_000001664e3e1b10, C4<1>, C4<1>;
L_000001664e3dd490 .functor AND 1, L_000001664e3e12f0, L_000001664e3e1930, C4<1>, C4<1>;
L_000001664e3de060 .functor AND 1, L_000001664e3e1ed0, L_000001664e3e1570, C4<1>, C4<1>;
L_000001664e3ddea0 .functor AND 1, L_000001664e3e1250, L_000001664e3e19d0, C4<1>, C4<1>;
L_000001664e3e3a00 .functor AND 1, L_000001664e3e1cf0, L_000001664e3e1430, C4<1>, C4<1>;
L_000001664e3e4020 .functor AND 1, L_000001664e3e0cb0, L_000001664e3e2330, C4<1>, C4<1>;
L_000001664e3e3ed0 .functor AND 1, L_000001664e3e1750, L_000001664e3e17f0, C4<1>, C4<1>;
L_000001664e3e3b50 .functor AND 1, L_000001664e3e0df0, L_000001664e3e0d50, C4<1>, C4<1>;
L_000001664e3e4720 .functor AND 1, L_000001664e3e0e90, L_000001664e3e0a30, C4<1>, C4<1>;
L_000001664e3e3df0 .functor AND 1, L_000001664e3dfe50, L_000001664e3df810, C4<1>, C4<1>;
L_000001664e3e3ca0 .functor AND 1, L_000001664e3dee10, L_000001664e3dec30, C4<1>, C4<1>;
L_000001664e3e88d0 .functor AND 1, L_000001664e3dff90, L_000001664e3de5f0, C4<1>, C4<1>;
L_000001664e3e84e0 .functor AND 1, L_000001664e3deaf0, L_000001664e3df630, C4<1>, C4<1>;
L_000001664e3e8240 .functor AND 1, L_000001664e3deb90, L_000001664e3decd0, C4<1>, C4<1>;
L_000001664e3e8550 .functor AND 1, L_000001664e3de870, L_000001664e3de690, C4<1>, C4<1>;
L_000001664e3e8390 .functor AND 1, L_000001664e3de910, L_000001664e3df9f0, C4<1>, C4<1>;
L_000001664e3e8080 .functor AND 1, L_000001664e3deeb0, L_000001664e3de9b0, C4<1>, C4<1>;
L_000001664e3e7280 .functor AND 1, L_000001664e3def50, L_000001664e3df6d0, C4<1>, C4<1>;
L_000001664e3e87f0 .functor AND 1, L_000001664e3df270, L_000001664e3df770, C4<1>, C4<1>;
L_000001664e3e73d0 .functor AND 1, L_000001664e3df090, L_000001664e3dfa90, C4<1>, C4<1>;
L_000001664e3e7600 .functor AND 1, L_000001664e3dfbd0, L_000001664e3df3b0, C4<1>, C4<1>;
L_000001664e3e77c0 .functor AND 1, L_000001664e3df4f0, L_000001664e3dfc70, C4<1>, C4<1>;
L_000001664e3e7bb0/d .functor BUFZ 8, L_000001664e3dfdb0, C4<00000000>, C4<00000000>, C4<00000000>;
L_000001664e3e7bb0 .delay 8 (3,3,3) L_000001664e3e7bb0/d;
v000001664e388af0_0 .net "C1", 0 0, L_000001664e3198d0;  1 drivers
v000001664e3898b0_0 .net "C2", 1 0, L_000001664e390730;  1 drivers
v000001664e389950_0 .net "C3", 2 0, L_000001664e390ff0;  1 drivers
v000001664e387fb0_0 .net "C4", 3 0, L_000001664e3e1110;  1 drivers
v000001664e388b90_0 .net "C5", 4 0, L_000001664e3e1890;  1 drivers
v000001664e387ab0_0 .net "C6", 5 0, L_000001664e3de730;  1 drivers
v000001664e388190_0 .net "C7", 6 0, L_000001664e3dfef0;  1 drivers
v000001664e387c90_0 .net "MULT", 7 0, L_000001664e3dfdb0;  1 drivers
v000001664e387d30_0 .net "RESULT", 7 0, L_000001664e3e7bb0;  1 drivers
v000001664e389270_0 .net "S2", 0 0, L_000001664e319010;  1 drivers
v000001664e389b30_0 .net "S3", 1 0, L_000001664e390370;  1 drivers
v000001664e388230_0 .net "S4", 2 0, L_000001664e3e14d0;  1 drivers
v000001664e389c70_0 .net "S5", 3 0, L_000001664e3e16b0;  1 drivers
v000001664e388d70_0 .net "S6", 4 0, L_000001664e3dea50;  1 drivers
v000001664e389d10_0 .net "S7", 5 0, L_000001664e3dfd10;  1 drivers
o000001664e32b588 .functor BUFZ 8, C4<zzzzzzzz>; HiZ drive
v000001664e389db0_0 .net "X", 7 0, o000001664e32b588;  0 drivers
o000001664e32b5b8 .functor BUFZ 8, C4<zzzzzzzz>; HiZ drive
v000001664e388e10_0 .net "Y", 7 0, o000001664e32b5b8;  0 drivers
v000001664e38a030_0 .net *"_ivl_100", 0 0, L_000001664e391270;  1 drivers
v000001664e388eb0_0 .net *"_ivl_102", 0 0, L_000001664e391450;  1 drivers
v000001664e388f50_0 .net *"_ivl_106", 0 0, L_000001664e3914f0;  1 drivers
v000001664e38a170_0 .net *"_ivl_108", 0 0, L_000001664e3916d0;  1 drivers
v000001664e387dd0_0 .net *"_ivl_11", 0 0, L_000001664e390b90;  1 drivers
v000001664e38da30_0 .net *"_ivl_120", 0 0, L_000001664e3e20b0;  1 drivers
v000001664e38f510_0 .net *"_ivl_122", 0 0, L_000001664e3e0fd0;  1 drivers
v000001664e38f6f0_0 .net *"_ivl_134", 0 0, L_000001664e3e2010;  1 drivers
v000001664e38dcb0_0 .net *"_ivl_136", 0 0, L_000001664e3e1070;  1 drivers
v000001664e38ee30_0 .net *"_ivl_149", 0 0, L_000001664e3e2150;  1 drivers
v000001664e38f150_0 .net *"_ivl_15", 0 0, L_000001664e390870;  1 drivers
v000001664e38e7f0_0 .net *"_ivl_151", 0 0, L_000001664e3e1b10;  1 drivers
v000001664e38ec50_0 .net *"_ivl_162", 0 0, L_000001664e3e12f0;  1 drivers
v000001664e38e070_0 .net *"_ivl_164", 0 0, L_000001664e3e1930;  1 drivers
v000001664e38eb10_0 .net *"_ivl_168", 0 0, L_000001664e3e1ed0;  1 drivers
v000001664e38e1b0_0 .net *"_ivl_17", 0 0, L_000001664e390230;  1 drivers
v000001664e38e250_0 .net *"_ivl_170", 0 0, L_000001664e3e1570;  1 drivers
v000001664e38f790_0 .net *"_ivl_182", 0 0, L_000001664e3e1250;  1 drivers
v000001664e38e570_0 .net *"_ivl_184", 0 0, L_000001664e3e19d0;  1 drivers
v000001664e38dd50_0 .net *"_ivl_196", 0 0, L_000001664e3e1cf0;  1 drivers
v000001664e38e930_0 .net *"_ivl_198", 0 0, L_000001664e3e1430;  1 drivers
v000001664e38f830_0 .net *"_ivl_210", 0 0, L_000001664e3e0cb0;  1 drivers
v000001664e38ed90_0 .net *"_ivl_212", 0 0, L_000001664e3e2330;  1 drivers
v000001664e38e2f0_0 .net *"_ivl_225", 0 0, L_000001664e3e1750;  1 drivers
v000001664e38de90_0 .net *"_ivl_227", 0 0, L_000001664e3e17f0;  1 drivers
v000001664e38ebb0_0 .net *"_ivl_238", 0 0, L_000001664e3e0df0;  1 drivers
v000001664e38ffb0_0 .net *"_ivl_240", 0 0, L_000001664e3e0d50;  1 drivers
v000001664e38f290_0 .net *"_ivl_244", 0 0, L_000001664e3e0e90;  1 drivers
v000001664e38f5b0_0 .net *"_ivl_246", 0 0, L_000001664e3e0a30;  1 drivers
v000001664e38fb50_0 .net *"_ivl_25", 0 0, L_000001664e390690;  1 drivers
v000001664e38f970_0 .net *"_ivl_258", 0 0, L_000001664e3dfe50;  1 drivers
v000001664e390190_0 .net *"_ivl_260", 0 0, L_000001664e3df810;  1 drivers
v000001664e38f010_0 .net *"_ivl_27", 0 0, L_000001664e3913b0;  1 drivers
v000001664e38ddf0_0 .net *"_ivl_272", 0 0, L_000001664e3dee10;  1 drivers
v000001664e38e4d0_0 .net *"_ivl_274", 0 0, L_000001664e3dec30;  1 drivers
v000001664e390050_0 .net *"_ivl_286", 0 0, L_000001664e3dff90;  1 drivers
v000001664e38e610_0 .net *"_ivl_288", 0 0, L_000001664e3de5f0;  1 drivers
v000001664e38ff10_0 .net *"_ivl_3", 0 0, L_000001664e391310;  1 drivers
v000001664e38f330_0 .net *"_ivl_300", 0 0, L_000001664e3deaf0;  1 drivers
v000001664e38dfd0_0 .net *"_ivl_302", 0 0, L_000001664e3df630;  1 drivers
v000001664e38df30_0 .net *"_ivl_31", 0 0, L_000001664e391590;  1 drivers
v000001664e38e110_0 .net *"_ivl_315", 0 0, L_000001664e3deb90;  1 drivers
v000001664e38ecf0_0 .net *"_ivl_317", 0 0, L_000001664e3decd0;  1 drivers
v000001664e38f8d0_0 .net *"_ivl_328", 0 0, L_000001664e3de870;  1 drivers
v000001664e38fbf0_0 .net *"_ivl_33", 0 0, L_000001664e390c30;  1 drivers
v000001664e38e6b0_0 .net *"_ivl_330", 0 0, L_000001664e3de690;  1 drivers
v000001664e38e390_0 .net *"_ivl_334", 0 0, L_000001664e3de910;  1 drivers
v000001664e38eed0_0 .net *"_ivl_336", 0 0, L_000001664e3df9f0;  1 drivers
v000001664e38fc90_0 .net *"_ivl_348", 0 0, L_000001664e3deeb0;  1 drivers
v000001664e38dad0_0 .net *"_ivl_350", 0 0, L_000001664e3de9b0;  1 drivers
v000001664e38e430_0 .net *"_ivl_362", 0 0, L_000001664e3def50;  1 drivers
v000001664e38fa10_0 .net *"_ivl_364", 0 0, L_000001664e3df6d0;  1 drivers
v000001664e38fd30_0 .net *"_ivl_376", 0 0, L_000001664e3df270;  1 drivers
v000001664e38e890_0 .net *"_ivl_378", 0 0, L_000001664e3df770;  1 drivers
v000001664e38ef70_0 .net *"_ivl_39", 0 0, L_000001664e390cd0;  1 drivers
v000001664e38e9d0_0 .net *"_ivl_390", 0 0, L_000001664e3df090;  1 drivers
v000001664e38f0b0_0 .net *"_ivl_392", 0 0, L_000001664e3dfa90;  1 drivers
v000001664e38e750_0 .net *"_ivl_404", 0 0, L_000001664e3dfbd0;  1 drivers
v000001664e38f1f0_0 .net *"_ivl_406", 0 0, L_000001664e3df3b0;  1 drivers
v000001664e38ea70_0 .net *"_ivl_41", 0 0, L_000001664e390a50;  1 drivers
v000001664e38fab0_0 .net *"_ivl_419", 0 0, L_000001664e3df4f0;  1 drivers
v000001664e38fdd0_0 .net *"_ivl_421", 0 0, L_000001664e3dfc70;  1 drivers
v000001664e38f3d0_0 .net *"_ivl_5", 0 0, L_000001664e3905f0;  1 drivers
v000001664e38f470_0 .net *"_ivl_52", 0 0, L_000001664e391130;  1 drivers
v000001664e38f650_0 .net *"_ivl_54", 0 0, L_000001664e391630;  1 drivers
v000001664e38fe70_0 .net *"_ivl_58", 0 0, L_000001664e3907d0;  1 drivers
v000001664e3900f0_0 .net *"_ivl_6", 0 0, L_000001664e319240;  1 drivers
v000001664e38db70_0 .net *"_ivl_60", 0 0, L_000001664e3911d0;  1 drivers
v000001664e38dc10_0 .net *"_ivl_72", 0 0, L_000001664e390910;  1 drivers
v000001664e390eb0_0 .net *"_ivl_74", 0 0, L_000001664e3909b0;  1 drivers
v000001664e391090_0 .net *"_ivl_87", 0 0, L_000001664e390e10;  1 drivers
v000001664e3904b0_0 .net *"_ivl_89", 0 0, L_000001664e390f50;  1 drivers
v000001664e390550_0 .net *"_ivl_9", 0 0, L_000001664e390af0;  1 drivers
L_000001664e391310 .part o000001664e32b588, 0, 1;
L_000001664e3905f0 .part o000001664e32b5b8, 0, 1;
L_000001664e390af0 .part o000001664e32b588, 1, 1;
L_000001664e390b90 .part o000001664e32b5b8, 0, 1;
L_000001664e390870 .part o000001664e32b588, 0, 1;
L_000001664e390230 .part o000001664e32b5b8, 1, 1;
L_000001664e390690 .part o000001664e32b588, 2, 1;
L_000001664e3913b0 .part o000001664e32b5b8, 0, 1;
L_000001664e391590 .part o000001664e32b588, 1, 1;
L_000001664e390c30 .part o000001664e32b5b8, 1, 1;
L_000001664e390cd0 .part o000001664e32b588, 0, 1;
L_000001664e390a50 .part o000001664e32b5b8, 2, 1;
L_000001664e390730 .concat8 [ 1 1 0 0], L_000001664e318e50, L_000001664e3dbb00;
L_000001664e391130 .part o000001664e32b588, 3, 1;
L_000001664e391630 .part o000001664e32b5b8, 0, 1;
L_000001664e3907d0 .part o000001664e32b588, 2, 1;
L_000001664e3911d0 .part o000001664e32b5b8, 1, 1;
L_000001664e3918b0 .part L_000001664e390730, 0, 1;
L_000001664e390410 .part L_000001664e390370, 0, 1;
L_000001664e390910 .part o000001664e32b588, 1, 1;
L_000001664e3909b0 .part o000001664e32b5b8, 2, 1;
L_000001664e3902d0 .part L_000001664e390730, 1, 1;
L_000001664e390370 .concat8 [ 1 1 0 0], L_000001664e3db470, L_000001664e3dc270;
L_000001664e390d70 .part L_000001664e390370, 1, 1;
L_000001664e390e10 .part o000001664e32b588, 0, 1;
L_000001664e390f50 .part o000001664e32b5b8, 3, 1;
L_000001664e390ff0 .concat8 [ 1 1 1 0], L_000001664e3dba20, L_000001664e3db550, L_000001664e3db860;
L_000001664e391270 .part o000001664e32b588, 4, 1;
L_000001664e391450 .part o000001664e32b5b8, 0, 1;
L_000001664e3914f0 .part o000001664e32b588, 3, 1;
L_000001664e3916d0 .part o000001664e32b5b8, 1, 1;
L_000001664e391770 .part L_000001664e390ff0, 0, 1;
L_000001664e391810 .part L_000001664e3e14d0, 0, 1;
L_000001664e3e20b0 .part o000001664e32b588, 2, 1;
L_000001664e3e0fd0 .part o000001664e32b5b8, 2, 1;
L_000001664e3e1e30 .part L_000001664e390ff0, 1, 1;
L_000001664e3e0f30 .part L_000001664e3e14d0, 1, 1;
L_000001664e3e2010 .part o000001664e32b588, 1, 1;
L_000001664e3e1070 .part o000001664e32b5b8, 3, 1;
L_000001664e3e1610 .part L_000001664e390ff0, 2, 1;
L_000001664e3e14d0 .concat8 [ 1 1 1 0], L_000001664e3dc2e0, L_000001664e3dda40, L_000001664e3ddb20;
L_000001664e3e21f0 .part L_000001664e3e14d0, 2, 1;
L_000001664e3e2150 .part o000001664e32b588, 0, 1;
L_000001664e3e1b10 .part o000001664e32b5b8, 4, 1;
L_000001664e3e1110 .concat8 [ 1 1 1 1], L_000001664e3db630, L_000001664e3dd730, L_000001664e3de290, L_000001664e3de300;
L_000001664e3e12f0 .part o000001664e32b588, 5, 1;
L_000001664e3e1930 .part o000001664e32b5b8, 0, 1;
L_000001664e3e1ed0 .part o000001664e32b588, 4, 1;
L_000001664e3e1570 .part o000001664e32b5b8, 1, 1;
L_000001664e3e11b0 .part L_000001664e3e1110, 0, 1;
L_000001664e3e1c50 .part L_000001664e3e16b0, 0, 1;
L_000001664e3e1250 .part o000001664e32b588, 3, 1;
L_000001664e3e19d0 .part o000001664e32b5b8, 2, 1;
L_000001664e3e1d90 .part L_000001664e3e1110, 1, 1;
L_000001664e3e1390 .part L_000001664e3e16b0, 1, 1;
L_000001664e3e1cf0 .part o000001664e32b588, 2, 1;
L_000001664e3e1430 .part o000001664e32b5b8, 3, 1;
L_000001664e3e2290 .part L_000001664e3e1110, 2, 1;
L_000001664e3e1a70 .part L_000001664e3e16b0, 2, 1;
L_000001664e3e0cb0 .part o000001664e32b588, 1, 1;
L_000001664e3e2330 .part o000001664e32b5b8, 4, 1;
L_000001664e3e1bb0 .part L_000001664e3e1110, 3, 1;
L_000001664e3e16b0 .concat8 [ 1 1 1 1], L_000001664e3ddf80, L_000001664e3dd500, L_000001664e3de140, L_000001664e3e3f40;
L_000001664e3e1f70 .part L_000001664e3e16b0, 3, 1;
L_000001664e3e1750 .part o000001664e32b588, 0, 1;
L_000001664e3e17f0 .part o000001664e32b5b8, 5, 1;
LS_000001664e3e1890_0_0 .concat8 [ 1 1 1 1], L_000001664e3ddd50, L_000001664e3de220, L_000001664e3db7f0, L_000001664e3e44f0;
LS_000001664e3e1890_0_4 .concat8 [ 1 0 0 0], L_000001664e3e3e60;
L_000001664e3e1890 .concat8 [ 4 1 0 0], LS_000001664e3e1890_0_0, LS_000001664e3e1890_0_4;
L_000001664e3e0df0 .part o000001664e32b588, 6, 1;
L_000001664e3e0d50 .part o000001664e32b5b8, 0, 1;
L_000001664e3e0e90 .part o000001664e32b588, 5, 1;
L_000001664e3e0a30 .part o000001664e32b5b8, 1, 1;
L_000001664e3e0710 .part L_000001664e3e1890, 0, 1;
L_000001664e3df950 .part L_000001664e3dea50, 0, 1;
L_000001664e3dfe50 .part o000001664e32b588, 4, 1;
L_000001664e3df810 .part o000001664e32b5b8, 2, 1;
L_000001664e3ded70 .part L_000001664e3e1890, 1, 1;
L_000001664e3df1d0 .part L_000001664e3dea50, 1, 1;
L_000001664e3dee10 .part o000001664e32b588, 3, 1;
L_000001664e3dec30 .part o000001664e32b5b8, 3, 1;
L_000001664e3e0210 .part L_000001664e3e1890, 2, 1;
L_000001664e3de7d0 .part L_000001664e3dea50, 2, 1;
L_000001664e3dff90 .part o000001664e32b588, 2, 1;
L_000001664e3de5f0 .part o000001664e32b5b8, 4, 1;
L_000001664e3e08f0 .part L_000001664e3e1890, 3, 1;
L_000001664e3df590 .part L_000001664e3dea50, 3, 1;
L_000001664e3deaf0 .part o000001664e32b588, 1, 1;
L_000001664e3df630 .part o000001664e32b5b8, 5, 1;
L_000001664e3e0670 .part L_000001664e3e1890, 4, 1;
LS_000001664e3dea50_0_0 .concat8 [ 1 1 1 1], L_000001664e3e4640, L_000001664e3e38b0, L_000001664e3e3ae0, L_000001664e3e41e0;
LS_000001664e3dea50_0_4 .concat8 [ 1 0 0 0], L_000001664e3e6fe0;
L_000001664e3dea50 .concat8 [ 4 1 0 0], LS_000001664e3dea50_0_0, LS_000001664e3dea50_0_4;
L_000001664e3e0990 .part L_000001664e3dea50, 4, 1;
L_000001664e3deb90 .part o000001664e32b588, 0, 1;
L_000001664e3decd0 .part o000001664e32b5b8, 6, 1;
LS_000001664e3de730_0_0 .concat8 [ 1 1 1 1], L_000001664e3e4790, L_000001664e3e3a70, L_000001664e3e3c30, L_000001664e3e7830;
LS_000001664e3de730_0_4 .concat8 [ 1 1 0 0], L_000001664e3e7ad0, L_000001664e3e79f0;
L_000001664e3de730 .concat8 [ 4 2 0 0], LS_000001664e3de730_0_0, LS_000001664e3de730_0_4;
L_000001664e3de870 .part o000001664e32b588, 7, 1;
L_000001664e3de690 .part o000001664e32b5b8, 0, 1;
L_000001664e3de910 .part o000001664e32b588, 6, 1;
L_000001664e3df9f0 .part o000001664e32b5b8, 1, 1;
L_000001664e3e0530 .part L_000001664e3de730, 0, 1;
L_000001664e3e0ad0 .part L_000001664e3dfd10, 0, 1;
L_000001664e3deeb0 .part o000001664e32b588, 5, 1;
L_000001664e3de9b0 .part o000001664e32b5b8, 2, 1;
L_000001664e3e0b70 .part L_000001664e3de730, 1, 1;
L_000001664e3deff0 .part L_000001664e3dfd10, 1, 1;
L_000001664e3def50 .part o000001664e32b588, 4, 1;
L_000001664e3df6d0 .part o000001664e32b5b8, 3, 1;
L_000001664e3e05d0 .part L_000001664e3de730, 2, 1;
L_000001664e3df310 .part L_000001664e3dfd10, 2, 1;
L_000001664e3df270 .part o000001664e32b588, 3, 1;
L_000001664e3df770 .part o000001664e32b5b8, 4, 1;
L_000001664e3df8b0 .part L_000001664e3de730, 3, 1;
L_000001664e3df130 .part L_000001664e3dfd10, 3, 1;
L_000001664e3df090 .part o000001664e32b588, 2, 1;
L_000001664e3dfa90 .part o000001664e32b5b8, 5, 1;
L_000001664e3e0c10 .part L_000001664e3de730, 4, 1;
L_000001664e3dfb30 .part L_000001664e3dfd10, 4, 1;
L_000001664e3dfbd0 .part o000001664e32b588, 1, 1;
L_000001664e3df3b0 .part o000001664e32b5b8, 6, 1;
L_000001664e3df450 .part L_000001664e3de730, 5, 1;
LS_000001664e3dfd10_0_0 .concat8 [ 1 1 1 1], L_000001664e3e7c90, L_000001664e3e8470, L_000001664e3e80f0, L_000001664e3e6f70;
LS_000001664e3dfd10_0_4 .concat8 [ 1 1 0 0], L_000001664e3e71a0, L_000001664e3e74b0;
L_000001664e3dfd10 .concat8 [ 4 2 0 0], LS_000001664e3dfd10_0_0, LS_000001664e3dfd10_0_4;
L_000001664e3e07b0 .part L_000001664e3dfd10, 5, 1;
L_000001664e3df4f0 .part o000001664e32b588, 0, 1;
L_000001664e3dfc70 .part o000001664e32b5b8, 7, 1;
LS_000001664e3dfdb0_0_0 .concat8 [ 1 1 1 1], L_000001664e319240, L_000001664e319b70, L_000001664e3db940, L_000001664e3dbb70;
LS_000001664e3dfdb0_0_4 .concat8 [ 1 1 1 1], L_000001664e3de370, L_000001664e3e42c0, L_000001664e3e6db0, L_000001664e3e7670;
L_000001664e3dfdb0 .concat8 [ 4 4 0 0], LS_000001664e3dfdb0_0_0, LS_000001664e3dfdb0_0_4;
LS_000001664e3dfef0_0_0 .concat8 [ 1 1 1 1], L_000001664e3e7210, L_000001664e3e8710, L_000001664e3e7980, L_000001664e3e8630;
LS_000001664e3dfef0_0_4 .concat8 [ 1 1 1 0], L_000001664e3e7b40, L_000001664e3e86a0, L_000001664e3e7750;
L_000001664e3dfef0 .concat8 [ 4 3 0 0], LS_000001664e3dfef0_0_0, LS_000001664e3dfef0_0_4;
S_000001664e2b6ac0 .scope module, "col1_0" "FullAdder" 2 43, 2 1 0, S_000001664e2b6930;
 .timescale 0 0;
    .port_info 0 /INPUT 1 "A";
    .port_info 1 /INPUT 1 "B";
    .port_info 2 /INPUT 1 "Cin";
    .port_info 3 /OUTPUT 1 "Sum";
    .port_info 4 /OUTPUT 1 "Cout";
L_000001664e319550 .functor XOR 1, L_000001664e319a90, L_000001664e319940, C4<0>, C4<0>;
L_000001664e393418 .functor BUFT 1, C4<0>, C4<0>, C4<0>, C4<0>;
L_000001664e319b70 .functor XOR 1, L_000001664e319550, L_000001664e393418, C4<0>, C4<0>;
L_000001664e3195c0 .functor AND 1, L_000001664e319550, L_000001664e393418, C4<1>, C4<1>;
L_000001664e3196a0 .functor AND 1, L_000001664e319940, L_000001664e319a90, C4<1>, C4<1>;
L_000001664e3198d0 .functor OR 1, L_000001664e3195c0, L_000001664e3196a0, C4<0>, C4<0>;
v000001664e31faf0_0 .net "A", 0 0, L_000001664e319a90;  1 drivers
v000001664e320590_0 .net "B", 0 0, L_000001664e319940;  1 drivers
v000001664e3209f0_0 .net "Cin", 0 0, L_000001664e393418;  1 drivers
v000001664e31fb90_0 .net "Cout", 0 0, L_000001664e3198d0;  alias, 1 drivers
v000001664e31fd70_0 .net "Sum", 0 0, L_000001664e319b70;  1 drivers
v000001664e31f5f0_0 .net "c1", 0 0, L_000001664e3195c0;  1 drivers
v000001664e3206d0_0 .net "c2", 0 0, L_000001664e3196a0;  1 drivers
v000001664e31fc30_0 .net "s1", 0 0, L_000001664e319550;  1 drivers
S_000001664e382010 .scope module, "col2_0" "FullAdder" 2 46, 2 1 0, S_000001664e2b6930;
 .timescale 0 0;
    .port_info 0 /INPUT 1 "A";
    .port_info 1 /INPUT 1 "B";
    .port_info 2 /INPUT 1 "Cin";
    .port_info 3 /OUTPUT 1 "Sum";
    .port_info 4 /OUTPUT 1 "Cout";
L_000001664e3199b0 .functor XOR 1, L_000001664e3dbbe0, L_000001664e3dbc50, C4<0>, C4<0>;
L_000001664e319010 .functor XOR 1, L_000001664e3199b0, L_000001664e3198d0, C4<0>, C4<0>;
L_000001664e318d00 .functor AND 1, L_000001664e3199b0, L_000001664e3198d0, C4<1>, C4<1>;
L_000001664e319b00 .functor AND 1, L_000001664e3dbc50, L_000001664e3dbbe0, C4<1>, C4<1>;
L_000001664e318e50 .functor OR 1, L_000001664e318d00, L_000001664e319b00, C4<0>, C4<0>;
v000001664e31fcd0_0 .net "A", 0 0, L_000001664e3dbbe0;  1 drivers
v000001664e320950_0 .net "B", 0 0, L_000001664e3dbc50;  1 drivers
v000001664e320a90_0 .net "Cin", 0 0, L_000001664e3198d0;  alias, 1 drivers
v000001664e320b30_0 .net "Cout", 0 0, L_000001664e318e50;  1 drivers
v000001664e31f4b0_0 .net "Sum", 0 0, L_000001664e319010;  alias, 1 drivers
v000001664e31f0f0_0 .net "c1", 0 0, L_000001664e318d00;  1 drivers
v000001664e31f190_0 .net "c2", 0 0, L_000001664e319b00;  1 drivers
v000001664e31f230_0 .net "s1", 0 0, L_000001664e3199b0;  1 drivers
S_000001664e3821a0 .scope module, "col2_1" "FullAdder" 2 47, 2 1 0, S_000001664e2b6930;
 .timescale 0 0;
    .port_info 0 /INPUT 1 "A";
    .port_info 1 /INPUT 1 "B";
    .port_info 2 /INPUT 1 "Cin";
    .port_info 3 /OUTPUT 1 "Sum";
    .port_info 4 /OUTPUT 1 "Cout";
L_000001664e3db4e0 .functor XOR 1, L_000001664e319010, L_000001664e3dbfd0, C4<0>, C4<0>;
L_000001664e393460 .functor BUFT 1, C4<0>, C4<0>, C4<0>, C4<0>;
L_000001664e3db940 .functor XOR 1, L_000001664e3db4e0, L_000001664e393460, C4<0>, C4<0>;
L_000001664e3dbcc0 .functor AND 1, L_000001664e3db4e0, L_000001664e393460, C4<1>, C4<1>;
L_000001664e3dbd30 .functor AND 1, L_000001664e3dbfd0, L_000001664e319010, C4<1>, C4<1>;
L_000001664e3dbb00 .functor OR 1, L_000001664e3dbcc0, L_000001664e3dbd30, C4<0>, C4<0>;
v000001664e320bd0_0 .net "A", 0 0, L_000001664e319010;  alias, 1 drivers
v000001664e31ee70_0 .net "B", 0 0, L_000001664e3dbfd0;  1 drivers
v000001664e31f550_0 .net "Cin", 0 0, L_000001664e393460;  1 drivers
v000001664e31efb0_0 .net "Cout", 0 0, L_000001664e3dbb00;  1 drivers
v000001664e31ef10_0 .net "Sum", 0 0, L_000001664e3db940;  1 drivers
v000001664e31f7d0_0 .net "c1", 0 0, L_000001664e3dbcc0;  1 drivers
v000001664e31f870_0 .net "c2", 0 0, L_000001664e3dbd30;  1 drivers
v000001664e31fff0_0 .net "s1", 0 0, L_000001664e3db4e0;  1 drivers
S_000001664e382330 .scope module, "col3_0" "FullAdder" 2 50, 2 1 0, S_000001664e2b6930;
 .timescale 0 0;
    .port_info 0 /INPUT 1 "A";
    .port_info 1 /INPUT 1 "B";
    .port_info 2 /INPUT 1 "Cin";
    .port_info 3 /OUTPUT 1 "Sum";
    .port_info 4 /OUTPUT 1 "Cout";
L_000001664e3db8d0 .functor XOR 1, L_000001664e3dc040, L_000001664e3dc120, C4<0>, C4<0>;
L_000001664e3db470 .functor XOR 1, L_000001664e3db8d0, L_000001664e3918b0, C4<0>, C4<0>;
L_000001664e3dbda0 .functor AND 1, L_000001664e3db8d0, L_000001664e3918b0, C4<1>, C4<1>;
L_000001664e3dbe10 .functor AND 1, L_000001664e3dc120, L_000001664e3dc040, C4<1>, C4<1>;
L_000001664e3dba20 .functor OR 1, L_000001664e3dbda0, L_000001664e3dbe10, C4<0>, C4<0>;
v000001664e31f910_0 .net "A", 0 0, L_000001664e3dc040;  1 drivers
v000001664e31fe10_0 .net "B", 0 0, L_000001664e3dc120;  1 drivers
v000001664e31feb0_0 .net "Cin", 0 0, L_000001664e3918b0;  1 drivers
v000001664e31ff50_0 .net "Cout", 0 0, L_000001664e3dba20;  1 drivers
v000001664e320130_0 .net "Sum", 0 0, L_000001664e3db470;  1 drivers
v000001664e3201d0_0 .net "c1", 0 0, L_000001664e3dbda0;  1 drivers
v000001664e3126d0_0 .net "c2", 0 0, L_000001664e3dbe10;  1 drivers
v000001664e3132b0_0 .net "s1", 0 0, L_000001664e3db8d0;  1 drivers
S_000001664e3824c0 .scope module, "col3_1" "FullAdder" 2 51, 2 1 0, S_000001664e2b6930;
 .timescale 0 0;
    .port_info 0 /INPUT 1 "A";
    .port_info 1 /INPUT 1 "B";
    .port_info 2 /INPUT 1 "Cin";
    .port_info 3 /OUTPUT 1 "Sum";
    .port_info 4 /OUTPUT 1 "Cout";
L_000001664e3dbe80 .functor XOR 1, L_000001664e390410, L_000001664e3db9b0, C4<0>, C4<0>;
L_000001664e3dc270 .functor XOR 1, L_000001664e3dbe80, L_000001664e3902d0, C4<0>, C4<0>;
L_000001664e3dc0b0 .functor AND 1, L_000001664e3dbe80, L_000001664e3902d0, C4<1>, C4<1>;
L_000001664e3db780 .functor AND 1, L_000001664e3db9b0, L_000001664e390410, C4<1>, C4<1>;
L_000001664e3db550 .functor OR 1, L_000001664e3dc0b0, L_000001664e3db780, C4<0>, C4<0>;
v000001664e312770_0 .net "A", 0 0, L_000001664e390410;  1 drivers
v000001664e3135d0_0 .net "B", 0 0, L_000001664e3db9b0;  1 drivers
v000001664e3121d0_0 .net "Cin", 0 0, L_000001664e3902d0;  1 drivers
v000001664e312950_0 .net "Cout", 0 0, L_000001664e3db550;  1 drivers
v000001664e3129f0_0 .net "Sum", 0 0, L_000001664e3dc270;  1 drivers
v000001664e312a90_0 .net "c1", 0 0, L_000001664e3dc0b0;  1 drivers
v000001664e313b70_0 .net "c2", 0 0, L_000001664e3db780;  1 drivers
v000001664e313a30_0 .net "s1", 0 0, L_000001664e3dbe80;  1 drivers
S_000001664e382650 .scope module, "col3_2" "FullAdder" 2 52, 2 1 0, S_000001664e2b6930;
 .timescale 0 0;
    .port_info 0 /INPUT 1 "A";
    .port_info 1 /INPUT 1 "B";
    .port_info 2 /INPUT 1 "Cin";
    .port_info 3 /OUTPUT 1 "Sum";
    .port_info 4 /OUTPUT 1 "Cout";
L_000001664e3dc190 .functor XOR 1, L_000001664e390d70, L_000001664e3dbf60, C4<0>, C4<0>;
L_000001664e3934a8 .functor BUFT 1, C4<0>, C4<0>, C4<0>, C4<0>;
L_000001664e3dbb70 .functor XOR 1, L_000001664e3dc190, L_000001664e3934a8, C4<0>, C4<0>;
L_000001664e3dbef0 .functor AND 1, L_000001664e3dc190, L_000001664e3934a8, C4<1>, C4<1>;
L_000001664e3dba90 .functor AND 1, L_000001664e3dbf60, L_000001664e390d70, C4<1>, C4<1>;
L_000001664e3db860 .functor OR 1, L_000001664e3dbef0, L_000001664e3dba90, C4<0>, C4<0>;
v000001664e2e25f0_0 .net "A", 0 0, L_000001664e390d70;  1 drivers
v000001664e2ed440_0 .net "B", 0 0, L_000001664e3dbf60;  1 drivers
v000001664e2f49e0_0 .net "Cin", 0 0, L_000001664e3934a8;  1 drivers
v000001664e2feab0_0 .net "Cout", 0 0, L_000001664e3db860;  1 drivers
v000001664e309f60_0 .net "Sum", 0 0, L_000001664e3dbb70;  1 drivers
v000001664e36dd00_0 .net "c1", 0 0, L_000001664e3dbef0;  1 drivers
v000001664e36d300_0 .net "c2", 0 0, L_000001664e3dba90;  1 drivers
v000001664e36c540_0 .net "s1", 0 0, L_000001664e3dc190;  1 drivers
S_000001664e36e000 .scope module, "col4_0" "FullAdder" 2 55, 2 1 0, S_000001664e2b6930;
 .timescale 0 0;
    .port_info 0 /INPUT 1 "A";
    .port_info 1 /INPUT 1 "B";
    .port_info 2 /INPUT 1 "Cin";
    .port_info 3 /OUTPUT 1 "Sum";
    .port_info 4 /OUTPUT 1 "Cout";
L_000001664e3dc200 .functor XOR 1, L_000001664e3db6a0, L_000001664e3db710, C4<0>, C4<0>;
L_000001664e3dc2e0 .functor XOR 1, L_000001664e3dc200, L_000001664e391770, C4<0>, C4<0>;
L_000001664e3db5c0 .functor AND 1, L_000001664e3dc200, L_000001664e391770, C4<1>, C4<1>;
L_000001664e3dc350 .functor AND 1, L_000001664e3db710, L_000001664e3db6a0, C4<1>, C4<1>;
L_000001664e3db630 .functor OR 1, L_000001664e3db5c0, L_000001664e3dc350, C4<0>, C4<0>;
v000001664e36cc20_0 .net "A", 0 0, L_000001664e3db6a0;  1 drivers
v000001664e36c860_0 .net "B", 0 0, L_000001664e3db710;  1 drivers
v000001664e36c680_0 .net "Cin", 0 0, L_000001664e391770;  1 drivers
v000001664e36d120_0 .net "Cout", 0 0, L_000001664e3db630;  1 drivers
v000001664e36dee0_0 .net "Sum", 0 0, L_000001664e3dc2e0;  1 drivers
v000001664e36d080_0 .net "c1", 0 0, L_000001664e3db5c0;  1 drivers
v000001664e36c400_0 .net "c2", 0 0, L_000001664e3dc350;  1 drivers
v000001664e36d760_0 .net "s1", 0 0, L_000001664e3dc200;  1 drivers
S_000001664e36e190 .scope module, "col4_1" "FullAdder" 2 56, 2 1 0, S_000001664e2b6930;
 .timescale 0 0;
    .port_info 0 /INPUT 1 "A";
    .port_info 1 /INPUT 1 "B";
    .port_info 2 /INPUT 1 "Cin";
    .port_info 3 /OUTPUT 1 "Sum";
    .port_info 4 /OUTPUT 1 "Cout";
L_000001664e3dd7a0 .functor XOR 1, L_000001664e391810, L_000001664e3dd880, C4<0>, C4<0>;
L_000001664e3dda40 .functor XOR 1, L_000001664e3dd7a0, L_000001664e3e1e30, C4<0>, C4<0>;
L_000001664e3dd960 .functor AND 1, L_000001664e3dd7a0, L_000001664e3e1e30, C4<1>, C4<1>;
L_000001664e3dd810 .functor AND 1, L_000001664e3dd880, L_000001664e391810, C4<1>, C4<1>;
L_000001664e3dd730 .functor OR 1, L_000001664e3dd960, L_000001664e3dd810, C4<0>, C4<0>;
v000001664e36ce00_0 .net "A", 0 0, L_000001664e391810;  1 drivers
v000001664e36c900_0 .net "B", 0 0, L_000001664e3dd880;  1 drivers
v000001664e36d1c0_0 .net "Cin", 0 0, L_000001664e3e1e30;  1 drivers
v000001664e36ccc0_0 .net "Cout", 0 0, L_000001664e3dd730;  1 drivers
v000001664e36c040_0 .net "Sum", 0 0, L_000001664e3dda40;  1 drivers
v000001664e36d440_0 .net "c1", 0 0, L_000001664e3dd960;  1 drivers
v000001664e36c9a0_0 .net "c2", 0 0, L_000001664e3dd810;  1 drivers
v000001664e36c0e0_0 .net "s1", 0 0, L_000001664e3dd7a0;  1 drivers
S_000001664e36e320 .scope module, "col4_2" "FullAdder" 2 57, 2 1 0, S_000001664e2b6930;
 .timescale 0 0;
    .port_info 0 /INPUT 1 "A";
    .port_info 1 /INPUT 1 "B";
    .port_info 2 /INPUT 1 "Cin";
    .port_info 3 /OUTPUT 1 "Sum";
    .port_info 4 /OUTPUT 1 "Cout";
L_000001664e3ddb90 .functor XOR 1, L_000001664e3e0f30, L_000001664e3ddc00, C4<0>, C4<0>;
L_000001664e3ddb20 .functor XOR 1, L_000001664e3ddb90, L_000001664e3e1610, C4<0>, C4<0>;
L_000001664e3dd9d0 .functor AND 1, L_000001664e3ddb90, L_000001664e3e1610, C4<1>, C4<1>;
L_000001664e3ddab0 .functor AND 1, L_000001664e3ddc00, L_000001664e3e0f30, C4<1>, C4<1>;
L_000001664e3de290 .functor OR 1, L_000001664e3dd9d0, L_000001664e3ddab0, C4<0>, C4<0>;
v000001664e36c720_0 .net "A", 0 0, L_000001664e3e0f30;  1 drivers
v000001664e36d580_0 .net "B", 0 0, L_000001664e3ddc00;  1 drivers
v000001664e36cb80_0 .net "Cin", 0 0, L_000001664e3e1610;  1 drivers
v000001664e36cd60_0 .net "Cout", 0 0, L_000001664e3de290;  1 drivers
v000001664e36d3a0_0 .net "Sum", 0 0, L_000001664e3ddb20;  1 drivers
v000001664e36c4a0_0 .net "c1", 0 0, L_000001664e3dd9d0;  1 drivers
v000001664e36cea0_0 .net "c2", 0 0, L_000001664e3ddab0;  1 drivers
v000001664e36d620_0 .net "s1", 0 0, L_000001664e3ddb90;  1 drivers
S_000001664e36e4b0 .scope module, "col4_3" "FullAdder" 2 58, 2 1 0, S_000001664e2b6930;
 .timescale 0 0;
    .port_info 0 /INPUT 1 "A";
    .port_info 1 /INPUT 1 "B";
    .port_info 2 /INPUT 1 "Cin";
    .port_info 3 /OUTPUT 1 "Sum";
    .port_info 4 /OUTPUT 1 "Cout";
L_000001664e3dd5e0 .functor XOR 1, L_000001664e3e21f0, L_000001664e3dd6c0, C4<0>, C4<0>;
L_000001664e3934f0 .functor BUFT 1, C4<0>, C4<0>, C4<0>, C4<0>;
L_000001664e3de370 .functor XOR 1, L_000001664e3dd5e0, L_000001664e3934f0, C4<0>, C4<0>;
L_000001664e3dd8f0 .functor AND 1, L_000001664e3dd5e0, L_000001664e3934f0, C4<1>, C4<1>;
L_000001664e3dd650 .functor AND 1, L_000001664e3dd6c0, L_000001664e3e21f0, C4<1>, C4<1>;
L_000001664e3de300 .functor OR 1, L_000001664e3dd8f0, L_000001664e3dd650, C4<0>, C4<0>;
v000001664e36de40_0 .net "A", 0 0, L_000001664e3e21f0;  1 drivers
v000001664e36cf40_0 .net "B", 0 0, L_000001664e3dd6c0;  1 drivers
v000001664e36d9e0_0 .net "Cin", 0 0, L_000001664e3934f0;  1 drivers
v000001664e36cfe0_0 .net "Cout", 0 0, L_000001664e3de300;  1 drivers
v000001664e36dbc0_0 .net "Sum", 0 0, L_000001664e3de370;  1 drivers
v000001664e36c7c0_0 .net "c1", 0 0, L_000001664e3dd8f0;  1 drivers
v000001664e36ca40_0 .net "c2", 0 0, L_000001664e3dd650;  1 drivers
v000001664e36c180_0 .net "s1", 0 0, L_000001664e3dd5e0;  1 drivers
S_000001664e36e640 .scope module, "col5_0" "FullAdder" 2 61, 2 1 0, S_000001664e2b6930;
 .timescale 0 0;
    .port_info 0 /INPUT 1 "A";
    .port_info 1 /INPUT 1 "B";
    .port_info 2 /INPUT 1 "Cin";
    .port_info 3 /OUTPUT 1 "Sum";
    .port_info 4 /OUTPUT 1 "Cout";
L_000001664e3de0d0 .functor XOR 1, L_000001664e3dd490, L_000001664e3de060, C4<0>, C4<0>;
L_000001664e3ddf80 .functor XOR 1, L_000001664e3de0d0, L_000001664e3e11b0, C4<0>, C4<0>;
L_000001664e3ddc70 .functor AND 1, L_000001664e3de0d0, L_000001664e3e11b0, C4<1>, C4<1>;
L_000001664e3ddce0 .functor AND 1, L_000001664e3de060, L_000001664e3dd490, C4<1>, C4<1>;
L_000001664e3ddd50 .functor OR 1, L_000001664e3ddc70, L_000001664e3ddce0, C4<0>, C4<0>;
v000001664e36d260_0 .net "A", 0 0, L_000001664e3dd490;  1 drivers
v000001664e36d4e0_0 .net "B", 0 0, L_000001664e3de060;  1 drivers
v000001664e36c220_0 .net "Cin", 0 0, L_000001664e3e11b0;  1 drivers
v000001664e36c2c0_0 .net "Cout", 0 0, L_000001664e3ddd50;  1 drivers
v000001664e36d6c0_0 .net "Sum", 0 0, L_000001664e3ddf80;  1 drivers
v000001664e36d800_0 .net "c1", 0 0, L_000001664e3ddc70;  1 drivers
v000001664e36d8a0_0 .net "c2", 0 0, L_000001664e3ddce0;  1 drivers
v000001664e36d940_0 .net "s1", 0 0, L_000001664e3de0d0;  1 drivers
S_000001664e3837f0 .scope module, "col5_1" "FullAdder" 2 62, 2 1 0, S_000001664e2b6930;
 .timescale 0 0;
    .port_info 0 /INPUT 1 "A";
    .port_info 1 /INPUT 1 "B";
    .port_info 2 /INPUT 1 "Cin";
    .port_info 3 /OUTPUT 1 "Sum";
    .port_info 4 /OUTPUT 1 "Cout";
L_000001664e3dde30 .functor XOR 1, L_000001664e3e1c50, L_000001664e3ddea0, C4<0>, C4<0>;
L_000001664e3dd500 .functor XOR 1, L_000001664e3dde30, L_000001664e3e1d90, C4<0>, C4<0>;
L_000001664e3dddc0 .functor AND 1, L_000001664e3dde30, L_000001664e3e1d90, C4<1>, C4<1>;
L_000001664e3ddff0 .functor AND 1, L_000001664e3ddea0, L_000001664e3e1c50, C4<1>, C4<1>;
L_000001664e3de220 .functor OR 1, L_000001664e3dddc0, L_000001664e3ddff0, C4<0>, C4<0>;
v000001664e36c360_0 .net "A", 0 0, L_000001664e3e1c50;  1 drivers
v000001664e36c5e0_0 .net "B", 0 0, L_000001664e3ddea0;  1 drivers
v000001664e36da80_0 .net "Cin", 0 0, L_000001664e3e1d90;  1 drivers
v000001664e36cae0_0 .net "Cout", 0 0, L_000001664e3de220;  1 drivers
v000001664e36dda0_0 .net "Sum", 0 0, L_000001664e3dd500;  1 drivers
v000001664e36db20_0 .net "c1", 0 0, L_000001664e3dddc0;  1 drivers
v000001664e36dc60_0 .net "c2", 0 0, L_000001664e3ddff0;  1 drivers
v000001664e384c90_0 .net "s1", 0 0, L_000001664e3dde30;  1 drivers
S_000001664e36e7d0 .scope module, "col5_2" "FullAdder" 2 63, 2 1 0, S_000001664e2b6930;
 .timescale 0 0;
    .port_info 0 /INPUT 1 "A";
    .port_info 1 /INPUT 1 "B";
    .port_info 2 /INPUT 1 "Cin";
    .port_info 3 /OUTPUT 1 "Sum";
    .port_info 4 /OUTPUT 1 "Cout";
L_000001664e3ddf10 .functor XOR 1, L_000001664e3e1390, L_000001664e3e3a00, C4<0>, C4<0>;
L_000001664e3de140 .functor XOR 1, L_000001664e3ddf10, L_000001664e3e2290, C4<0>, C4<0>;
L_000001664e3de1b0 .functor AND 1, L_000001664e3ddf10, L_000001664e3e2290, C4<1>, C4<1>;
L_000001664e3dd570 .functor AND 1, L_000001664e3e3a00, L_000001664e3e1390, C4<1>, C4<1>;
L_000001664e3db7f0 .functor OR 1, L_000001664e3de1b0, L_000001664e3dd570, C4<0>, C4<0>;
v000001664e383d90_0 .net "A", 0 0, L_000001664e3e1390;  1 drivers
v000001664e385410_0 .net "B", 0 0, L_000001664e3e3a00;  1 drivers
v000001664e383c50_0 .net "Cin", 0 0, L_000001664e3e2290;  1 drivers
v000001664e385690_0 .net "Cout", 0 0, L_000001664e3db7f0;  1 drivers
v000001664e384d30_0 .net "Sum", 0 0, L_000001664e3de140;  1 drivers
v000001664e3855f0_0 .net "c1", 0 0, L_000001664e3de1b0;  1 drivers
v000001664e3848d0_0 .net "c2", 0 0, L_000001664e3dd570;  1 drivers
v000001664e384970_0 .net "s1", 0 0, L_000001664e3ddf10;  1 drivers
S_000001664e36e960 .scope module, "col5_3" "FullAdder" 2 64, 2 1 0, S_000001664e2b6930;
 .timescale 0 0;
    .port_info 0 /INPUT 1 "A";
    .port_info 1 /INPUT 1 "B";
    .port_info 2 /INPUT 1 "Cin";
    .port_info 3 /OUTPUT 1 "Sum";
    .port_info 4 /OUTPUT 1 "Cout";
L_000001664e3e4090 .functor XOR 1, L_000001664e3e1a70, L_000001664e3e4020, C4<0>, C4<0>;
L_000001664e3e3f40 .functor XOR 1, L_000001664e3e4090, L_000001664e3e1bb0, C4<0>, C4<0>;
L_000001664e3e4410 .functor AND 1, L_000001664e3e4090, L_000001664e3e1bb0, C4<1>, C4<1>;
L_000001664e3e4100 .functor AND 1, L_000001664e3e4020, L_000001664e3e1a70, C4<1>, C4<1>;
L_000001664e3e44f0 .functor OR 1, L_000001664e3e4410, L_000001664e3e4100, C4<0>, C4<0>;
v000001664e3843d0_0 .net "A", 0 0, L_000001664e3e1a70;  1 drivers
v000001664e383cf0_0 .net "B", 0 0, L_000001664e3e4020;  1 drivers
v000001664e384dd0_0 .net "Cin", 0 0, L_000001664e3e1bb0;  1 drivers
v000001664e3857d0_0 .net "Cout", 0 0, L_000001664e3e44f0;  1 drivers
v000001664e385230_0 .net "Sum", 0 0, L_000001664e3e3f40;  1 drivers
v000001664e385870_0 .net "c1", 0 0, L_000001664e3e4410;  1 drivers
v000001664e384f10_0 .net "c2", 0 0, L_000001664e3e4100;  1 drivers
v000001664e384e70_0 .net "s1", 0 0, L_000001664e3e4090;  1 drivers
S_000001664e36eaf0 .scope module, "col5_4" "FullAdder" 2 65, 2 1 0, S_000001664e2b6930;
 .timescale 0 0;
    .port_info 0 /INPUT 1 "A";
    .port_info 1 /INPUT 1 "B";
    .port_info 2 /INPUT 1 "Cin";
    .port_info 3 /OUTPUT 1 "Sum";
    .port_info 4 /OUTPUT 1 "Cout";
L_000001664e3e46b0 .functor XOR 1, L_000001664e3e1f70, L_000001664e3e3ed0, C4<0>, C4<0>;
L_000001664e393538 .functor BUFT 1, C4<0>, C4<0>, C4<0>, C4<0>;
L_000001664e3e42c0 .functor XOR 1, L_000001664e3e46b0, L_000001664e393538, C4<0>, C4<0>;
L_000001664e3e4480 .functor AND 1, L_000001664e3e46b0, L_000001664e393538, C4<1>, C4<1>;
L_000001664e3e4330 .functor AND 1, L_000001664e3e3ed0, L_000001664e3e1f70, C4<1>, C4<1>;
L_000001664e3e3e60 .functor OR 1, L_000001664e3e4480, L_000001664e3e4330, C4<0>, C4<0>;
v000001664e3841f0_0 .net "A", 0 0, L_000001664e3e1f70;  1 drivers
v000001664e385730_0 .net "B", 0 0, L_000001664e3e3ed0;  1 drivers
v000001664e384fb0_0 .net "Cin", 0 0, L_000001664e393538;  1 drivers
v000001664e383e30_0 .net "Cout", 0 0, L_000001664e3e3e60;  1 drivers
v000001664e385050_0 .net "Sum", 0 0, L_000001664e3e42c0;  1 drivers
v000001664e3846f0_0 .net "c1", 0 0, L_000001664e3e4480;  1 drivers
v000001664e383ed0_0 .net "c2", 0 0, L_000001664e3e4330;  1 drivers
v000001664e384790_0 .net "s1", 0 0, L_000001664e3e46b0;  1 drivers
S_000001664e36ec80 .scope module, "col6_0" "FullAdder" 2 68, 2 1 0, S_000001664e2b6930;
 .timescale 0 0;
    .port_info 0 /INPUT 1 "A";
    .port_info 1 /INPUT 1 "B";
    .port_info 2 /INPUT 1 "Cin";
    .port_info 3 /OUTPUT 1 "Sum";
    .port_info 4 /OUTPUT 1 "Cout";
L_000001664e3e4560 .functor XOR 1, L_000001664e3e3b50, L_000001664e3e4720, C4<0>, C4<0>;
L_000001664e3e4640 .functor XOR 1, L_000001664e3e4560, L_000001664e3e0710, C4<0>, C4<0>;
L_000001664e3e3d10 .functor AND 1, L_000001664e3e4560, L_000001664e3e0710, C4<1>, C4<1>;
L_000001664e3e3bc0 .functor AND 1, L_000001664e3e4720, L_000001664e3e3b50, C4<1>, C4<1>;
L_000001664e3e4790 .functor OR 1, L_000001664e3e3d10, L_000001664e3e3bc0, C4<0>, C4<0>;
v000001664e384330_0 .net "A", 0 0, L_000001664e3e3b50;  1 drivers
v000001664e383f70_0 .net "B", 0 0, L_000001664e3e4720;  1 drivers
v000001664e384b50_0 .net "Cin", 0 0, L_000001664e3e0710;  1 drivers
v000001664e3839d0_0 .net "Cout", 0 0, L_000001664e3e4790;  1 drivers
v000001664e383a70_0 .net "Sum", 0 0, L_000001664e3e4640;  1 drivers
v000001664e384010_0 .net "c1", 0 0, L_000001664e3e3d10;  1 drivers
v000001664e3852d0_0 .net "c2", 0 0, L_000001664e3e3bc0;  1 drivers
v000001664e383b10_0 .net "s1", 0 0, L_000001664e3e4560;  1 drivers
S_000001664e3867f0 .scope module, "col6_1" "FullAdder" 2 69, 2 1 0, S_000001664e2b6930;
 .timescale 0 0;
    .port_info 0 /INPUT 1 "A";
    .port_info 1 /INPUT 1 "B";
    .port_info 2 /INPUT 1 "Cin";
    .port_info 3 /OUTPUT 1 "Sum";
    .port_info 4 /OUTPUT 1 "Cout";
L_000001664e3e45d0 .functor XOR 1, L_000001664e3df950, L_000001664e3e3df0, C4<0>, C4<0>;
L_000001664e3e38b0 .functor XOR 1, L_000001664e3e45d0, L_000001664e3ded70, C4<0>, C4<0>;
L_000001664e3e3920 .functor AND 1, L_000001664e3e45d0, L_000001664e3ded70, C4<1>, C4<1>;
L_000001664e3e3990 .functor AND 1, L_000001664e3e3df0, L_000001664e3df950, C4<1>, C4<1>;
L_000001664e3e3a70 .functor OR 1, L_000001664e3e3920, L_000001664e3e3990, C4<0>, C4<0>;
v000001664e383bb0_0 .net "A", 0 0, L_000001664e3df950;  1 drivers
v000001664e3850f0_0 .net "B", 0 0, L_000001664e3e3df0;  1 drivers
v000001664e385370_0 .net "Cin", 0 0, L_000001664e3ded70;  1 drivers
v000001664e384290_0 .net "Cout", 0 0, L_000001664e3e3a70;  1 drivers
v000001664e3840b0_0 .net "Sum", 0 0, L_000001664e3e38b0;  1 drivers
v000001664e384150_0 .net "c1", 0 0, L_000001664e3e3920;  1 drivers
v000001664e384470_0 .net "c2", 0 0, L_000001664e3e3990;  1 drivers
v000001664e385190_0 .net "s1", 0 0, L_000001664e3e45d0;  1 drivers
S_000001664e3864d0 .scope module, "col6_2" "FullAdder" 2 70, 2 1 0, S_000001664e2b6930;
 .timescale 0 0;
    .port_info 0 /INPUT 1 "A";
    .port_info 1 /INPUT 1 "B";
    .port_info 2 /INPUT 1 "Cin";
    .port_info 3 /OUTPUT 1 "Sum";
    .port_info 4 /OUTPUT 1 "Cout";
L_000001664e3e4170 .functor XOR 1, L_000001664e3df1d0, L_000001664e3e3ca0, C4<0>, C4<0>;
L_000001664e3e3ae0 .functor XOR 1, L_000001664e3e4170, L_000001664e3e0210, C4<0>, C4<0>;
L_000001664e3e3d80 .functor AND 1, L_000001664e3e4170, L_000001664e3e0210, C4<1>, C4<1>;
L_000001664e3e43a0 .functor AND 1, L_000001664e3e3ca0, L_000001664e3df1d0, C4<1>, C4<1>;
L_000001664e3e3c30 .functor OR 1, L_000001664e3e3d80, L_000001664e3e43a0, C4<0>, C4<0>;
v000001664e384510_0 .net "A", 0 0, L_000001664e3df1d0;  1 drivers
v000001664e3854b0_0 .net "B", 0 0, L_000001664e3e3ca0;  1 drivers
v000001664e3845b0_0 .net "Cin", 0 0, L_000001664e3e0210;  1 drivers
v000001664e384650_0 .net "Cout", 0 0, L_000001664e3e3c30;  1 drivers
v000001664e384830_0 .net "Sum", 0 0, L_000001664e3e3ae0;  1 drivers
v000001664e385550_0 .net "c1", 0 0, L_000001664e3e3d80;  1 drivers
v000001664e384a10_0 .net "c2", 0 0, L_000001664e3e43a0;  1 drivers
v000001664e384ab0_0 .net "s1", 0 0, L_000001664e3e4170;  1 drivers
S_000001664e3859e0 .scope module, "col6_3" "FullAdder" 2 71, 2 1 0, S_000001664e2b6930;
 .timescale 0 0;
    .port_info 0 /INPUT 1 "A";
    .port_info 1 /INPUT 1 "B";
    .port_info 2 /INPUT 1 "Cin";
    .port_info 3 /OUTPUT 1 "Sum";
    .port_info 4 /OUTPUT 1 "Cout";
L_000001664e3e3fb0 .functor XOR 1, L_000001664e3de7d0, L_000001664e3e88d0, C4<0>, C4<0>;
L_000001664e3e41e0 .functor XOR 1, L_000001664e3e3fb0, L_000001664e3e08f0, C4<0>, C4<0>;
L_000001664e3e4250 .functor AND 1, L_000001664e3e3fb0, L_000001664e3e08f0, C4<1>, C4<1>;
L_000001664e3e8010 .functor AND 1, L_000001664e3e88d0, L_000001664e3de7d0, C4<1>, C4<1>;
L_000001664e3e7830 .functor OR 1, L_000001664e3e4250, L_000001664e3e8010, C4<0>, C4<0>;
v000001664e384bf0_0 .net "A", 0 0, L_000001664e3de7d0;  1 drivers
v000001664e38b390_0 .net "B", 0 0, L_000001664e3e88d0;  1 drivers
v000001664e38a710_0 .net "Cin", 0 0, L_000001664e3e08f0;  1 drivers
v000001664e38b430_0 .net "Cout", 0 0, L_000001664e3e7830;  1 drivers
v000001664e38a7b0_0 .net "Sum", 0 0, L_000001664e3e41e0;  1 drivers
v000001664e38b2f0_0 .net "c1", 0 0, L_000001664e3e4250;  1 drivers
v000001664e38b570_0 .net "c2", 0 0, L_000001664e3e8010;  1 drivers
v000001664e38b750_0 .net "s1", 0 0, L_000001664e3e3fb0;  1 drivers
S_000001664e386660 .scope module, "col6_4" "FullAdder" 2 72, 2 1 0, S_000001664e2b6930;
 .timescale 0 0;
    .port_info 0 /INPUT 1 "A";
    .port_info 1 /INPUT 1 "B";
    .port_info 2 /INPUT 1 "Cin";
    .port_info 3 /OUTPUT 1 "Sum";
    .port_info 4 /OUTPUT 1 "Cout";
L_000001664e3e8940 .functor XOR 1, L_000001664e3df590, L_000001664e3e84e0, C4<0>, C4<0>;
L_000001664e3e6fe0 .functor XOR 1, L_000001664e3e8940, L_000001664e3e0670, C4<0>, C4<0>;
L_000001664e3e8860 .functor AND 1, L_000001664e3e8940, L_000001664e3e0670, C4<1>, C4<1>;
L_000001664e3e7910 .functor AND 1, L_000001664e3e84e0, L_000001664e3df590, C4<1>, C4<1>;
L_000001664e3e7ad0 .functor OR 1, L_000001664e3e8860, L_000001664e3e7910, C4<0>, C4<0>;
v000001664e38ad50_0 .net "A", 0 0, L_000001664e3df590;  1 drivers
v000001664e38b250_0 .net "B", 0 0, L_000001664e3e84e0;  1 drivers
v000001664e38af30_0 .net "Cin", 0 0, L_000001664e3e0670;  1 drivers
v000001664e38a3f0_0 .net "Cout", 0 0, L_000001664e3e7ad0;  1 drivers
v000001664e38ab70_0 .net "Sum", 0 0, L_000001664e3e6fe0;  1 drivers
v000001664e38a670_0 .net "c1", 0 0, L_000001664e3e8860;  1 drivers
v000001664e38b4d0_0 .net "c2", 0 0, L_000001664e3e7910;  1 drivers
v000001664e38a850_0 .net "s1", 0 0, L_000001664e3e8940;  1 drivers
S_000001664e385b70 .scope module, "col6_5" "FullAdder" 2 73, 2 1 0, S_000001664e2b6930;
 .timescale 0 0;
    .port_info 0 /INPUT 1 "A";
    .port_info 1 /INPUT 1 "B";
    .port_info 2 /INPUT 1 "Cin";
    .port_info 3 /OUTPUT 1 "Sum";
    .port_info 4 /OUTPUT 1 "Cout";
L_000001664e3e70c0 .functor XOR 1, L_000001664e3e0990, L_000001664e3e8240, C4<0>, C4<0>;
L_000001664e393580 .functor BUFT 1, C4<0>, C4<0>, C4<0>, C4<0>;
L_000001664e3e6db0 .functor XOR 1, L_000001664e3e70c0, L_000001664e393580, C4<0>, C4<0>;
L_000001664e3e82b0 .functor AND 1, L_000001664e3e70c0, L_000001664e393580, C4<1>, C4<1>;
L_000001664e3e6e20 .functor AND 1, L_000001664e3e8240, L_000001664e3e0990, C4<1>, C4<1>;
L_000001664e3e79f0 .functor OR 1, L_000001664e3e82b0, L_000001664e3e6e20, C4<0>, C4<0>;
v000001664e38b610_0 .net "A", 0 0, L_000001664e3e0990;  1 drivers
v000001664e38ac10_0 .net "B", 0 0, L_000001664e3e8240;  1 drivers
v000001664e38a990_0 .net "Cin", 0 0, L_000001664e393580;  1 drivers
v000001664e38b6b0_0 .net "Cout", 0 0, L_000001664e3e79f0;  1 drivers
v000001664e38acb0_0 .net "Sum", 0 0, L_000001664e3e6db0;  1 drivers
v000001664e38ae90_0 .net "c1", 0 0, L_000001664e3e82b0;  1 drivers
v000001664e38a210_0 .net "c2", 0 0, L_000001664e3e6e20;  1 drivers
v000001664e38b7f0_0 .net "s1", 0 0, L_000001664e3e70c0;  1 drivers
S_000001664e385d00 .scope module, "col7_0" "FullAdder" 2 76, 2 1 0, S_000001664e2b6930;
 .timescale 0 0;
    .port_info 0 /INPUT 1 "A";
    .port_info 1 /INPUT 1 "B";
    .port_info 2 /INPUT 1 "Cin";
    .port_info 3 /OUTPUT 1 "Sum";
    .port_info 4 /OUTPUT 1 "Cout";
L_000001664e3e7520 .functor XOR 1, L_000001664e3e8550, L_000001664e3e8390, C4<0>, C4<0>;
L_000001664e3e7c90 .functor XOR 1, L_000001664e3e7520, L_000001664e3e0530, C4<0>, C4<0>;
L_000001664e3e8320 .functor AND 1, L_000001664e3e7520, L_000001664e3e0530, C4<1>, C4<1>;
L_000001664e3e6e90 .functor AND 1, L_000001664e3e8390, L_000001664e3e8550, C4<1>, C4<1>;
L_000001664e3e7210 .functor OR 1, L_000001664e3e8320, L_000001664e3e6e90, C4<0>, C4<0>;
v000001664e38a350_0 .net "A", 0 0, L_000001664e3e8550;  1 drivers
v000001664e38b890_0 .net "B", 0 0, L_000001664e3e8390;  1 drivers
v000001664e38adf0_0 .net "Cin", 0 0, L_000001664e3e0530;  1 drivers
v000001664e38a8f0_0 .net "Cout", 0 0, L_000001664e3e7210;  1 drivers
v000001664e38afd0_0 .net "Sum", 0 0, L_000001664e3e7c90;  1 drivers
v000001664e38b070_0 .net "c1", 0 0, L_000001664e3e8320;  1 drivers
v000001664e38aa30_0 .net "c2", 0 0, L_000001664e3e6e90;  1 drivers
v000001664e38a2b0_0 .net "s1", 0 0, L_000001664e3e7520;  1 drivers
S_000001664e3861b0 .scope module, "col7_1" "FullAdder" 2 77, 2 1 0, S_000001664e2b6930;
 .timescale 0 0;
    .port_info 0 /INPUT 1 "A";
    .port_info 1 /INPUT 1 "B";
    .port_info 2 /INPUT 1 "Cin";
    .port_info 3 /OUTPUT 1 "Sum";
    .port_info 4 /OUTPUT 1 "Cout";
L_000001664e3e8400 .functor XOR 1, L_000001664e3e0ad0, L_000001664e3e8080, C4<0>, C4<0>;
L_000001664e3e8470 .functor XOR 1, L_000001664e3e8400, L_000001664e3e0b70, C4<0>, C4<0>;
L_000001664e3e7ec0 .functor AND 1, L_000001664e3e8400, L_000001664e3e0b70, C4<1>, C4<1>;
L_000001664e3e7130 .functor AND 1, L_000001664e3e8080, L_000001664e3e0ad0, C4<1>, C4<1>;
L_000001664e3e8710 .functor OR 1, L_000001664e3e7ec0, L_000001664e3e7130, C4<0>, C4<0>;
v000001664e38a490_0 .net "A", 0 0, L_000001664e3e0ad0;  1 drivers
v000001664e38aad0_0 .net "B", 0 0, L_000001664e3e8080;  1 drivers
v000001664e38b110_0 .net "Cin", 0 0, L_000001664e3e0b70;  1 drivers
v000001664e38b1b0_0 .net "Cout", 0 0, L_000001664e3e8710;  1 drivers
v000001664e38a530_0 .net "Sum", 0 0, L_000001664e3e8470;  1 drivers
v000001664e38a5d0_0 .net "c1", 0 0, L_000001664e3e7ec0;  1 drivers
v000001664e388ff0_0 .net "c2", 0 0, L_000001664e3e7130;  1 drivers
v000001664e389ef0_0 .net "s1", 0 0, L_000001664e3e8400;  1 drivers
S_000001664e385e90 .scope module, "col7_2" "FullAdder" 2 78, 2 1 0, S_000001664e2b6930;
 .timescale 0 0;
    .port_info 0 /INPUT 1 "A";
    .port_info 1 /INPUT 1 "B";
    .port_info 2 /INPUT 1 "Cin";
    .port_info 3 /OUTPUT 1 "Sum";
    .port_info 4 /OUTPUT 1 "Cout";
L_000001664e3e8160 .functor XOR 1, L_000001664e3deff0, L_000001664e3e7280, C4<0>, C4<0>;
L_000001664e3e80f0 .functor XOR 1, L_000001664e3e8160, L_000001664e3e05d0, C4<0>, C4<0>;
L_000001664e3e78a0 .functor AND 1, L_000001664e3e8160, L_000001664e3e05d0, C4<1>, C4<1>;
L_000001664e3e85c0 .functor AND 1, L_000001664e3e7280, L_000001664e3deff0, C4<1>, C4<1>;
L_000001664e3e7980 .functor OR 1, L_000001664e3e78a0, L_000001664e3e85c0, C4<0>, C4<0>;
v000001664e388410_0 .net "A", 0 0, L_000001664e3deff0;  1 drivers
v000001664e389310_0 .net "B", 0 0, L_000001664e3e7280;  1 drivers
v000001664e388050_0 .net "Cin", 0 0, L_000001664e3e05d0;  1 drivers
v000001664e388370_0 .net "Cout", 0 0, L_000001664e3e7980;  1 drivers
v000001664e389a90_0 .net "Sum", 0 0, L_000001664e3e80f0;  1 drivers
v000001664e389590_0 .net "c1", 0 0, L_000001664e3e78a0;  1 drivers
v000001664e3884b0_0 .net "c2", 0 0, L_000001664e3e85c0;  1 drivers
v000001664e389090_0 .net "s1", 0 0, L_000001664e3e8160;  1 drivers
S_000001664e386020 .scope module, "col7_3" "FullAdder" 2 79, 2 1 0, S_000001664e2b6930;
 .timescale 0 0;
    .port_info 0 /INPUT 1 "A";
    .port_info 1 /INPUT 1 "B";
    .port_info 2 /INPUT 1 "Cin";
    .port_info 3 /OUTPUT 1 "Sum";
    .port_info 4 /OUTPUT 1 "Cout";
L_000001664e3e6f00 .functor XOR 1, L_000001664e3df310, L_000001664e3e87f0, C4<0>, C4<0>;
L_000001664e3e6f70 .functor XOR 1, L_000001664e3e6f00, L_000001664e3df8b0, C4<0>, C4<0>;
L_000001664e3e7360 .functor AND 1, L_000001664e3e6f00, L_000001664e3df8b0, C4<1>, C4<1>;
L_000001664e3e7050 .functor AND 1, L_000001664e3e87f0, L_000001664e3df310, C4<1>, C4<1>;
L_000001664e3e8630 .functor OR 1, L_000001664e3e7360, L_000001664e3e7050, C4<0>, C4<0>;
v000001664e388910_0 .net "A", 0 0, L_000001664e3df310;  1 drivers
v000001664e388550_0 .net "B", 0 0, L_000001664e3e87f0;  1 drivers
v000001664e3893b0_0 .net "Cin", 0 0, L_000001664e3df8b0;  1 drivers
v000001664e3885f0_0 .net "Cout", 0 0, L_000001664e3e8630;  1 drivers
v000001664e388730_0 .net "Sum", 0 0, L_000001664e3e6f70;  1 drivers
v000001664e3887d0_0 .net "c1", 0 0, L_000001664e3e7360;  1 drivers
v000001664e389130_0 .net "c2", 0 0, L_000001664e3e7050;  1 drivers
v000001664e387bf0_0 .net "s1", 0 0, L_000001664e3e6f00;  1 drivers
S_000001664e386340 .scope module, "col7_4" "FullAdder" 2 80, 2 1 0, S_000001664e2b6930;
 .timescale 0 0;
    .port_info 0 /INPUT 1 "A";
    .port_info 1 /INPUT 1 "B";
    .port_info 2 /INPUT 1 "Cin";
    .port_info 3 /OUTPUT 1 "Sum";
    .port_info 4 /OUTPUT 1 "Cout";
L_000001664e3e8780 .functor XOR 1, L_000001664e3df130, L_000001664e3e73d0, C4<0>, C4<0>;
L_000001664e3e71a0 .functor XOR 1, L_000001664e3e8780, L_000001664e3e0c10, C4<0>, C4<0>;
L_000001664e3e7a60 .functor AND 1, L_000001664e3e8780, L_000001664e3e0c10, C4<1>, C4<1>;
L_000001664e3e72f0 .functor AND 1, L_000001664e3e73d0, L_000001664e3df130, C4<1>, C4<1>;
L_000001664e3e7b40 .functor OR 1, L_000001664e3e7a60, L_000001664e3e72f0, C4<0>, C4<0>;
v000001664e389450_0 .net "A", 0 0, L_000001664e3df130;  1 drivers
v000001664e388cd0_0 .net "B", 0 0, L_000001664e3e73d0;  1 drivers
v000001664e3894f0_0 .net "Cin", 0 0, L_000001664e3e0c10;  1 drivers
v000001664e388690_0 .net "Cout", 0 0, L_000001664e3e7b40;  1 drivers
v000001664e388c30_0 .net "Sum", 0 0, L_000001664e3e71a0;  1 drivers
v000001664e3880f0_0 .net "c1", 0 0, L_000001664e3e7a60;  1 drivers
v000001664e388870_0 .net "c2", 0 0, L_000001664e3e72f0;  1 drivers
v000001664e3882d0_0 .net "s1", 0 0, L_000001664e3e8780;  1 drivers
S_000001664e38d7c0 .scope module, "col7_5" "FullAdder" 2 81, 2 1 0, S_000001664e2b6930;
 .timescale 0 0;
    .port_info 0 /INPUT 1 "A";
    .port_info 1 /INPUT 1 "B";
    .port_info 2 /INPUT 1 "Cin";
    .port_info 3 /OUTPUT 1 "Sum";
    .port_info 4 /OUTPUT 1 "Cout";
L_000001664e3e7440 .functor XOR 1, L_000001664e3dfb30, L_000001664e3e7600, C4<0>, C4<0>;
L_000001664e3e74b0 .functor XOR 1, L_000001664e3e7440, L_000001664e3df450, C4<0>, C4<0>;
L_000001664e3e7590 .functor AND 1, L_000001664e3e7440, L_000001664e3df450, C4<1>, C4<1>;
L_000001664e3e7c20 .functor AND 1, L_000001664e3e7600, L_000001664e3dfb30, C4<1>, C4<1>;
L_000001664e3e86a0 .functor OR 1, L_000001664e3e7590, L_000001664e3e7c20, C4<0>, C4<0>;
v000001664e3889b0_0 .net "A", 0 0, L_000001664e3dfb30;  1 drivers
v000001664e389f90_0 .net "B", 0 0, L_000001664e3e7600;  1 drivers
v000001664e387a10_0 .net "Cin", 0 0, L_000001664e3df450;  1 drivers
v000001664e387e70_0 .net "Cout", 0 0, L_000001664e3e86a0;  1 drivers
v000001664e389bd0_0 .net "Sum", 0 0, L_000001664e3e74b0;  1 drivers
v000001664e3891d0_0 .net "c1", 0 0, L_000001664e3e7590;  1 drivers
v000001664e387f10_0 .net "c2", 0 0, L_000001664e3e7c20;  1 drivers
v000001664e38a0d0_0 .net "s1", 0 0, L_000001664e3e7440;  1 drivers
S_000001664e38bd30 .scope module, "col7_6" "FullAdder" 2 82, 2 1 0, S_000001664e2b6930;
 .timescale 0 0;
    .port_info 0 /INPUT 1 "A";
    .port_info 1 /INPUT 1 "B";
    .port_info 2 /INPUT 1 "Cin";
    .port_info 3 /OUTPUT 1 "Sum";
    .port_info 4 /OUTPUT 1 "Cout";
L_000001664e3e7d00 .functor XOR 1, L_000001664e3e07b0, L_000001664e3e77c0, C4<0>, C4<0>;
L_000001664e3935c8 .functor BUFT 1, C4<0>, C4<0>, C4<0>, C4<0>;
L_000001664e3e7670 .functor XOR 1, L_000001664e3e7d00, L_000001664e3935c8, C4<0>, C4<0>;
L_000001664e3e76e0 .functor AND 1, L_000001664e3e7d00, L_000001664e3935c8, C4<1>, C4<1>;
L_000001664e3e81d0 .functor AND 1, L_000001664e3e77c0, L_000001664e3e07b0, C4<1>, C4<1>;
L_000001664e3e7750 .functor OR 1, L_000001664e3e76e0, L_000001664e3e81d0, C4<0>, C4<0>;
v000001664e387b50_0 .net "A", 0 0, L_000001664e3e07b0;  1 drivers
v000001664e389630_0 .net "B", 0 0, L_000001664e3e77c0;  1 drivers
v000001664e389e50_0 .net "Cin", 0 0, L_000001664e3935c8;  1 drivers
v000001664e3896d0_0 .net "Cout", 0 0, L_000001664e3e7750;  1 drivers
v000001664e389770_0 .net "Sum", 0 0, L_000001664e3e7670;  1 drivers
v000001664e3899f0_0 .net "c1", 0 0, L_000001664e3e76e0;  1 drivers
v000001664e388a50_0 .net "c2", 0 0, L_000001664e3e81d0;  1 drivers
v000001664e389810_0 .net "s1", 0 0, L_000001664e3e7d00;  1 drivers
# The file index is used to find the file name in the following table.
:file_names 3;
    "N/A";
    "<interactive>";
    "Mult.v";
