#! /c/Source/iverilog-install/bin/vvp
:ivl_version "12.0 (devel)" "(s20150603-1539-g2693dd32b)";
:ivl_delay_selection "TYPICAL";
:vpi_time_precision + 0;
:vpi_module "C:\iverilog\lib\ivl\system.vpi";
:vpi_module "C:\iverilog\lib\ivl\vhdl_sys.vpi";
:vpi_module "C:\iverilog\lib\ivl\vhdl_textio.vpi";
:vpi_module "C:\iverilog\lib\ivl\v2005_math.vpi";
:vpi_module "C:\iverilog\lib\ivl\va_math.vpi";
S_000002454fe5da20 .scope module, "test_ror" "test_ror" 2 35;
 .timescale 0 0;
v000002454fe5ac90_0 .var "amount", 7 0;
v000002454fe5ad30_0 .var "data", 7 0;
v000002454fe5add0_0 .net "out", 7 0, v000002454fe5dd40_0;  1 drivers
S_000002454fe5dbb0 .scope module, "uut" "ror" 2 41, 2 1 0, S_000002454fe5da20;
 .timescale 0 0;
    .port_info 0 /INPUT 8 "data";
    .port_info 1 /INPUT 8 "amount";
    .port_info 2 /OUTPUT 8 "out";
v000002454fd02fe0_0 .net "amount", 7 0, v000002454fe5ac90_0;  1 drivers
v000002454fe5bde0_0 .net "amt", 2 0, L_000002454fe5ae70;  1 drivers
v000002454fe5be80_0 .net "data", 7 0, v000002454fe5ad30_0;  1 drivers
v000002454fe5dd40_0 .var "out", 7 0;
v000002454fe5dde0_0 .var "stage0", 7 0;
v000002454fe5abf0_0 .var "stage1", 7 0;
E_000002454fd253e0 .event anyedge, v000002454fe5bde0_0, v000002454fe5be80_0, v000002454fe5dde0_0, v000002454fe5abf0_0;
L_000002454fe5ae70 .part v000002454fe5ac90_0, 0, 3;
    .scope S_000002454fe5dbb0;
T_0 ;
    %wait E_000002454fd253e0;
    %load/vec4 v000002454fe5bde0_0;
    %parti/s 1, 0, 2;
    %flag_set/vec4 8;
    %jmp/0xz  T_0.0, 8;
    %load/vec4 v000002454fe5be80_0;
    %parti/s 1, 0, 2;
    %load/vec4 v000002454fe5be80_0;
    %parti/s 7, 1, 2;
    %concat/vec4; draw_concat_vec4
    %store/vec4 v000002454fe5dde0_0, 0, 8;
    %jmp T_0.1;
T_0.0 ;
    %load/vec4 v000002454fe5be80_0;
    %store/vec4 v000002454fe5dde0_0, 0, 8;
T_0.1 ;
    %load/vec4 v000002454fe5bde0_0;
    %parti/s 1, 1, 2;
    %flag_set/vec4 8;
    %jmp/0xz  T_0.2, 8;
    %load/vec4 v000002454fe5dde0_0;
    %parti/s 2, 0, 2;
    %load/vec4 v000002454fe5dde0_0;
    %parti/s 6, 2, 3;
    %concat/vec4; draw_concat_vec4
    %store/vec4 v000002454fe5abf0_0, 0, 8;
    %jmp T_0.3;
T_0.2 ;
    %load/vec4 v000002454fe5dde0_0;
    %store/vec4 v000002454fe5abf0_0, 0, 8;
T_0.3 ;
    %load/vec4 v000002454fe5bde0_0;
    %parti/s 1, 2, 3;
    %flag_set/vec4 8;
    %jmp/0xz  T_0.4, 8;
    %load/vec4 v000002454fe5abf0_0;
    %parti/s 4, 0, 2;
    %load/vec4 v000002454fe5abf0_0;
    %parti/s 4, 4, 4;
    %concat/vec4; draw_concat_vec4
    %store/vec4 v000002454fe5dd40_0, 0, 8;
    %jmp T_0.5;
T_0.4 ;
    %load/vec4 v000002454fe5abf0_0;
    %store/vec4 v000002454fe5dd40_0, 0, 8;
T_0.5 ;
    %jmp T_0;
    .thread T_0, $push;
    .scope S_000002454fe5da20;
T_1 ;
    %vpi_call 2 48 "$monitor", "Input: %b, Shift Amount: %b, Output: %b", v000002454fe5ad30_0, v000002454fe5ac90_0, v000002454fe5add0_0 {0 0 0};
    %end;
    .thread T_1;
    .scope S_000002454fe5da20;
T_2 ;
    %pushi/vec4 170, 0, 8;
    %store/vec4 v000002454fe5ad30_0, 0, 8;
    %pushi/vec4 0, 0, 8;
    %store/vec4 v000002454fe5ac90_0, 0, 8;
    %delay 10, 0;
    %pushi/vec4 170, 0, 8;
    %store/vec4 v000002454fe5ad30_0, 0, 8;
    %pushi/vec4 1, 0, 8;
    %store/vec4 v000002454fe5ac90_0, 0, 8;
    %delay 10, 0;
    %pushi/vec4 170, 0, 8;
    %store/vec4 v000002454fe5ad30_0, 0, 8;
    %pushi/vec4 2, 0, 8;
    %store/vec4 v000002454fe5ac90_0, 0, 8;
    %delay 10, 0;
    %pushi/vec4 170, 0, 8;
    %store/vec4 v000002454fe5ad30_0, 0, 8;
    %pushi/vec4 3, 0, 8;
    %store/vec4 v000002454fe5ac90_0, 0, 8;
    %delay 10, 0;
    %pushi/vec4 170, 0, 8;
    %store/vec4 v000002454fe5ad30_0, 0, 8;
    %pushi/vec4 4, 0, 8;
    %store/vec4 v000002454fe5ac90_0, 0, 8;
    %delay 10, 0;
    %pushi/vec4 170, 0, 8;
    %store/vec4 v000002454fe5ad30_0, 0, 8;
    %pushi/vec4 5, 0, 8;
    %store/vec4 v000002454fe5ac90_0, 0, 8;
    %delay 10, 0;
    %pushi/vec4 170, 0, 8;
    %store/vec4 v000002454fe5ad30_0, 0, 8;
    %pushi/vec4 6, 0, 8;
    %store/vec4 v000002454fe5ac90_0, 0, 8;
    %delay 10, 0;
    %pushi/vec4 170, 0, 8;
    %store/vec4 v000002454fe5ad30_0, 0, 8;
    %pushi/vec4 7, 0, 8;
    %store/vec4 v000002454fe5ac90_0, 0, 8;
    %delay 10, 0;
    %vpi_call 2 62 "$finish" {0 0 0};
    %end;
    .thread T_2;
# The file index is used to find the file name in the following table.
:file_names 3;
    "N/A";
    "<interactive>";
    "ror.v";
