#! /c/Source/iverilog-install/bin/vvp
:ivl_version "12.0 (devel)" "(s20150603-1539-g2693dd32b)";
:ivl_delay_selection "TYPICAL";
:vpi_time_precision + 0;
:vpi_module "C:\iverilog\lib\ivl\system.vpi";
:vpi_module "C:\iverilog\lib\ivl\vhdl_sys.vpi";
:vpi_module "C:\iverilog\lib\ivl\vhdl_textio.vpi";
:vpi_module "C:\iverilog\lib\ivl\v2005_math.vpi";
:vpi_module "C:\iverilog\lib\ivl\va_math.vpi";
S_000001f91d6f5f90 .scope module, "shiftLogical" "shiftLogical" 2 2;
 .timescale 0 0;
    .port_info 0 /INPUT 8 "data";
    .port_info 1 /INPUT 8 "amount";
    .port_info 2 /OUTPUT 8 "out";
L_000001f91d82bc20 .functor BUFZ 8, L_000001f91d7d4f20, C4<00000000>, C4<00000000>, C4<00000000>;
o000001f91d771958 .functor BUFZ 8, C4<zzzzzzzz>; HiZ drive
v000001f91d7d0d00_0 .net "amount", 7 0, o000001f91d771958;  0 drivers
o000001f91d771988 .functor BUFZ 8, C4<zzzzzzzz>; HiZ drive
v000001f91d7d17a0_0 .net "data", 7 0, o000001f91d771988;  0 drivers
v000001f91d7d1d40_0 .net "out", 7 0, L_000001f91d82bc20;  1 drivers
v000001f91d7d0ee0_0 .net "rs", 0 0, L_000001f91d7d6fa0;  1 drivers
v000001f91d7d1de0_0 .net "s0_0", 0 0, L_000001f91d763ab0;  1 drivers
v000001f91d7d0e40_0 .net "s0_1", 0 0, L_000001f91d763260;  1 drivers
v000001f91d7d12a0_0 .net "s0_2", 0 0, L_000001f91d763f10;  1 drivers
v000001f91d7d15c0_0 .net "s0_3", 0 0, L_000001f91d763500;  1 drivers
v000001f91d7d0f80_0 .net "s0_4", 0 0, L_000001f91d763570;  1 drivers
v000001f91d7d18e0_0 .net "s0_5", 0 0, L_000001f91d822230;  1 drivers
v000001f91d7d0940_0 .net "s0_6", 0 0, L_000001f91d822b60;  1 drivers
v000001f91d7d1340_0 .net "s0_7", 0 0, L_000001f91d822d20;  1 drivers
v000001f91d7d1a20_0 .net "s1_0", 0 0, L_000001f91d825720;  1 drivers
v000001f91d7d1e80_0 .net "s1_1", 0 0, L_000001f91d825aa0;  1 drivers
v000001f91d7d1f20_0 .net "s1_2", 0 0, L_000001f91d8254f0;  1 drivers
v000001f91d7d0a80_0 .net "s1_3", 0 0, L_000001f91d825330;  1 drivers
v000001f91d7d1480_0 .net "s1_4", 0 0, L_000001f91d825bf0;  1 drivers
v000001f91d7d1520_0 .net "s1_5", 0 0, L_000001f91d825db0;  1 drivers
v000001f91d7d6b40_0 .net "s1_6", 0 0, L_000001f91d826570;  1 drivers
v000001f91d7d7cc0_0 .net "s1_7", 0 0, L_000001f91d826340;  1 drivers
v000001f91d7d7c20_0 .net "s2_0", 0 0, L_000001f91d829ad0;  1 drivers
v000001f91d7d6a00_0 .net "s2_1", 0 0, L_000001f91d8293d0;  1 drivers
v000001f91d7d6be0_0 .net "s2_2", 0 0, L_000001f91d829520;  1 drivers
v000001f91d7d79a0_0 .net "s2_3", 0 0, L_000001f91d8294b0;  1 drivers
v000001f91d7d72c0_0 .net "s2_4", 0 0, L_000001f91d829ec0;  1 drivers
v000001f91d7d7180_0 .net "s2_5", 0 0, L_000001f91d829280;  1 drivers
v000001f91d7d7220_0 .net "s2_6", 0 0, L_000001f91d8292f0;  1 drivers
v000001f91d7d7f40_0 .net "s2_7", 0 0, L_000001f91d8299f0;  1 drivers
v000001f91d7d6dc0_0 .net "shamt", 2 0, L_000001f91d7d6aa0;  1 drivers
v000001f91d7d6f00_0 .net "stage0", 7 0, L_000001f91d7d40c0;  1 drivers
v000001f91d7d75e0_0 .net "stage1", 7 0, L_000001f91d7d5e20;  1 drivers
v000001f91d7d7a40_0 .net "stage2", 7 0, L_000001f91d7d4f20;  1 drivers
L_000001f91d7d6aa0 .part o000001f91d771958, 0, 3;
L_000001f91d7d6fa0 .part o000001f91d771958, 7, 1;
L_000001f91d7d74a0 .part o000001f91d771988, 1, 1;
L_000001f91d7d7360 .part o000001f91d771988, 0, 1;
L_000001f91d7d7e00 .part o000001f91d771988, 2, 1;
L_000001f91d7d6e60 .part o000001f91d771988, 1, 1;
L_000001f91d7d7ae0 .part o000001f91d771988, 3, 1;
L_000001f91d7d7d60 .part o000001f91d771988, 2, 1;
L_000001f91d7d6c80 .part o000001f91d771988, 4, 1;
L_000001f91d7d6d20 .part o000001f91d771988, 3, 1;
L_000001f91d7d7040 .part o000001f91d771988, 5, 1;
L_000001f91d7d7ea0 .part o000001f91d771988, 4, 1;
L_000001f91d7d7b80 .part o000001f91d771988, 6, 1;
L_000001f91d7d7720 .part o000001f91d771988, 5, 1;
L_000001f91d7d68c0 .part o000001f91d771988, 7, 1;
L_000001f91d7d70e0 .part o000001f91d771988, 6, 1;
L_000001f91d7d7400 .part o000001f91d771988, 0, 1;
L_000001f91d7d7540 .part L_000001f91d7d6aa0, 0, 1;
L_000001f91d7d7680 .part o000001f91d771988, 1, 1;
L_000001f91d7d6960 .part L_000001f91d7d6aa0, 0, 1;
L_000001f91d7d77c0 .part o000001f91d771988, 2, 1;
L_000001f91d7d7860 .part L_000001f91d7d6aa0, 0, 1;
L_000001f91d7d7900 .part o000001f91d771988, 3, 1;
L_000001f91d7d4340 .part L_000001f91d7d6aa0, 0, 1;
L_000001f91d7d4de0 .part o000001f91d771988, 4, 1;
L_000001f91d7d6460 .part L_000001f91d7d6aa0, 0, 1;
L_000001f91d7d63c0 .part o000001f91d771988, 5, 1;
L_000001f91d7d5060 .part L_000001f91d7d6aa0, 0, 1;
L_000001f91d7d6320 .part o000001f91d771988, 6, 1;
L_000001f91d7d4a20 .part L_000001f91d7d6aa0, 0, 1;
L_000001f91d7d43e0 .part o000001f91d771988, 7, 1;
L_000001f91d7d6500 .part L_000001f91d7d6aa0, 0, 1;
LS_000001f91d7d40c0_0_0 .concat8 [ 1 1 1 1], L_000001f91d822620, L_000001f91d822ee0, L_000001f91d822d90, L_000001f91d822f50;
LS_000001f91d7d40c0_0_4 .concat8 [ 1 1 1 1], L_000001f91d822150, L_000001f91d8225b0, L_000001f91d825fe0, L_000001f91d825100;
L_000001f91d7d40c0 .concat8 [ 4 4 0 0], LS_000001f91d7d40c0_0_0, LS_000001f91d7d40c0_0_4;
L_000001f91d7d4980 .part L_000001f91d7d40c0, 2, 1;
L_000001f91d7d5100 .part L_000001f91d7d40c0, 3, 1;
L_000001f91d7d5740 .part L_000001f91d7d40c0, 0, 1;
L_000001f91d7d4200 .part L_000001f91d7d40c0, 4, 1;
L_000001f91d7d54c0 .part L_000001f91d7d40c0, 1, 1;
L_000001f91d7d60a0 .part L_000001f91d7d40c0, 5, 1;
L_000001f91d7d4480 .part L_000001f91d7d40c0, 2, 1;
L_000001f91d7d5880 .part L_000001f91d7d40c0, 6, 1;
L_000001f91d7d5f60 .part L_000001f91d7d40c0, 3, 1;
L_000001f91d7d5d80 .part L_000001f91d7d40c0, 7, 1;
L_000001f91d7d48e0 .part L_000001f91d7d40c0, 4, 1;
L_000001f91d7d4ac0 .part L_000001f91d7d40c0, 5, 1;
L_000001f91d7d4160 .part L_000001f91d7d40c0, 0, 1;
L_000001f91d7d5b00 .part L_000001f91d7d6aa0, 1, 1;
L_000001f91d7d42a0 .part L_000001f91d7d40c0, 1, 1;
L_000001f91d7d5ba0 .part L_000001f91d7d6aa0, 1, 1;
L_000001f91d7d45c0 .part L_000001f91d7d40c0, 2, 1;
L_000001f91d7d65a0 .part L_000001f91d7d6aa0, 1, 1;
L_000001f91d7d4520 .part L_000001f91d7d40c0, 3, 1;
L_000001f91d7d51a0 .part L_000001f91d7d6aa0, 1, 1;
L_000001f91d7d5240 .part L_000001f91d7d40c0, 4, 1;
L_000001f91d7d5380 .part L_000001f91d7d6aa0, 1, 1;
L_000001f91d7d4fc0 .part L_000001f91d7d40c0, 5, 1;
L_000001f91d7d52e0 .part L_000001f91d7d6aa0, 1, 1;
L_000001f91d7d5420 .part L_000001f91d7d40c0, 6, 1;
L_000001f91d7d5600 .part L_000001f91d7d6aa0, 1, 1;
L_000001f91d7d4660 .part L_000001f91d7d40c0, 7, 1;
L_000001f91d7d4b60 .part L_000001f91d7d6aa0, 1, 1;
LS_000001f91d7d5e20_0_0 .concat8 [ 1 1 1 1], L_000001f91d826f10, L_000001f91d826ab0, L_000001f91d8269d0, L_000001f91d826420;
LS_000001f91d7d5e20_0_4 .concat8 [ 1 1 1 1], L_000001f91d826a40, L_000001f91d826c00, L_000001f91d826f80, L_000001f91d829f30;
L_000001f91d7d5e20 .concat8 [ 4 4 0 0], LS_000001f91d7d5e20_0_0, LS_000001f91d7d5e20_0_4;
L_000001f91d7d56a0 .part L_000001f91d7d5e20, 3, 1;
L_000001f91d7d5c40 .part L_000001f91d7d5e20, 2, 1;
L_000001f91d7d5560 .part L_000001f91d7d5e20, 1, 1;
L_000001f91d7d4700 .part L_000001f91d7d5e20, 0, 1;
L_000001f91d7d57e0 .part L_000001f91d7d5e20, 0, 1;
L_000001f91d7d5ce0 .part L_000001f91d7d5e20, 1, 1;
L_000001f91d7d4c00 .part L_000001f91d7d5e20, 2, 1;
L_000001f91d7d6640 .part L_000001f91d7d5e20, 3, 1;
L_000001f91d7d47a0 .part L_000001f91d7d5e20, 0, 1;
L_000001f91d7d6140 .part L_000001f91d7d6aa0, 2, 1;
L_000001f91d7d4840 .part L_000001f91d7d5e20, 1, 1;
L_000001f91d7d5ec0 .part L_000001f91d7d6aa0, 2, 1;
L_000001f91d7d4ca0 .part L_000001f91d7d5e20, 2, 1;
L_000001f91d7d6000 .part L_000001f91d7d6aa0, 2, 1;
L_000001f91d7d61e0 .part L_000001f91d7d5e20, 3, 1;
L_000001f91d7d66e0 .part L_000001f91d7d6aa0, 2, 1;
L_000001f91d7d6280 .part L_000001f91d7d5e20, 4, 1;
L_000001f91d7d6780 .part L_000001f91d7d6aa0, 2, 1;
L_000001f91d7d5920 .part L_000001f91d7d5e20, 5, 1;
L_000001f91d7d59c0 .part L_000001f91d7d6aa0, 2, 1;
L_000001f91d7d5a60 .part L_000001f91d7d5e20, 6, 1;
L_000001f91d7d6820 .part L_000001f91d7d6aa0, 2, 1;
L_000001f91d7d4d40 .part L_000001f91d7d5e20, 7, 1;
L_000001f91d7d4e80 .part L_000001f91d7d6aa0, 2, 1;
LS_000001f91d7d4f20_0_0 .concat8 [ 1 1 1 1], L_000001f91d82a950, L_000001f91d82ab80, L_000001f91d82b7c0, L_000001f91d82ad40;
LS_000001f91d7d4f20_0_4 .concat8 [ 1 1 1 1], L_000001f91d82c160, L_000001f91d82b600, L_000001f91d82ab10, L_000001f91d82acd0;
L_000001f91d7d4f20 .concat8 [ 4 4 0 0], LS_000001f91d7d4f20_0_0, LS_000001f91d7d4f20_0_4;
S_000001f91d6f6120 .scope module, "mux2x10_0" "mux2x1" 2 30, 3 1 0, S_000001f91d6f5f90;
 .timescale 0 0;
    .port_info 0 /INPUT 1 "input1";
    .port_info 1 /INPUT 1 "input2";
    .port_info 2 /INPUT 1 "select";
    .port_info 3 /OUTPUT 1 "out";
L_000001f91d8222a0 .functor NOT 1, L_000001f91d7d7540, C4<0>, C4<0>, C4<0>;
L_000001f91d822310 .functor AND 1, L_000001f91d8222a0, L_000001f91d7d7400, C4<1>, C4<1>;
L_000001f91d822e70 .functor AND 1, L_000001f91d7d7540, L_000001f91d763ab0, C4<1>, C4<1>;
L_000001f91d822620 .functor OR 1, L_000001f91d822310, L_000001f91d822e70, C4<0>, C4<0>;
v000001f91d76a110_0 .net "c1", 0 0, L_000001f91d8222a0;  1 drivers
v000001f91d769ad0_0 .net "c2", 0 0, L_000001f91d822310;  1 drivers
v000001f91d76b790_0 .net "c3", 0 0, L_000001f91d822e70;  1 drivers
v000001f91d76a570_0 .net "input1", 0 0, L_000001f91d7d7400;  1 drivers
v000001f91d76a750_0 .net "input2", 0 0, L_000001f91d763ab0;  alias, 1 drivers
v000001f91d769f30_0 .net "out", 0 0, L_000001f91d822620;  1 drivers
v000001f91d769b70_0 .net "select", 0 0, L_000001f91d7d7540;  1 drivers
S_000001f91d6c2830 .scope module, "mux2x10_1" "mux2x1" 2 31, 3 1 0, S_000001f91d6f5f90;
 .timescale 0 0;
    .port_info 0 /INPUT 1 "input1";
    .port_info 1 /INPUT 1 "input2";
    .port_info 2 /INPUT 1 "select";
    .port_info 3 /OUTPUT 1 "out";
L_000001f91d822460 .functor NOT 1, L_000001f91d7d6960, C4<0>, C4<0>, C4<0>;
L_000001f91d822cb0 .functor AND 1, L_000001f91d822460, L_000001f91d7d7680, C4<1>, C4<1>;
L_000001f91d822770 .functor AND 1, L_000001f91d7d6960, L_000001f91d763260, C4<1>, C4<1>;
L_000001f91d822ee0 .functor OR 1, L_000001f91d822cb0, L_000001f91d822770, C4<0>, C4<0>;
v000001f91d76a930_0 .net "c1", 0 0, L_000001f91d822460;  1 drivers
v000001f91d76a070_0 .net "c2", 0 0, L_000001f91d822cb0;  1 drivers
v000001f91d76aed0_0 .net "c3", 0 0, L_000001f91d822770;  1 drivers
v000001f91d76b8d0_0 .net "input1", 0 0, L_000001f91d7d7680;  1 drivers
v000001f91d76a250_0 .net "input2", 0 0, L_000001f91d763260;  alias, 1 drivers
v000001f91d76a2f0_0 .net "out", 0 0, L_000001f91d822ee0;  1 drivers
v000001f91d76ad90_0 .net "select", 0 0, L_000001f91d7d6960;  1 drivers
S_000001f91d6c29c0 .scope module, "mux2x10_2" "mux2x1" 2 32, 3 1 0, S_000001f91d6f5f90;
 .timescale 0 0;
    .port_info 0 /INPUT 1 "input1";
    .port_info 1 /INPUT 1 "input2";
    .port_info 2 /INPUT 1 "select";
    .port_info 3 /OUTPUT 1 "out";
L_000001f91d8221c0 .functor NOT 1, L_000001f91d7d7860, C4<0>, C4<0>, C4<0>;
L_000001f91d822a10 .functor AND 1, L_000001f91d8221c0, L_000001f91d7d77c0, C4<1>, C4<1>;
L_000001f91d8227e0 .functor AND 1, L_000001f91d7d7860, L_000001f91d763f10, C4<1>, C4<1>;
L_000001f91d822d90 .functor OR 1, L_000001f91d822a10, L_000001f91d8227e0, C4<0>, C4<0>;
v000001f91d769c10_0 .net "c1", 0 0, L_000001f91d8221c0;  1 drivers
v000001f91d76a610_0 .net "c2", 0 0, L_000001f91d822a10;  1 drivers
v000001f91d76ab10_0 .net "c3", 0 0, L_000001f91d8227e0;  1 drivers
v000001f91d76a390_0 .net "input1", 0 0, L_000001f91d7d77c0;  1 drivers
v000001f91d76b830_0 .net "input2", 0 0, L_000001f91d763f10;  alias, 1 drivers
v000001f91d769df0_0 .net "out", 0 0, L_000001f91d822d90;  1 drivers
v000001f91d76a430_0 .net "select", 0 0, L_000001f91d7d7860;  1 drivers
S_000001f91d75a830 .scope module, "mux2x10_3" "mux2x1" 2 33, 3 1 0, S_000001f91d6f5f90;
 .timescale 0 0;
    .port_info 0 /INPUT 1 "input1";
    .port_info 1 /INPUT 1 "input2";
    .port_info 2 /INPUT 1 "select";
    .port_info 3 /OUTPUT 1 "out";
L_000001f91d822380 .functor NOT 1, L_000001f91d7d4340, C4<0>, C4<0>, C4<0>;
L_000001f91d822850 .functor AND 1, L_000001f91d822380, L_000001f91d7d7900, C4<1>, C4<1>;
L_000001f91d822930 .functor AND 1, L_000001f91d7d4340, L_000001f91d763500, C4<1>, C4<1>;
L_000001f91d822f50 .functor OR 1, L_000001f91d822850, L_000001f91d822930, C4<0>, C4<0>;
v000001f91d76b290_0 .net "c1", 0 0, L_000001f91d822380;  1 drivers
v000001f91d76b330_0 .net "c2", 0 0, L_000001f91d822850;  1 drivers
v000001f91d76b0b0_0 .net "c3", 0 0, L_000001f91d822930;  1 drivers
v000001f91d769fd0_0 .net "input1", 0 0, L_000001f91d7d7900;  1 drivers
v000001f91d76a4d0_0 .net "input2", 0 0, L_000001f91d763500;  alias, 1 drivers
v000001f91d769a30_0 .net "out", 0 0, L_000001f91d822f50;  1 drivers
v000001f91d76a6b0_0 .net "select", 0 0, L_000001f91d7d4340;  1 drivers
S_000001f91d75a9c0 .scope module, "mux2x10_4" "mux2x1" 2 34, 3 1 0, S_000001f91d6f5f90;
 .timescale 0 0;
    .port_info 0 /INPUT 1 "input1";
    .port_info 1 /INPUT 1 "input2";
    .port_info 2 /INPUT 1 "select";
    .port_info 3 /OUTPUT 1 "out";
L_000001f91d8223f0 .functor NOT 1, L_000001f91d7d6460, C4<0>, C4<0>, C4<0>;
L_000001f91d8228c0 .functor AND 1, L_000001f91d8223f0, L_000001f91d7d4de0, C4<1>, C4<1>;
L_000001f91d8220e0 .functor AND 1, L_000001f91d7d6460, L_000001f91d763570, C4<1>, C4<1>;
L_000001f91d822150 .functor OR 1, L_000001f91d8228c0, L_000001f91d8220e0, C4<0>, C4<0>;
v000001f91d76a890_0 .net "c1", 0 0, L_000001f91d8223f0;  1 drivers
v000001f91d76af70_0 .net "c2", 0 0, L_000001f91d8228c0;  1 drivers
v000001f91d76a7f0_0 .net "c3", 0 0, L_000001f91d8220e0;  1 drivers
v000001f91d769cb0_0 .net "input1", 0 0, L_000001f91d7d4de0;  1 drivers
v000001f91d769d50_0 .net "input2", 0 0, L_000001f91d763570;  alias, 1 drivers
v000001f91d76ac50_0 .net "out", 0 0, L_000001f91d822150;  1 drivers
v000001f91d76a9d0_0 .net "select", 0 0, L_000001f91d7d6460;  1 drivers
S_000001f91d75ab50 .scope module, "mux2x10_5" "mux2x1" 2 35, 3 1 0, S_000001f91d6f5f90;
 .timescale 0 0;
    .port_info 0 /INPUT 1 "input1";
    .port_info 1 /INPUT 1 "input2";
    .port_info 2 /INPUT 1 "select";
    .port_info 3 /OUTPUT 1 "out";
L_000001f91d8229a0 .functor NOT 1, L_000001f91d7d5060, C4<0>, C4<0>, C4<0>;
L_000001f91d822a80 .functor AND 1, L_000001f91d8229a0, L_000001f91d7d63c0, C4<1>, C4<1>;
L_000001f91d822540 .functor AND 1, L_000001f91d7d5060, L_000001f91d822230, C4<1>, C4<1>;
L_000001f91d8225b0 .functor OR 1, L_000001f91d822a80, L_000001f91d822540, C4<0>, C4<0>;
v000001f91d76abb0_0 .net "c1", 0 0, L_000001f91d8229a0;  1 drivers
v000001f91d76acf0_0 .net "c2", 0 0, L_000001f91d822a80;  1 drivers
v000001f91d76b650_0 .net "c3", 0 0, L_000001f91d822540;  1 drivers
v000001f91d76ae30_0 .net "input1", 0 0, L_000001f91d7d63c0;  1 drivers
v000001f91d76b010_0 .net "input2", 0 0, L_000001f91d822230;  alias, 1 drivers
v000001f91d76b1f0_0 .net "out", 0 0, L_000001f91d8225b0;  1 drivers
v000001f91d76b3d0_0 .net "select", 0 0, L_000001f91d7d5060;  1 drivers
S_000001f91d75ace0 .scope module, "mux2x10_6" "mux2x1" 2 36, 3 1 0, S_000001f91d6f5f90;
 .timescale 0 0;
    .port_info 0 /INPUT 1 "input1";
    .port_info 1 /INPUT 1 "input2";
    .port_info 2 /INPUT 1 "select";
    .port_info 3 /OUTPUT 1 "out";
L_000001f91d8255d0 .functor NOT 1, L_000001f91d7d4a20, C4<0>, C4<0>, C4<0>;
L_000001f91d825790 .functor AND 1, L_000001f91d8255d0, L_000001f91d7d6320, C4<1>, C4<1>;
L_000001f91d825800 .functor AND 1, L_000001f91d7d4a20, L_000001f91d822b60, C4<1>, C4<1>;
L_000001f91d825fe0 .functor OR 1, L_000001f91d825790, L_000001f91d825800, C4<0>, C4<0>;
v000001f91d76b6f0_0 .net "c1", 0 0, L_000001f91d8255d0;  1 drivers
v000001f91d76b470_0 .net "c2", 0 0, L_000001f91d825790;  1 drivers
v000001f91d76b510_0 .net "c3", 0 0, L_000001f91d825800;  1 drivers
v000001f91d7618c0_0 .net "input1", 0 0, L_000001f91d7d6320;  1 drivers
v000001f91d762a40_0 .net "input2", 0 0, L_000001f91d822b60;  alias, 1 drivers
v000001f91d7615a0_0 .net "out", 0 0, L_000001f91d825fe0;  1 drivers
v000001f91d762f40_0 .net "select", 0 0, L_000001f91d7d4a20;  1 drivers
S_000001f91d75ae70 .scope module, "mux2x10_7" "mux2x1" 2 37, 3 1 0, S_000001f91d6f5f90;
 .timescale 0 0;
    .port_info 0 /INPUT 1 "input1";
    .port_info 1 /INPUT 1 "input2";
    .port_info 2 /INPUT 1 "select";
    .port_info 3 /OUTPUT 1 "out";
L_000001f91d825410 .functor NOT 1, L_000001f91d7d6500, C4<0>, C4<0>, C4<0>;
L_000001f91d8258e0 .functor AND 1, L_000001f91d825410, L_000001f91d7d43e0, C4<1>, C4<1>;
L_000001f91d825640 .functor AND 1, L_000001f91d7d6500, L_000001f91d822d20, C4<1>, C4<1>;
L_000001f91d825100 .functor OR 1, L_000001f91d8258e0, L_000001f91d825640, C4<0>, C4<0>;
v000001f91d7611e0_0 .net "c1", 0 0, L_000001f91d825410;  1 drivers
v000001f91d761640_0 .net "c2", 0 0, L_000001f91d8258e0;  1 drivers
v000001f91d761d20_0 .net "c3", 0 0, L_000001f91d825640;  1 drivers
v000001f91d7a62a0_0 .net "input1", 0 0, L_000001f91d7d43e0;  1 drivers
v000001f91d7a4fe0_0 .net "input2", 0 0, L_000001f91d822d20;  alias, 1 drivers
v000001f91d7a6340_0 .net "out", 0 0, L_000001f91d825100;  1 drivers
v000001f91d7a5760_0 .net "select", 0 0, L_000001f91d7d6500;  1 drivers
S_000001f91d75b000 .scope module, "mux2x11_0" "mux2x1" 2 51, 3 1 0, S_000001f91d6f5f90;
 .timescale 0 0;
    .port_info 0 /INPUT 1 "input1";
    .port_info 1 /INPUT 1 "input2";
    .port_info 2 /INPUT 1 "select";
    .port_info 3 /OUTPUT 1 "out";
L_000001f91d826960 .functor NOT 1, L_000001f91d7d5b00, C4<0>, C4<0>, C4<0>;
L_000001f91d8265e0 .functor AND 1, L_000001f91d826960, L_000001f91d7d4160, C4<1>, C4<1>;
L_000001f91d8267a0 .functor AND 1, L_000001f91d7d5b00, L_000001f91d825720, C4<1>, C4<1>;
L_000001f91d826f10 .functor OR 1, L_000001f91d8265e0, L_000001f91d8267a0, C4<0>, C4<0>;
v000001f91d7a67a0_0 .net "c1", 0 0, L_000001f91d826960;  1 drivers
v000001f91d7a6c00_0 .net "c2", 0 0, L_000001f91d8265e0;  1 drivers
v000001f91d7a6a20_0 .net "c3", 0 0, L_000001f91d8267a0;  1 drivers
v000001f91d7a5b20_0 .net "input1", 0 0, L_000001f91d7d4160;  1 drivers
v000001f91d7a5ee0_0 .net "input2", 0 0, L_000001f91d825720;  alias, 1 drivers
v000001f91d7a6660_0 .net "out", 0 0, L_000001f91d826f10;  1 drivers
v000001f91d7a68e0_0 .net "select", 0 0, L_000001f91d7d5b00;  1 drivers
S_000001f91d75b190 .scope module, "mux2x11_1" "mux2x1" 2 52, 3 1 0, S_000001f91d6f5f90;
 .timescale 0 0;
    .port_info 0 /INPUT 1 "input1";
    .port_info 1 /INPUT 1 "input2";
    .port_info 2 /INPUT 1 "select";
    .port_info 3 /OUTPUT 1 "out";
L_000001f91d8266c0 .functor NOT 1, L_000001f91d7d5ba0, C4<0>, C4<0>, C4<0>;
L_000001f91d8261f0 .functor AND 1, L_000001f91d8266c0, L_000001f91d7d42a0, C4<1>, C4<1>;
L_000001f91d826730 .functor AND 1, L_000001f91d7d5ba0, L_000001f91d825aa0, C4<1>, C4<1>;
L_000001f91d826ab0 .functor OR 1, L_000001f91d8261f0, L_000001f91d826730, C4<0>, C4<0>;
v000001f91d7a6de0_0 .net "c1", 0 0, L_000001f91d8266c0;  1 drivers
v000001f91d7a5080_0 .net "c2", 0 0, L_000001f91d8261f0;  1 drivers
v000001f91d7a60c0_0 .net "c3", 0 0, L_000001f91d826730;  1 drivers
v000001f91d7a6980_0 .net "input1", 0 0, L_000001f91d7d42a0;  1 drivers
v000001f91d7a65c0_0 .net "input2", 0 0, L_000001f91d825aa0;  alias, 1 drivers
v000001f91d7a5580_0 .net "out", 0 0, L_000001f91d826ab0;  1 drivers
v000001f91d7a5800_0 .net "select", 0 0, L_000001f91d7d5ba0;  1 drivers
S_000001f91d75b320 .scope module, "mux2x11_2" "mux2x1" 2 53, 3 1 0, S_000001f91d6f5f90;
 .timescale 0 0;
    .port_info 0 /INPUT 1 "input1";
    .port_info 1 /INPUT 1 "input2";
    .port_info 2 /INPUT 1 "select";
    .port_info 3 /OUTPUT 1 "out";
L_000001f91d826500 .functor NOT 1, L_000001f91d7d65a0, C4<0>, C4<0>, C4<0>;
L_000001f91d826ea0 .functor AND 1, L_000001f91d826500, L_000001f91d7d45c0, C4<1>, C4<1>;
L_000001f91d826650 .functor AND 1, L_000001f91d7d65a0, L_000001f91d8254f0, C4<1>, C4<1>;
L_000001f91d8269d0 .functor OR 1, L_000001f91d826ea0, L_000001f91d826650, C4<0>, C4<0>;
v000001f91d7a6d40_0 .net "c1", 0 0, L_000001f91d826500;  1 drivers
v000001f91d7a6200_0 .net "c2", 0 0, L_000001f91d826ea0;  1 drivers
v000001f91d7a6700_0 .net "c3", 0 0, L_000001f91d826650;  1 drivers
v000001f91d7a5e40_0 .net "input1", 0 0, L_000001f91d7d45c0;  1 drivers
v000001f91d7a5bc0_0 .net "input2", 0 0, L_000001f91d8254f0;  alias, 1 drivers
v000001f91d7a5d00_0 .net "out", 0 0, L_000001f91d8269d0;  1 drivers
v000001f91d7a5c60_0 .net "select", 0 0, L_000001f91d7d65a0;  1 drivers
S_000001f91d75b4b0 .scope module, "mux2x11_3" "mux2x1" 2 54, 3 1 0, S_000001f91d6f5f90;
 .timescale 0 0;
    .port_info 0 /INPUT 1 "input1";
    .port_info 1 /INPUT 1 "input2";
    .port_info 2 /INPUT 1 "select";
    .port_info 3 /OUTPUT 1 "out";
L_000001f91d826d50 .functor NOT 1, L_000001f91d7d51a0, C4<0>, C4<0>, C4<0>;
L_000001f91d8263b0 .functor AND 1, L_000001f91d826d50, L_000001f91d7d4520, C4<1>, C4<1>;
L_000001f91d826810 .functor AND 1, L_000001f91d7d51a0, L_000001f91d825330, C4<1>, C4<1>;
L_000001f91d826420 .functor OR 1, L_000001f91d8263b0, L_000001f91d826810, C4<0>, C4<0>;
v000001f91d7a6480_0 .net "c1", 0 0, L_000001f91d826d50;  1 drivers
v000001f91d7a6840_0 .net "c2", 0 0, L_000001f91d8263b0;  1 drivers
v000001f91d7a6160_0 .net "c3", 0 0, L_000001f91d826810;  1 drivers
v000001f91d7a6ac0_0 .net "input1", 0 0, L_000001f91d7d4520;  1 drivers
v000001f91d7a5300_0 .net "input2", 0 0, L_000001f91d825330;  alias, 1 drivers
v000001f91d7a5da0_0 .net "out", 0 0, L_000001f91d826420;  1 drivers
v000001f91d7a63e0_0 .net "select", 0 0, L_000001f91d7d51a0;  1 drivers
S_000001f91d75b640 .scope module, "mux2x11_4" "mux2x1" 2 55, 3 1 0, S_000001f91d6f5f90;
 .timescale 0 0;
    .port_info 0 /INPUT 1 "input1";
    .port_info 1 /INPUT 1 "input2";
    .port_info 2 /INPUT 1 "select";
    .port_info 3 /OUTPUT 1 "out";
L_000001f91d826880 .functor NOT 1, L_000001f91d7d5380, C4<0>, C4<0>, C4<0>;
L_000001f91d8268f0 .functor AND 1, L_000001f91d826880, L_000001f91d7d5240, C4<1>, C4<1>;
L_000001f91d826490 .functor AND 1, L_000001f91d7d5380, L_000001f91d825bf0, C4<1>, C4<1>;
L_000001f91d826a40 .functor OR 1, L_000001f91d8268f0, L_000001f91d826490, C4<0>, C4<0>;
v000001f91d7a54e0_0 .net "c1", 0 0, L_000001f91d826880;  1 drivers
v000001f91d7a6e80_0 .net "c2", 0 0, L_000001f91d8268f0;  1 drivers
v000001f91d7a51c0_0 .net "c3", 0 0, L_000001f91d826490;  1 drivers
v000001f91d7a6b60_0 .net "input1", 0 0, L_000001f91d7d5240;  1 drivers
v000001f91d7a6ca0_0 .net "input2", 0 0, L_000001f91d825bf0;  alias, 1 drivers
v000001f91d7a5120_0 .net "out", 0 0, L_000001f91d826a40;  1 drivers
v000001f91d7a5f80_0 .net "select", 0 0, L_000001f91d7d5380;  1 drivers
S_000001f91d75b7d0 .scope module, "mux2x11_5" "mux2x1" 2 56, 3 1 0, S_000001f91d6f5f90;
 .timescale 0 0;
    .port_info 0 /INPUT 1 "input1";
    .port_info 1 /INPUT 1 "input2";
    .port_info 2 /INPUT 1 "select";
    .port_info 3 /OUTPUT 1 "out";
L_000001f91d826c70 .functor NOT 1, L_000001f91d7d52e0, C4<0>, C4<0>, C4<0>;
L_000001f91d826b20 .functor AND 1, L_000001f91d826c70, L_000001f91d7d4fc0, C4<1>, C4<1>;
L_000001f91d826b90 .functor AND 1, L_000001f91d7d52e0, L_000001f91d825db0, C4<1>, C4<1>;
L_000001f91d826c00 .functor OR 1, L_000001f91d826b20, L_000001f91d826b90, C4<0>, C4<0>;
v000001f91d7a6020_0 .net "c1", 0 0, L_000001f91d826c70;  1 drivers
v000001f91d7a59e0_0 .net "c2", 0 0, L_000001f91d826b20;  1 drivers
v000001f91d7a5260_0 .net "c3", 0 0, L_000001f91d826b90;  1 drivers
v000001f91d7a6520_0 .net "input1", 0 0, L_000001f91d7d4fc0;  1 drivers
v000001f91d7a5620_0 .net "input2", 0 0, L_000001f91d825db0;  alias, 1 drivers
v000001f91d7a53a0_0 .net "out", 0 0, L_000001f91d826c00;  1 drivers
v000001f91d7a5440_0 .net "select", 0 0, L_000001f91d7d52e0;  1 drivers
S_000001f91d75b960 .scope module, "mux2x11_6" "mux2x1" 2 57, 3 1 0, S_000001f91d6f5f90;
 .timescale 0 0;
    .port_info 0 /INPUT 1 "input1";
    .port_info 1 /INPUT 1 "input2";
    .port_info 2 /INPUT 1 "select";
    .port_info 3 /OUTPUT 1 "out";
L_000001f91d826180 .functor NOT 1, L_000001f91d7d5600, C4<0>, C4<0>, C4<0>;
L_000001f91d826ce0 .functor AND 1, L_000001f91d826180, L_000001f91d7d5420, C4<1>, C4<1>;
L_000001f91d826dc0 .functor AND 1, L_000001f91d7d5600, L_000001f91d826570, C4<1>, C4<1>;
L_000001f91d826f80 .functor OR 1, L_000001f91d826ce0, L_000001f91d826dc0, C4<0>, C4<0>;
v000001f91d7a56c0_0 .net "c1", 0 0, L_000001f91d826180;  1 drivers
v000001f91d7a58a0_0 .net "c2", 0 0, L_000001f91d826ce0;  1 drivers
v000001f91d7a5940_0 .net "c3", 0 0, L_000001f91d826dc0;  1 drivers
v000001f91d7a5a80_0 .net "input1", 0 0, L_000001f91d7d5420;  1 drivers
v000001f91d7ca750_0 .net "input2", 0 0, L_000001f91d826570;  alias, 1 drivers
v000001f91d7ca250_0 .net "out", 0 0, L_000001f91d826f80;  1 drivers
v000001f91d7ca7f0_0 .net "select", 0 0, L_000001f91d7d5600;  1 drivers
S_000001f91d75baf0 .scope module, "mux2x11_7" "mux2x1" 2 58, 3 1 0, S_000001f91d6f5f90;
 .timescale 0 0;
    .port_info 0 /INPUT 1 "input1";
    .port_info 1 /INPUT 1 "input2";
    .port_info 2 /INPUT 1 "select";
    .port_info 3 /OUTPUT 1 "out";
L_000001f91d826ff0 .functor NOT 1, L_000001f91d7d4b60, C4<0>, C4<0>, C4<0>;
L_000001f91d826110 .functor AND 1, L_000001f91d826ff0, L_000001f91d7d4660, C4<1>, C4<1>;
L_000001f91d829d70 .functor AND 1, L_000001f91d7d4b60, L_000001f91d826340, C4<1>, C4<1>;
L_000001f91d829f30 .functor OR 1, L_000001f91d826110, L_000001f91d829d70, C4<0>, C4<0>;
v000001f91d7caed0_0 .net "c1", 0 0, L_000001f91d826ff0;  1 drivers
v000001f91d7cb8d0_0 .net "c2", 0 0, L_000001f91d826110;  1 drivers
v000001f91d7cb790_0 .net "c3", 0 0, L_000001f91d829d70;  1 drivers
v000001f91d7cb0b0_0 .net "input1", 0 0, L_000001f91d7d4660;  1 drivers
v000001f91d7cbf10_0 .net "input2", 0 0, L_000001f91d826340;  alias, 1 drivers
v000001f91d7cad90_0 .net "out", 0 0, L_000001f91d829f30;  1 drivers
v000001f91d7ca570_0 .net "select", 0 0, L_000001f91d7d4b60;  1 drivers
S_000001f91d7a74a0 .scope module, "mux2x12_0" "mux2x1" 2 72, 3 1 0, S_000001f91d6f5f90;
 .timescale 0 0;
    .port_info 0 /INPUT 1 "input1";
    .port_info 1 /INPUT 1 "input2";
    .port_info 2 /INPUT 1 "select";
    .port_info 3 /OUTPUT 1 "out";
L_000001f91d829a60 .functor NOT 1, L_000001f91d7d6140, C4<0>, C4<0>, C4<0>;
L_000001f91d82c080 .functor AND 1, L_000001f91d829a60, L_000001f91d7d47a0, C4<1>, C4<1>;
L_000001f91d82b360 .functor AND 1, L_000001f91d7d6140, L_000001f91d829ad0, C4<1>, C4<1>;
L_000001f91d82a950 .functor OR 1, L_000001f91d82c080, L_000001f91d82b360, C4<0>, C4<0>;
v000001f91d7cab10_0 .net "c1", 0 0, L_000001f91d829a60;  1 drivers
v000001f91d7cabb0_0 .net "c2", 0 0, L_000001f91d82c080;  1 drivers
v000001f91d7cb470_0 .net "c3", 0 0, L_000001f91d82b360;  1 drivers
v000001f91d7ca4d0_0 .net "input1", 0 0, L_000001f91d7d47a0;  1 drivers
v000001f91d7ca070_0 .net "input2", 0 0, L_000001f91d829ad0;  alias, 1 drivers
v000001f91d7cb290_0 .net "out", 0 0, L_000001f91d82a950;  1 drivers
v000001f91d7caa70_0 .net "select", 0 0, L_000001f91d7d6140;  1 drivers
S_000001f91d7a7e00 .scope module, "mux2x12_1" "mux2x1" 2 73, 3 1 0, S_000001f91d6f5f90;
 .timescale 0 0;
    .port_info 0 /INPUT 1 "input1";
    .port_info 1 /INPUT 1 "input2";
    .port_info 2 /INPUT 1 "select";
    .port_info 3 /OUTPUT 1 "out";
L_000001f91d82aa30 .functor NOT 1, L_000001f91d7d5ec0, C4<0>, C4<0>, C4<0>;
L_000001f91d82b4b0 .functor AND 1, L_000001f91d82aa30, L_000001f91d7d4840, C4<1>, C4<1>;
L_000001f91d82b210 .functor AND 1, L_000001f91d7d5ec0, L_000001f91d8293d0, C4<1>, C4<1>;
L_000001f91d82ab80 .functor OR 1, L_000001f91d82b4b0, L_000001f91d82b210, C4<0>, C4<0>;
v000001f91d7cb830_0 .net "c1", 0 0, L_000001f91d82aa30;  1 drivers
v000001f91d7cacf0_0 .net "c2", 0 0, L_000001f91d82b4b0;  1 drivers
v000001f91d7ca390_0 .net "c3", 0 0, L_000001f91d82b210;  1 drivers
v000001f91d7cb970_0 .net "input1", 0 0, L_000001f91d7d4840;  1 drivers
v000001f91d7cbc90_0 .net "input2", 0 0, L_000001f91d8293d0;  alias, 1 drivers
v000001f91d7cbab0_0 .net "out", 0 0, L_000001f91d82ab80;  1 drivers
v000001f91d7ca110_0 .net "select", 0 0, L_000001f91d7d5ec0;  1 drivers
S_000001f91d7a7630 .scope module, "mux2x12_2" "mux2x1" 2 74, 3 1 0, S_000001f91d6f5f90;
 .timescale 0 0;
    .port_info 0 /INPUT 1 "input1";
    .port_info 1 /INPUT 1 "input2";
    .port_info 2 /INPUT 1 "select";
    .port_info 3 /OUTPUT 1 "out";
L_000001f91d82b3d0 .functor NOT 1, L_000001f91d7d6000, C4<0>, C4<0>, C4<0>;
L_000001f91d82b670 .functor AND 1, L_000001f91d82b3d0, L_000001f91d7d4ca0, C4<1>, C4<1>;
L_000001f91d82b440 .functor AND 1, L_000001f91d7d6000, L_000001f91d829520, C4<1>, C4<1>;
L_000001f91d82b7c0 .functor OR 1, L_000001f91d82b670, L_000001f91d82b440, C4<0>, C4<0>;
v000001f91d7ca930_0 .net "c1", 0 0, L_000001f91d82b3d0;  1 drivers
v000001f91d7ca1b0_0 .net "c2", 0 0, L_000001f91d82b670;  1 drivers
v000001f91d7cae30_0 .net "c3", 0 0, L_000001f91d82b440;  1 drivers
v000001f91d7ca430_0 .net "input1", 0 0, L_000001f91d7d4ca0;  1 drivers
v000001f91d7caf70_0 .net "input2", 0 0, L_000001f91d829520;  alias, 1 drivers
v000001f91d7cb010_0 .net "out", 0 0, L_000001f91d82b7c0;  1 drivers
v000001f91d7cbb50_0 .net "select", 0 0, L_000001f91d7d6000;  1 drivers
S_000001f91d7a7310 .scope module, "mux2x12_3" "mux2x1" 2 75, 3 1 0, S_000001f91d6f5f90;
 .timescale 0 0;
    .port_info 0 /INPUT 1 "input1";
    .port_info 1 /INPUT 1 "input2";
    .port_info 2 /INPUT 1 "select";
    .port_info 3 /OUTPUT 1 "out";
L_000001f91d82bd70 .functor NOT 1, L_000001f91d7d66e0, C4<0>, C4<0>, C4<0>;
L_000001f91d82b520 .functor AND 1, L_000001f91d82bd70, L_000001f91d7d61e0, C4<1>, C4<1>;
L_000001f91d82b590 .functor AND 1, L_000001f91d7d66e0, L_000001f91d8294b0, C4<1>, C4<1>;
L_000001f91d82ad40 .functor OR 1, L_000001f91d82b520, L_000001f91d82b590, C4<0>, C4<0>;
v000001f91d7cb150_0 .net "c1", 0 0, L_000001f91d82bd70;  1 drivers
v000001f91d7cac50_0 .net "c2", 0 0, L_000001f91d82b520;  1 drivers
v000001f91d7ca2f0_0 .net "c3", 0 0, L_000001f91d82b590;  1 drivers
v000001f91d7cb6f0_0 .net "input1", 0 0, L_000001f91d7d61e0;  1 drivers
v000001f91d7ca9d0_0 .net "input2", 0 0, L_000001f91d8294b0;  alias, 1 drivers
v000001f91d7cb5b0_0 .net "out", 0 0, L_000001f91d82ad40;  1 drivers
v000001f91d7cb330_0 .net "select", 0 0, L_000001f91d7d66e0;  1 drivers
S_000001f91d7a7180 .scope module, "mux2x12_4" "mux2x1" 2 76, 3 1 0, S_000001f91d6f5f90;
 .timescale 0 0;
    .port_info 0 /INPUT 1 "input1";
    .port_info 1 /INPUT 1 "input2";
    .port_info 2 /INPUT 1 "select";
    .port_info 3 /OUTPUT 1 "out";
L_000001f91d82be50 .functor NOT 1, L_000001f91d7d6780, C4<0>, C4<0>, C4<0>;
L_000001f91d82b830 .functor AND 1, L_000001f91d82be50, L_000001f91d7d6280, C4<1>, C4<1>;
L_000001f91d82b130 .functor AND 1, L_000001f91d7d6780, L_000001f91d829ec0, C4<1>, C4<1>;
L_000001f91d82c160 .functor OR 1, L_000001f91d82b830, L_000001f91d82b130, C4<0>, C4<0>;
v000001f91d7cb3d0_0 .net "c1", 0 0, L_000001f91d82be50;  1 drivers
v000001f91d7cba10_0 .net "c2", 0 0, L_000001f91d82b830;  1 drivers
v000001f91d7ca610_0 .net "c3", 0 0, L_000001f91d82b130;  1 drivers
v000001f91d7cb1f0_0 .net "input1", 0 0, L_000001f91d7d6280;  1 drivers
v000001f91d7cb510_0 .net "input2", 0 0, L_000001f91d829ec0;  alias, 1 drivers
v000001f91d7cb650_0 .net "out", 0 0, L_000001f91d82c160;  1 drivers
v000001f91d7cbbf0_0 .net "select", 0 0, L_000001f91d7d6780;  1 drivers
S_000001f91d7a77c0 .scope module, "mux2x12_5" "mux2x1" 2 77, 3 1 0, S_000001f91d6f5f90;
 .timescale 0 0;
    .port_info 0 /INPUT 1 "input1";
    .port_info 1 /INPUT 1 "input2";
    .port_info 2 /INPUT 1 "select";
    .port_info 3 /OUTPUT 1 "out";
L_000001f91d82abf0 .functor NOT 1, L_000001f91d7d59c0, C4<0>, C4<0>, C4<0>;
L_000001f91d82bc90 .functor AND 1, L_000001f91d82abf0, L_000001f91d7d5920, C4<1>, C4<1>;
L_000001f91d82c0f0 .functor AND 1, L_000001f91d7d59c0, L_000001f91d829280, C4<1>, C4<1>;
L_000001f91d82b600 .functor OR 1, L_000001f91d82bc90, L_000001f91d82c0f0, C4<0>, C4<0>;
v000001f91d7cbd30_0 .net "c1", 0 0, L_000001f91d82abf0;  1 drivers
v000001f91d7cbdd0_0 .net "c2", 0 0, L_000001f91d82bc90;  1 drivers
v000001f91d7cbe70_0 .net "c3", 0 0, L_000001f91d82c0f0;  1 drivers
v000001f91d7ca6b0_0 .net "input1", 0 0, L_000001f91d7d5920;  1 drivers
v000001f91d7ca890_0 .net "input2", 0 0, L_000001f91d829280;  alias, 1 drivers
v000001f91d7a99b0_0 .net "out", 0 0, L_000001f91d82b600;  1 drivers
v000001f91d7a85b0_0 .net "select", 0 0, L_000001f91d7d59c0;  1 drivers
S_000001f91d7a7950 .scope module, "mux2x12_6" "mux2x1" 2 78, 3 1 0, S_000001f91d6f5f90;
 .timescale 0 0;
    .port_info 0 /INPUT 1 "input1";
    .port_info 1 /INPUT 1 "input2";
    .port_info 2 /INPUT 1 "select";
    .port_info 3 /OUTPUT 1 "out";
L_000001f91d82c4e0 .functor NOT 1, L_000001f91d7d6820, C4<0>, C4<0>, C4<0>;
L_000001f91d82b1a0 .functor AND 1, L_000001f91d82c4e0, L_000001f91d7d5a60, C4<1>, C4<1>;
L_000001f91d82afe0 .functor AND 1, L_000001f91d7d6820, L_000001f91d8292f0, C4<1>, C4<1>;
L_000001f91d82ab10 .functor OR 1, L_000001f91d82b1a0, L_000001f91d82afe0, C4<0>, C4<0>;
v000001f91d7a9ff0_0 .net "c1", 0 0, L_000001f91d82c4e0;  1 drivers
v000001f91d7a8010_0 .net "c2", 0 0, L_000001f91d82b1a0;  1 drivers
v000001f91d7aa310_0 .net "c3", 0 0, L_000001f91d82afe0;  1 drivers
v000001f91d7a92d0_0 .net "input1", 0 0, L_000001f91d7d5a60;  1 drivers
v000001f91d7a9730_0 .net "input2", 0 0, L_000001f91d8292f0;  alias, 1 drivers
v000001f91d7a83d0_0 .net "out", 0 0, L_000001f91d82ab10;  1 drivers
v000001f91d7a8790_0 .net "select", 0 0, L_000001f91d7d6820;  1 drivers
S_000001f91d7a6ff0 .scope module, "mux2x12_7" "mux2x1" 2 79, 3 1 0, S_000001f91d6f5f90;
 .timescale 0 0;
    .port_info 0 /INPUT 1 "input1";
    .port_info 1 /INPUT 1 "input2";
    .port_info 2 /INPUT 1 "select";
    .port_info 3 /OUTPUT 1 "out";
L_000001f91d82b280 .functor NOT 1, L_000001f91d7d4e80, C4<0>, C4<0>, C4<0>;
L_000001f91d82ac60 .functor AND 1, L_000001f91d82b280, L_000001f91d7d4d40, C4<1>, C4<1>;
L_000001f91d82bec0 .functor AND 1, L_000001f91d7d4e80, L_000001f91d8299f0, C4<1>, C4<1>;
L_000001f91d82acd0 .functor OR 1, L_000001f91d82ac60, L_000001f91d82bec0, C4<0>, C4<0>;
v000001f91d7aa770_0 .net "c1", 0 0, L_000001f91d82b280;  1 drivers
v000001f91d7a9690_0 .net "c2", 0 0, L_000001f91d82ac60;  1 drivers
v000001f91d7aa270_0 .net "c3", 0 0, L_000001f91d82bec0;  1 drivers
v000001f91d7a86f0_0 .net "input1", 0 0, L_000001f91d7d4d40;  1 drivers
v000001f91d7a8330_0 .net "input2", 0 0, L_000001f91d8299f0;  alias, 1 drivers
v000001f91d7a9c30_0 .net "out", 0 0, L_000001f91d82acd0;  1 drivers
v000001f91d7aa090_0 .net "select", 0 0, L_000001f91d7d4e80;  1 drivers
S_000001f91d7a7ae0 .scope module, "mux_s0_0" "mux2x1" 2 20, 3 1 0, S_000001f91d6f5f90;
 .timescale 0 0;
    .port_info 0 /INPUT 1 "input1";
    .port_info 1 /INPUT 1 "input2";
    .port_info 2 /INPUT 1 "select";
    .port_info 3 /OUTPUT 1 "out";
L_000001f91d7636c0 .functor NOT 1, L_000001f91d7d6fa0, C4<0>, C4<0>, C4<0>;
L_000001f91d7d8078 .functor BUFT 1, C4<0>, C4<0>, C4<0>, C4<0>;
L_000001f91d763ea0 .functor AND 1, L_000001f91d7636c0, L_000001f91d7d8078, C4<1>, C4<1>;
L_000001f91d763650 .functor AND 1, L_000001f91d7d6fa0, L_000001f91d7d74a0, C4<1>, C4<1>;
L_000001f91d763ab0 .functor OR 1, L_000001f91d763ea0, L_000001f91d763650, C4<0>, C4<0>;
v000001f91d7a80b0_0 .net "c1", 0 0, L_000001f91d7636c0;  1 drivers
v000001f91d7a9eb0_0 .net "c2", 0 0, L_000001f91d763ea0;  1 drivers
v000001f91d7a8470_0 .net "c3", 0 0, L_000001f91d763650;  1 drivers
v000001f91d7a8150_0 .net "input1", 0 0, L_000001f91d7d8078;  1 drivers
v000001f91d7a8510_0 .net "input2", 0 0, L_000001f91d7d74a0;  1 drivers
v000001f91d7a8650_0 .net "out", 0 0, L_000001f91d763ab0;  alias, 1 drivers
v000001f91d7a9a50_0 .net "select", 0 0, L_000001f91d7d6fa0;  alias, 1 drivers
S_000001f91d7a7c70 .scope module, "mux_s0_1" "mux2x1" 2 21, 3 1 0, S_000001f91d6f5f90;
 .timescale 0 0;
    .port_info 0 /INPUT 1 "input1";
    .port_info 1 /INPUT 1 "input2";
    .port_info 2 /INPUT 1 "select";
    .port_info 3 /OUTPUT 1 "out";
L_000001f91d763730 .functor NOT 1, L_000001f91d7d6fa0, C4<0>, C4<0>, C4<0>;
L_000001f91d763490 .functor AND 1, L_000001f91d763730, L_000001f91d7d7360, C4<1>, C4<1>;
L_000001f91d763b90 .functor AND 1, L_000001f91d7d6fa0, L_000001f91d7d7e00, C4<1>, C4<1>;
L_000001f91d763260 .functor OR 1, L_000001f91d763490, L_000001f91d763b90, C4<0>, C4<0>;
v000001f91d7a9370_0 .net "c1", 0 0, L_000001f91d763730;  1 drivers
v000001f91d7aa130_0 .net "c2", 0 0, L_000001f91d763490;  1 drivers
v000001f91d7a9410_0 .net "c3", 0 0, L_000001f91d763b90;  1 drivers
v000001f91d7a81f0_0 .net "input1", 0 0, L_000001f91d7d7360;  1 drivers
v000001f91d7aa3b0_0 .net "input2", 0 0, L_000001f91d7d7e00;  1 drivers
v000001f91d7a8c90_0 .net "out", 0 0, L_000001f91d763260;  alias, 1 drivers
v000001f91d7aa1d0_0 .net "select", 0 0, L_000001f91d7d6fa0;  alias, 1 drivers
S_000001f91d7ad5f0 .scope module, "mux_s0_2" "mux2x1" 2 22, 3 1 0, S_000001f91d6f5f90;
 .timescale 0 0;
    .port_info 0 /INPUT 1 "input1";
    .port_info 1 /INPUT 1 "input2";
    .port_info 2 /INPUT 1 "select";
    .port_info 3 /OUTPUT 1 "out";
L_000001f91d763c70 .functor NOT 1, L_000001f91d7d6fa0, C4<0>, C4<0>, C4<0>;
L_000001f91d763340 .functor AND 1, L_000001f91d763c70, L_000001f91d7d6e60, C4<1>, C4<1>;
L_000001f91d763dc0 .functor AND 1, L_000001f91d7d6fa0, L_000001f91d7d7ae0, C4<1>, C4<1>;
L_000001f91d763f10 .functor OR 1, L_000001f91d763340, L_000001f91d763dc0, C4<0>, C4<0>;
v000001f91d7a8d30_0 .net "c1", 0 0, L_000001f91d763c70;  1 drivers
v000001f91d7a8830_0 .net "c2", 0 0, L_000001f91d763340;  1 drivers
v000001f91d7a9cd0_0 .net "c3", 0 0, L_000001f91d763dc0;  1 drivers
v000001f91d7a9190_0 .net "input1", 0 0, L_000001f91d7d6e60;  1 drivers
v000001f91d7aa450_0 .net "input2", 0 0, L_000001f91d7d7ae0;  1 drivers
v000001f91d7a8dd0_0 .net "out", 0 0, L_000001f91d763f10;  alias, 1 drivers
v000001f91d7a9230_0 .net "select", 0 0, L_000001f91d7d6fa0;  alias, 1 drivers
S_000001f91d7ac330 .scope module, "mux_s0_3" "mux2x1" 2 23, 3 1 0, S_000001f91d6f5f90;
 .timescale 0 0;
    .port_info 0 /INPUT 1 "input1";
    .port_info 1 /INPUT 1 "input2";
    .port_info 2 /INPUT 1 "select";
    .port_info 3 /OUTPUT 1 "out";
L_000001f91d763ce0 .functor NOT 1, L_000001f91d7d6fa0, C4<0>, C4<0>, C4<0>;
L_000001f91d7637a0 .functor AND 1, L_000001f91d763ce0, L_000001f91d7d7d60, C4<1>, C4<1>;
L_000001f91d763f80 .functor AND 1, L_000001f91d7d6fa0, L_000001f91d7d6c80, C4<1>, C4<1>;
L_000001f91d763500 .functor OR 1, L_000001f91d7637a0, L_000001f91d763f80, C4<0>, C4<0>;
v000001f91d7a8290_0 .net "c1", 0 0, L_000001f91d763ce0;  1 drivers
v000001f91d7a8e70_0 .net "c2", 0 0, L_000001f91d7637a0;  1 drivers
v000001f91d7a88d0_0 .net "c3", 0 0, L_000001f91d763f80;  1 drivers
v000001f91d7a94b0_0 .net "input1", 0 0, L_000001f91d7d7d60;  1 drivers
v000001f91d7a8fb0_0 .net "input2", 0 0, L_000001f91d7d6c80;  1 drivers
v000001f91d7aa4f0_0 .net "out", 0 0, L_000001f91d763500;  alias, 1 drivers
v000001f91d7a8b50_0 .net "select", 0 0, L_000001f91d7d6fa0;  alias, 1 drivers
S_000001f91d7addc0 .scope module, "mux_s0_4" "mux2x1" 2 24, 3 1 0, S_000001f91d6f5f90;
 .timescale 0 0;
    .port_info 0 /INPUT 1 "input1";
    .port_info 1 /INPUT 1 "input2";
    .port_info 2 /INPUT 1 "select";
    .port_info 3 /OUTPUT 1 "out";
L_000001f91d763810 .functor NOT 1, L_000001f91d7d6fa0, C4<0>, C4<0>, C4<0>;
L_000001f91d763880 .functor AND 1, L_000001f91d763810, L_000001f91d7d6d20, C4<1>, C4<1>;
L_000001f91d7638f0 .functor AND 1, L_000001f91d7d6fa0, L_000001f91d7d7040, C4<1>, C4<1>;
L_000001f91d763570 .functor OR 1, L_000001f91d763880, L_000001f91d7638f0, C4<0>, C4<0>;
v000001f91d7aa590_0 .net "c1", 0 0, L_000001f91d763810;  1 drivers
v000001f91d7a8970_0 .net "c2", 0 0, L_000001f91d763880;  1 drivers
v000001f91d7a9d70_0 .net "c3", 0 0, L_000001f91d7638f0;  1 drivers
v000001f91d7a8a10_0 .net "input1", 0 0, L_000001f91d7d6d20;  1 drivers
v000001f91d7a8ab0_0 .net "input2", 0 0, L_000001f91d7d7040;  1 drivers
v000001f91d7a9050_0 .net "out", 0 0, L_000001f91d763570;  alias, 1 drivers
v000001f91d7a8bf0_0 .net "select", 0 0, L_000001f91d7d6fa0;  alias, 1 drivers
S_000001f91d7ad780 .scope module, "mux_s0_5" "mux2x1" 2 25, 3 1 0, S_000001f91d6f5f90;
 .timescale 0 0;
    .port_info 0 /INPUT 1 "input1";
    .port_info 1 /INPUT 1 "input2";
    .port_info 2 /INPUT 1 "select";
    .port_info 3 /OUTPUT 1 "out";
L_000001f91d763960 .functor NOT 1, L_000001f91d7d6fa0, C4<0>, C4<0>, C4<0>;
L_000001f91d822fc0 .functor AND 1, L_000001f91d763960, L_000001f91d7d7ea0, C4<1>, C4<1>;
L_000001f91d822bd0 .functor AND 1, L_000001f91d7d6fa0, L_000001f91d7d7b80, C4<1>, C4<1>;
L_000001f91d822230 .functor OR 1, L_000001f91d822fc0, L_000001f91d822bd0, C4<0>, C4<0>;
v000001f91d7a8f10_0 .net "c1", 0 0, L_000001f91d763960;  1 drivers
v000001f91d7a9550_0 .net "c2", 0 0, L_000001f91d822fc0;  1 drivers
v000001f91d7a90f0_0 .net "c3", 0 0, L_000001f91d822bd0;  1 drivers
v000001f91d7a95f0_0 .net "input1", 0 0, L_000001f91d7d7ea0;  1 drivers
v000001f91d7a9910_0 .net "input2", 0 0, L_000001f91d7d7b80;  1 drivers
v000001f91d7a9e10_0 .net "out", 0 0, L_000001f91d822230;  alias, 1 drivers
v000001f91d7a97d0_0 .net "select", 0 0, L_000001f91d7d6fa0;  alias, 1 drivers
S_000001f91d7ac1a0 .scope module, "mux_s0_6" "mux2x1" 2 26, 3 1 0, S_000001f91d6f5f90;
 .timescale 0 0;
    .port_info 0 /INPUT 1 "input1";
    .port_info 1 /INPUT 1 "input2";
    .port_info 2 /INPUT 1 "select";
    .port_info 3 /OUTPUT 1 "out";
L_000001f91d822690 .functor NOT 1, L_000001f91d7d6fa0, C4<0>, C4<0>, C4<0>;
L_000001f91d822700 .functor AND 1, L_000001f91d822690, L_000001f91d7d7720, C4<1>, C4<1>;
L_000001f91d8224d0 .functor AND 1, L_000001f91d7d6fa0, L_000001f91d7d68c0, C4<1>, C4<1>;
L_000001f91d822b60 .functor OR 1, L_000001f91d822700, L_000001f91d8224d0, C4<0>, C4<0>;
v000001f91d7a9870_0 .net "c1", 0 0, L_000001f91d822690;  1 drivers
v000001f91d7a9af0_0 .net "c2", 0 0, L_000001f91d822700;  1 drivers
v000001f91d7aa630_0 .net "c3", 0 0, L_000001f91d8224d0;  1 drivers
v000001f91d7aa6d0_0 .net "input1", 0 0, L_000001f91d7d7720;  1 drivers
v000001f91d7a9b90_0 .net "input2", 0 0, L_000001f91d7d68c0;  1 drivers
v000001f91d7a9f50_0 .net "out", 0 0, L_000001f91d822b60;  alias, 1 drivers
v000001f91d7ab210_0 .net "select", 0 0, L_000001f91d7d6fa0;  alias, 1 drivers
S_000001f91d7ac010 .scope module, "mux_s0_7" "mux2x1" 2 27, 3 1 0, S_000001f91d6f5f90;
 .timescale 0 0;
    .port_info 0 /INPUT 1 "input1";
    .port_info 1 /INPUT 1 "input2";
    .port_info 2 /INPUT 1 "select";
    .port_info 3 /OUTPUT 1 "out";
L_000001f91d822c40 .functor NOT 1, L_000001f91d7d6fa0, C4<0>, C4<0>, C4<0>;
L_000001f91d822af0 .functor AND 1, L_000001f91d822c40, L_000001f91d7d70e0, C4<1>, C4<1>;
L_000001f91d7d80c0 .functor BUFT 1, C4<0>, C4<0>, C4<0>, C4<0>;
L_000001f91d822e00 .functor AND 1, L_000001f91d7d6fa0, L_000001f91d7d80c0, C4<1>, C4<1>;
L_000001f91d822d20 .functor OR 1, L_000001f91d822af0, L_000001f91d822e00, C4<0>, C4<0>;
v000001f91d7aab30_0 .net "c1", 0 0, L_000001f91d822c40;  1 drivers
v000001f91d7abb70_0 .net "c2", 0 0, L_000001f91d822af0;  1 drivers
v000001f91d7ab5d0_0 .net "c3", 0 0, L_000001f91d822e00;  1 drivers
v000001f91d7ab490_0 .net "input1", 0 0, L_000001f91d7d70e0;  1 drivers
v000001f91d7ab850_0 .net "input2", 0 0, L_000001f91d7d80c0;  1 drivers
v000001f91d7abd50_0 .net "out", 0 0, L_000001f91d822d20;  alias, 1 drivers
v000001f91d7ab170_0 .net "select", 0 0, L_000001f91d7d6fa0;  alias, 1 drivers
S_000001f91d7ac4c0 .scope module, "mux_s1_0" "mux2x1" 2 41, 3 1 0, S_000001f91d6f5f90;
 .timescale 0 0;
    .port_info 0 /INPUT 1 "input1";
    .port_info 1 /INPUT 1 "input2";
    .port_info 2 /INPUT 1 "select";
    .port_info 3 /OUTPUT 1 "out";
L_000001f91d8256b0 .functor NOT 1, L_000001f91d7d6fa0, C4<0>, C4<0>, C4<0>;
L_000001f91d7d8108 .functor BUFT 1, C4<0>, C4<0>, C4<0>, C4<0>;
L_000001f91d825480 .functor AND 1, L_000001f91d8256b0, L_000001f91d7d8108, C4<1>, C4<1>;
L_000001f91d825870 .functor AND 1, L_000001f91d7d6fa0, L_000001f91d7d4980, C4<1>, C4<1>;
L_000001f91d825720 .functor OR 1, L_000001f91d825480, L_000001f91d825870, C4<0>, C4<0>;
v000001f91d7abad0_0 .net "c1", 0 0, L_000001f91d8256b0;  1 drivers
v000001f91d7aaf90_0 .net "c2", 0 0, L_000001f91d825480;  1 drivers
v000001f91d7ab0d0_0 .net "c3", 0 0, L_000001f91d825870;  1 drivers
v000001f91d7ab2b0_0 .net "input1", 0 0, L_000001f91d7d8108;  1 drivers
v000001f91d7aa950_0 .net "input2", 0 0, L_000001f91d7d4980;  1 drivers
v000001f91d7aa8b0_0 .net "out", 0 0, L_000001f91d825720;  alias, 1 drivers
v000001f91d7abe90_0 .net "select", 0 0, L_000001f91d7d6fa0;  alias, 1 drivers
S_000001f91d7ac650 .scope module, "mux_s1_1" "mux2x1" 2 42, 3 1 0, S_000001f91d6f5f90;
 .timescale 0 0;
    .port_info 0 /INPUT 1 "input1";
    .port_info 1 /INPUT 1 "input2";
    .port_info 2 /INPUT 1 "select";
    .port_info 3 /OUTPUT 1 "out";
L_000001f91d8259c0 .functor NOT 1, L_000001f91d7d6fa0, C4<0>, C4<0>, C4<0>;
L_000001f91d7d8150 .functor BUFT 1, C4<0>, C4<0>, C4<0>, C4<0>;
L_000001f91d825a30 .functor AND 1, L_000001f91d8259c0, L_000001f91d7d8150, C4<1>, C4<1>;
L_000001f91d8253a0 .functor AND 1, L_000001f91d7d6fa0, L_000001f91d7d5100, C4<1>, C4<1>;
L_000001f91d825aa0 .functor OR 1, L_000001f91d825a30, L_000001f91d8253a0, C4<0>, C4<0>;
v000001f91d7ab350_0 .net "c1", 0 0, L_000001f91d8259c0;  1 drivers
v000001f91d7abc10_0 .net "c2", 0 0, L_000001f91d825a30;  1 drivers
v000001f91d7abcb0_0 .net "c3", 0 0, L_000001f91d8253a0;  1 drivers
v000001f91d7aad10_0 .net "input1", 0 0, L_000001f91d7d8150;  1 drivers
v000001f91d7abdf0_0 .net "input2", 0 0, L_000001f91d7d5100;  1 drivers
v000001f91d7aadb0_0 .net "out", 0 0, L_000001f91d825aa0;  alias, 1 drivers
v000001f91d7aaef0_0 .net "select", 0 0, L_000001f91d7d6fa0;  alias, 1 drivers
S_000001f91d7ad910 .scope module, "mux_s1_2" "mux2x1" 2 43, 3 1 0, S_000001f91d6f5f90;
 .timescale 0 0;
    .port_info 0 /INPUT 1 "input1";
    .port_info 1 /INPUT 1 "input2";
    .port_info 2 /INPUT 1 "select";
    .port_info 3 /OUTPUT 1 "out";
L_000001f91d825cd0 .functor NOT 1, L_000001f91d7d6fa0, C4<0>, C4<0>, C4<0>;
L_000001f91d825d40 .functor AND 1, L_000001f91d825cd0, L_000001f91d7d5740, C4<1>, C4<1>;
L_000001f91d825e20 .functor AND 1, L_000001f91d7d6fa0, L_000001f91d7d4200, C4<1>, C4<1>;
L_000001f91d8254f0 .functor OR 1, L_000001f91d825d40, L_000001f91d825e20, C4<0>, C4<0>;
v000001f91d7aae50_0 .net "c1", 0 0, L_000001f91d825cd0;  1 drivers
v000001f91d7ab3f0_0 .net "c2", 0 0, L_000001f91d825d40;  1 drivers
v000001f91d7ab030_0 .net "c3", 0 0, L_000001f91d825e20;  1 drivers
v000001f91d7ab530_0 .net "input1", 0 0, L_000001f91d7d5740;  1 drivers
v000001f91d7ab670_0 .net "input2", 0 0, L_000001f91d7d4200;  1 drivers
v000001f91d7ab710_0 .net "out", 0 0, L_000001f91d8254f0;  alias, 1 drivers
v000001f91d7ab7b0_0 .net "select", 0 0, L_000001f91d7d6fa0;  alias, 1 drivers
S_000001f91d7ace20 .scope module, "mux_s1_3" "mux2x1" 2 44, 3 1 0, S_000001f91d6f5f90;
 .timescale 0 0;
    .port_info 0 /INPUT 1 "input1";
    .port_info 1 /INPUT 1 "input2";
    .port_info 2 /INPUT 1 "select";
    .port_info 3 /OUTPUT 1 "out";
L_000001f91d8252c0 .functor NOT 1, L_000001f91d7d6fa0, C4<0>, C4<0>, C4<0>;
L_000001f91d825f00 .functor AND 1, L_000001f91d8252c0, L_000001f91d7d54c0, C4<1>, C4<1>;
L_000001f91d825950 .functor AND 1, L_000001f91d7d6fa0, L_000001f91d7d60a0, C4<1>, C4<1>;
L_000001f91d825330 .functor OR 1, L_000001f91d825f00, L_000001f91d825950, C4<0>, C4<0>;
v000001f91d7ab8f0_0 .net "c1", 0 0, L_000001f91d8252c0;  1 drivers
v000001f91d7aa810_0 .net "c2", 0 0, L_000001f91d825f00;  1 drivers
v000001f91d7aabd0_0 .net "c3", 0 0, L_000001f91d825950;  1 drivers
v000001f91d7ab990_0 .net "input1", 0 0, L_000001f91d7d54c0;  1 drivers
v000001f91d7aac70_0 .net "input2", 0 0, L_000001f91d7d60a0;  1 drivers
v000001f91d7aa9f0_0 .net "out", 0 0, L_000001f91d825330;  alias, 1 drivers
v000001f91d7aba30_0 .net "select", 0 0, L_000001f91d7d6fa0;  alias, 1 drivers
S_000001f91d7adaa0 .scope module, "mux_s1_4" "mux2x1" 2 45, 3 1 0, S_000001f91d6f5f90;
 .timescale 0 0;
    .port_info 0 /INPUT 1 "input1";
    .port_info 1 /INPUT 1 "input2";
    .port_info 2 /INPUT 1 "select";
    .port_info 3 /OUTPUT 1 "out";
L_000001f91d825170 .functor NOT 1, L_000001f91d7d6fa0, C4<0>, C4<0>, C4<0>;
L_000001f91d825b80 .functor AND 1, L_000001f91d825170, L_000001f91d7d4480, C4<1>, C4<1>;
L_000001f91d825b10 .functor AND 1, L_000001f91d7d6fa0, L_000001f91d7d5880, C4<1>, C4<1>;
L_000001f91d825bf0 .functor OR 1, L_000001f91d825b80, L_000001f91d825b10, C4<0>, C4<0>;
v000001f91d7aaa90_0 .net "c1", 0 0, L_000001f91d825170;  1 drivers
v000001f91d7cf540_0 .net "c2", 0 0, L_000001f91d825b80;  1 drivers
v000001f91d7ce1e0_0 .net "c3", 0 0, L_000001f91d825b10;  1 drivers
v000001f91d7cffe0_0 .net "input1", 0 0, L_000001f91d7d4480;  1 drivers
v000001f91d7d0080_0 .net "input2", 0 0, L_000001f91d7d5880;  1 drivers
v000001f91d7cf5e0_0 .net "out", 0 0, L_000001f91d825bf0;  alias, 1 drivers
v000001f91d7cfae0_0 .net "select", 0 0, L_000001f91d7d6fa0;  alias, 1 drivers
S_000001f91d7acb00 .scope module, "mux_s1_5" "mux2x1" 2 46, 3 1 0, S_000001f91d6f5f90;
 .timescale 0 0;
    .port_info 0 /INPUT 1 "input1";
    .port_info 1 /INPUT 1 "input2";
    .port_info 2 /INPUT 1 "select";
    .port_info 3 /OUTPUT 1 "out";
L_000001f91d8251e0 .functor NOT 1, L_000001f91d7d6fa0, C4<0>, C4<0>, C4<0>;
L_000001f91d825c60 .functor AND 1, L_000001f91d8251e0, L_000001f91d7d5f60, C4<1>, C4<1>;
L_000001f91d825560 .functor AND 1, L_000001f91d7d6fa0, L_000001f91d7d5d80, C4<1>, C4<1>;
L_000001f91d825db0 .functor OR 1, L_000001f91d825c60, L_000001f91d825560, C4<0>, C4<0>;
v000001f91d7cf220_0 .net "c1", 0 0, L_000001f91d8251e0;  1 drivers
v000001f91d7ceaa0_0 .net "c2", 0 0, L_000001f91d825c60;  1 drivers
v000001f91d7d06c0_0 .net "c3", 0 0, L_000001f91d825560;  1 drivers
v000001f91d7ceb40_0 .net "input1", 0 0, L_000001f91d7d5f60;  1 drivers
v000001f91d7ce320_0 .net "input2", 0 0, L_000001f91d7d5d80;  1 drivers
v000001f91d7cf680_0 .net "out", 0 0, L_000001f91d825db0;  alias, 1 drivers
v000001f91d7d0580_0 .net "select", 0 0, L_000001f91d7d6fa0;  alias, 1 drivers
S_000001f91d7ac7e0 .scope module, "mux_s1_6" "mux2x1" 2 47, 3 1 0, S_000001f91d6f5f90;
 .timescale 0 0;
    .port_info 0 /INPUT 1 "input1";
    .port_info 1 /INPUT 1 "input2";
    .port_info 2 /INPUT 1 "select";
    .port_info 3 /OUTPUT 1 "out";
L_000001f91d825e90 .functor NOT 1, L_000001f91d7d6fa0, C4<0>, C4<0>, C4<0>;
L_000001f91d825f70 .functor AND 1, L_000001f91d825e90, L_000001f91d7d48e0, C4<1>, C4<1>;
L_000001f91d7d8198 .functor BUFT 1, C4<0>, C4<0>, C4<0>, C4<0>;
L_000001f91d825250 .functor AND 1, L_000001f91d7d6fa0, L_000001f91d7d8198, C4<1>, C4<1>;
L_000001f91d826570 .functor OR 1, L_000001f91d825f70, L_000001f91d825250, C4<0>, C4<0>;
v000001f91d7ce3c0_0 .net "c1", 0 0, L_000001f91d825e90;  1 drivers
v000001f91d7cf860_0 .net "c2", 0 0, L_000001f91d825f70;  1 drivers
v000001f91d7cef00_0 .net "c3", 0 0, L_000001f91d825250;  1 drivers
v000001f91d7cf2c0_0 .net "input1", 0 0, L_000001f91d7d48e0;  1 drivers
v000001f91d7d0300_0 .net "input2", 0 0, L_000001f91d7d8198;  1 drivers
v000001f91d7ce780_0 .net "out", 0 0, L_000001f91d826570;  alias, 1 drivers
v000001f91d7ce460_0 .net "select", 0 0, L_000001f91d7d6fa0;  alias, 1 drivers
S_000001f91d7adc30 .scope module, "mux_s1_7" "mux2x1" 2 48, 3 1 0, S_000001f91d6f5f90;
 .timescale 0 0;
    .port_info 0 /INPUT 1 "input1";
    .port_info 1 /INPUT 1 "input2";
    .port_info 2 /INPUT 1 "select";
    .port_info 3 /OUTPUT 1 "out";
L_000001f91d826e30 .functor NOT 1, L_000001f91d7d6fa0, C4<0>, C4<0>, C4<0>;
L_000001f91d826260 .functor AND 1, L_000001f91d826e30, L_000001f91d7d4ac0, C4<1>, C4<1>;
L_000001f91d7d81e0 .functor BUFT 1, C4<0>, C4<0>, C4<0>, C4<0>;
L_000001f91d8262d0 .functor AND 1, L_000001f91d7d6fa0, L_000001f91d7d81e0, C4<1>, C4<1>;
L_000001f91d826340 .functor OR 1, L_000001f91d826260, L_000001f91d8262d0, C4<0>, C4<0>;
v000001f91d7cefa0_0 .net "c1", 0 0, L_000001f91d826e30;  1 drivers
v000001f91d7cf400_0 .net "c2", 0 0, L_000001f91d826260;  1 drivers
v000001f91d7ce0a0_0 .net "c3", 0 0, L_000001f91d8262d0;  1 drivers
v000001f91d7cff40_0 .net "input1", 0 0, L_000001f91d7d4ac0;  1 drivers
v000001f91d7cf720_0 .net "input2", 0 0, L_000001f91d7d81e0;  1 drivers
v000001f91d7d03a0_0 .net "out", 0 0, L_000001f91d826340;  alias, 1 drivers
v000001f91d7cf360_0 .net "select", 0 0, L_000001f91d7d6fa0;  alias, 1 drivers
S_000001f91d7ac970 .scope module, "mux_s2_0" "mux2x1" 2 62, 3 1 0, S_000001f91d6f5f90;
 .timescale 0 0;
    .port_info 0 /INPUT 1 "input1";
    .port_info 1 /INPUT 1 "input2";
    .port_info 2 /INPUT 1 "select";
    .port_info 3 /OUTPUT 1 "out";
L_000001f91d829c20 .functor NOT 1, L_000001f91d7d6fa0, C4<0>, C4<0>, C4<0>;
L_000001f91d7d8228 .functor BUFT 1, C4<0>, C4<0>, C4<0>, C4<0>;
L_000001f91d8296e0 .functor AND 1, L_000001f91d829c20, L_000001f91d7d8228, C4<1>, C4<1>;
L_000001f91d829440 .functor AND 1, L_000001f91d7d6fa0, L_000001f91d7d56a0, C4<1>, C4<1>;
L_000001f91d829ad0 .functor OR 1, L_000001f91d8296e0, L_000001f91d829440, C4<0>, C4<0>;
v000001f91d7cebe0_0 .net "c1", 0 0, L_000001f91d829c20;  1 drivers
v000001f91d7ce820_0 .net "c2", 0 0, L_000001f91d8296e0;  1 drivers
v000001f91d7cec80_0 .net "c3", 0 0, L_000001f91d829440;  1 drivers
v000001f91d7d0120_0 .net "input1", 0 0, L_000001f91d7d8228;  1 drivers
v000001f91d7d0760_0 .net "input2", 0 0, L_000001f91d7d56a0;  1 drivers
v000001f91d7ced20_0 .net "out", 0 0, L_000001f91d829ad0;  alias, 1 drivers
v000001f91d7ce500_0 .net "select", 0 0, L_000001f91d7d6fa0;  alias, 1 drivers
S_000001f91d7acc90 .scope module, "mux_s2_1" "mux2x1" 2 63, 3 1 0, S_000001f91d6f5f90;
 .timescale 0 0;
    .port_info 0 /INPUT 1 "input1";
    .port_info 1 /INPUT 1 "input2";
    .port_info 2 /INPUT 1 "select";
    .port_info 3 /OUTPUT 1 "out";
L_000001f91d829c90 .functor NOT 1, L_000001f91d7d6fa0, C4<0>, C4<0>, C4<0>;
L_000001f91d7d8270 .functor BUFT 1, C4<0>, C4<0>, C4<0>, C4<0>;
L_000001f91d829d00 .functor AND 1, L_000001f91d829c90, L_000001f91d7d8270, C4<1>, C4<1>;
L_000001f91d829de0 .functor AND 1, L_000001f91d7d6fa0, L_000001f91d7d5c40, C4<1>, C4<1>;
L_000001f91d8293d0 .functor OR 1, L_000001f91d829d00, L_000001f91d829de0, C4<0>, C4<0>;
v000001f91d7cf7c0_0 .net "c1", 0 0, L_000001f91d829c90;  1 drivers
v000001f91d7cedc0_0 .net "c2", 0 0, L_000001f91d829d00;  1 drivers
v000001f91d7d04e0_0 .net "c3", 0 0, L_000001f91d829de0;  1 drivers
v000001f91d7cf900_0 .net "input1", 0 0, L_000001f91d7d8270;  1 drivers
v000001f91d7cf040_0 .net "input2", 0 0, L_000001f91d7d5c40;  1 drivers
v000001f91d7cf4a0_0 .net "out", 0 0, L_000001f91d8293d0;  alias, 1 drivers
v000001f91d7d0440_0 .net "select", 0 0, L_000001f91d7d6fa0;  alias, 1 drivers
S_000001f91d7acfb0 .scope module, "mux_s2_2" "mux2x1" 2 64, 3 1 0, S_000001f91d6f5f90;
 .timescale 0 0;
    .port_info 0 /INPUT 1 "input1";
    .port_info 1 /INPUT 1 "input2";
    .port_info 2 /INPUT 1 "select";
    .port_info 3 /OUTPUT 1 "out";
L_000001f91d8291a0 .functor NOT 1, L_000001f91d7d6fa0, C4<0>, C4<0>, C4<0>;
L_000001f91d7d82b8 .functor BUFT 1, C4<0>, C4<0>, C4<0>, C4<0>;
L_000001f91d829600 .functor AND 1, L_000001f91d8291a0, L_000001f91d7d82b8, C4<1>, C4<1>;
L_000001f91d829b40 .functor AND 1, L_000001f91d7d6fa0, L_000001f91d7d5560, C4<1>, C4<1>;
L_000001f91d829520 .functor OR 1, L_000001f91d829600, L_000001f91d829b40, C4<0>, C4<0>;
v000001f91d7d01c0_0 .net "c1", 0 0, L_000001f91d8291a0;  1 drivers
v000001f91d7ce8c0_0 .net "c2", 0 0, L_000001f91d829600;  1 drivers
v000001f91d7cfd60_0 .net "c3", 0 0, L_000001f91d829b40;  1 drivers
v000001f91d7cf9a0_0 .net "input1", 0 0, L_000001f91d7d82b8;  1 drivers
v000001f91d7ce140_0 .net "input2", 0 0, L_000001f91d7d5560;  1 drivers
v000001f91d7d0260_0 .net "out", 0 0, L_000001f91d829520;  alias, 1 drivers
v000001f91d7cfa40_0 .net "select", 0 0, L_000001f91d7d6fa0;  alias, 1 drivers
S_000001f91d7ad460 .scope module, "mux_s2_3" "mux2x1" 2 65, 3 1 0, S_000001f91d6f5f90;
 .timescale 0 0;
    .port_info 0 /INPUT 1 "input1";
    .port_info 1 /INPUT 1 "input2";
    .port_info 2 /INPUT 1 "select";
    .port_info 3 /OUTPUT 1 "out";
L_000001f91d829130 .functor NOT 1, L_000001f91d7d6fa0, C4<0>, C4<0>, C4<0>;
L_000001f91d7d8300 .functor BUFT 1, C4<0>, C4<0>, C4<0>, C4<0>;
L_000001f91d829590 .functor AND 1, L_000001f91d829130, L_000001f91d7d8300, C4<1>, C4<1>;
L_000001f91d829e50 .functor AND 1, L_000001f91d7d6fa0, L_000001f91d7d4700, C4<1>, C4<1>;
L_000001f91d8294b0 .functor OR 1, L_000001f91d829590, L_000001f91d829e50, C4<0>, C4<0>;
v000001f91d7ce6e0_0 .net "c1", 0 0, L_000001f91d829130;  1 drivers
v000001f91d7ce960_0 .net "c2", 0 0, L_000001f91d829590;  1 drivers
v000001f91d7ce280_0 .net "c3", 0 0, L_000001f91d829e50;  1 drivers
v000001f91d7cea00_0 .net "input1", 0 0, L_000001f91d7d8300;  1 drivers
v000001f91d7ce5a0_0 .net "input2", 0 0, L_000001f91d7d4700;  1 drivers
v000001f91d7cfb80_0 .net "out", 0 0, L_000001f91d8294b0;  alias, 1 drivers
v000001f91d7cee60_0 .net "select", 0 0, L_000001f91d7d6fa0;  alias, 1 drivers
S_000001f91d7ad140 .scope module, "mux_s2_4" "mux2x1" 2 66, 3 1 0, S_000001f91d6f5f90;
 .timescale 0 0;
    .port_info 0 /INPUT 1 "input1";
    .port_info 1 /INPUT 1 "input2";
    .port_info 2 /INPUT 1 "select";
    .port_info 3 /OUTPUT 1 "out";
L_000001f91d829bb0 .functor NOT 1, L_000001f91d7d6fa0, C4<0>, C4<0>, C4<0>;
L_000001f91d829750 .functor AND 1, L_000001f91d829bb0, L_000001f91d7d57e0, C4<1>, C4<1>;
L_000001f91d7d8348 .functor BUFT 1, C4<0>, C4<0>, C4<0>, C4<0>;
L_000001f91d829210 .functor AND 1, L_000001f91d7d6fa0, L_000001f91d7d8348, C4<1>, C4<1>;
L_000001f91d829ec0 .functor OR 1, L_000001f91d829750, L_000001f91d829210, C4<0>, C4<0>;
v000001f91d7cf0e0_0 .net "c1", 0 0, L_000001f91d829bb0;  1 drivers
v000001f91d7ce640_0 .net "c2", 0 0, L_000001f91d829750;  1 drivers
v000001f91d7cfc20_0 .net "c3", 0 0, L_000001f91d829210;  1 drivers
v000001f91d7cf180_0 .net "input1", 0 0, L_000001f91d7d57e0;  1 drivers
v000001f91d7cfcc0_0 .net "input2", 0 0, L_000001f91d7d8348;  1 drivers
v000001f91d7cfe00_0 .net "out", 0 0, L_000001f91d829ec0;  alias, 1 drivers
v000001f91d7cfea0_0 .net "select", 0 0, L_000001f91d7d6fa0;  alias, 1 drivers
S_000001f91d7ad2d0 .scope module, "mux_s2_5" "mux2x1" 2 67, 3 1 0, S_000001f91d6f5f90;
 .timescale 0 0;
    .port_info 0 /INPUT 1 "input1";
    .port_info 1 /INPUT 1 "input2";
    .port_info 2 /INPUT 1 "select";
    .port_info 3 /OUTPUT 1 "out";
L_000001f91d829fa0 .functor NOT 1, L_000001f91d7d6fa0, C4<0>, C4<0>, C4<0>;
L_000001f91d829980 .functor AND 1, L_000001f91d829fa0, L_000001f91d7d5ce0, C4<1>, C4<1>;
L_000001f91d7d8390 .functor BUFT 1, C4<0>, C4<0>, C4<0>, C4<0>;
L_000001f91d82a010 .functor AND 1, L_000001f91d7d6fa0, L_000001f91d7d8390, C4<1>, C4<1>;
L_000001f91d829280 .functor OR 1, L_000001f91d829980, L_000001f91d82a010, C4<0>, C4<0>;
v000001f91d7d0620_0 .net "c1", 0 0, L_000001f91d829fa0;  1 drivers
v000001f91d7d0800_0 .net "c2", 0 0, L_000001f91d829980;  1 drivers
v000001f91d7d10c0_0 .net "c3", 0 0, L_000001f91d82a010;  1 drivers
v000001f91d7d1ac0_0 .net "input1", 0 0, L_000001f91d7d5ce0;  1 drivers
v000001f91d7d0bc0_0 .net "input2", 0 0, L_000001f91d7d8390;  1 drivers
v000001f91d7d1b60_0 .net "out", 0 0, L_000001f91d829280;  alias, 1 drivers
v000001f91d7d1160_0 .net "select", 0 0, L_000001f91d7d6fa0;  alias, 1 drivers
S_000001f91d7d2b90 .scope module, "mux_s2_6" "mux2x1" 2 68, 3 1 0, S_000001f91d6f5f90;
 .timescale 0 0;
    .port_info 0 /INPUT 1 "input1";
    .port_info 1 /INPUT 1 "input2";
    .port_info 2 /INPUT 1 "select";
    .port_info 3 /OUTPUT 1 "out";
L_000001f91d829670 .functor NOT 1, L_000001f91d7d6fa0, C4<0>, C4<0>, C4<0>;
L_000001f91d8297c0 .functor AND 1, L_000001f91d829670, L_000001f91d7d4c00, C4<1>, C4<1>;
L_000001f91d7d83d8 .functor BUFT 1, C4<0>, C4<0>, C4<0>, C4<0>;
L_000001f91d829830 .functor AND 1, L_000001f91d7d6fa0, L_000001f91d7d83d8, C4<1>, C4<1>;
L_000001f91d8292f0 .functor OR 1, L_000001f91d8297c0, L_000001f91d829830, C4<0>, C4<0>;
v000001f91d7d0da0_0 .net "c1", 0 0, L_000001f91d829670;  1 drivers
v000001f91d7d1840_0 .net "c2", 0 0, L_000001f91d8297c0;  1 drivers
v000001f91d7d0c60_0 .net "c3", 0 0, L_000001f91d829830;  1 drivers
v000001f91d7d1ca0_0 .net "input1", 0 0, L_000001f91d7d4c00;  1 drivers
v000001f91d7d09e0_0 .net "input2", 0 0, L_000001f91d7d83d8;  1 drivers
v000001f91d7d1c00_0 .net "out", 0 0, L_000001f91d8292f0;  alias, 1 drivers
v000001f91d7d1660_0 .net "select", 0 0, L_000001f91d7d6fa0;  alias, 1 drivers
S_000001f91d7d2eb0 .scope module, "mux_s2_7" "mux2x1" 2 69, 3 1 0, S_000001f91d6f5f90;
 .timescale 0 0;
    .port_info 0 /INPUT 1 "input1";
    .port_info 1 /INPUT 1 "input2";
    .port_info 2 /INPUT 1 "select";
    .port_info 3 /OUTPUT 1 "out";
L_000001f91d829360 .functor NOT 1, L_000001f91d7d6fa0, C4<0>, C4<0>, C4<0>;
L_000001f91d8298a0 .functor AND 1, L_000001f91d829360, L_000001f91d7d6640, C4<1>, C4<1>;
L_000001f91d7d8420 .functor BUFT 1, C4<0>, C4<0>, C4<0>, C4<0>;
L_000001f91d829910 .functor AND 1, L_000001f91d7d6fa0, L_000001f91d7d8420, C4<1>, C4<1>;
L_000001f91d8299f0 .functor OR 1, L_000001f91d8298a0, L_000001f91d829910, C4<0>, C4<0>;
v000001f91d7d13e0_0 .net "c1", 0 0, L_000001f91d829360;  1 drivers
v000001f91d7d1020_0 .net "c2", 0 0, L_000001f91d8298a0;  1 drivers
v000001f91d7d1200_0 .net "c3", 0 0, L_000001f91d829910;  1 drivers
v000001f91d7d0b20_0 .net "input1", 0 0, L_000001f91d7d6640;  1 drivers
v000001f91d7d1980_0 .net "input2", 0 0, L_000001f91d7d8420;  1 drivers
v000001f91d7d08a0_0 .net "out", 0 0, L_000001f91d8299f0;  alias, 1 drivers
v000001f91d7d1700_0 .net "select", 0 0, L_000001f91d7d6fa0;  alias, 1 drivers
# The file index is used to find the file name in the following table.
:file_names 4;
    "N/A";
    "<interactive>";
    "shiftLLogical.v";
    "./mux2x1.v";
