#! /c/Source/iverilog-install/bin/vvp
:ivl_version "12.0 (devel)" "(s20150603-1539-g2693dd32b)";
:ivl_delay_selection "TYPICAL";
:vpi_time_precision + 0;
:vpi_module "C:\iverilog\lib\ivl\system.vpi";
:vpi_module "C:\iverilog\lib\ivl\vhdl_sys.vpi";
:vpi_module "C:\iverilog\lib\ivl\vhdl_textio.vpi";
:vpi_module "C:\iverilog\lib\ivl\v2005_math.vpi";
:vpi_module "C:\iverilog\lib\ivl\va_math.vpi";
S_000001dde71fbb20 .scope module, "tb_arithmetic_right_shift" "tb_arithmetic_right_shift" 2 21;
 .timescale 0 0;
v000001dde70f4550_0 .var "data_in", 7 0;
v000001dde70f45f0_0 .net "data_out", 7 0, v000001dde71fbe40_0;  1 drivers
v000001dde70f4690_0 .var "shift_amount", 2 0;
S_000001dde71fbcb0 .scope module, "uut" "arithmetic_right_shift" 2 26, 2 1 0, S_000001dde71fbb20;
 .timescale 0 0;
    .port_info 0 /INPUT 8 "data_in";
    .port_info 1 /INPUT 3 "shift_amount";
    .port_info 2 /OUTPUT 8 "data_out";
v000001dde70c3000_0 .net "data_in", 7 0, v000001dde70f4550_0;  1 drivers
v000001dde71fbe40_0 .var "data_out", 7 0;
v000001dde70f44b0_0 .net "shift_amount", 2 0, v000001dde70f4690_0;  1 drivers
E_000001dde71f9c00 .event anyedge, v000001dde70f44b0_0, v000001dde70c3000_0;
    .scope S_000001dde71fbcb0;
T_0 ;
    %wait E_000001dde71f9c00;
    %load/vec4 v000001dde70f44b0_0;
    %dup/vec4;
    %pushi/vec4 0, 0, 3;
    %cmp/u;
    %jmp/1 T_0.0, 6;
    %dup/vec4;
    %pushi/vec4 1, 0, 3;
    %cmp/u;
    %jmp/1 T_0.1, 6;
    %dup/vec4;
    %pushi/vec4 2, 0, 3;
    %cmp/u;
    %jmp/1 T_0.2, 6;
    %dup/vec4;
    %pushi/vec4 3, 0, 3;
    %cmp/u;
    %jmp/1 T_0.3, 6;
    %dup/vec4;
    %pushi/vec4 4, 0, 3;
    %cmp/u;
    %jmp/1 T_0.4, 6;
    %dup/vec4;
    %pushi/vec4 5, 0, 3;
    %cmp/u;
    %jmp/1 T_0.5, 6;
    %dup/vec4;
    %pushi/vec4 6, 0, 3;
    %cmp/u;
    %jmp/1 T_0.6, 6;
    %dup/vec4;
    %pushi/vec4 7, 0, 3;
    %cmp/u;
    %jmp/1 T_0.7, 6;
    %load/vec4 v000001dde70c3000_0;
    %store/vec4 v000001dde71fbe40_0, 0, 8;
    %jmp T_0.9;
T_0.0 ;
    %load/vec4 v000001dde70c3000_0;
    %store/vec4 v000001dde71fbe40_0, 0, 8;
    %jmp T_0.9;
T_0.1 ;
    %load/vec4 v000001dde70c3000_0;
    %parti/s 1, 7, 4;
    %load/vec4 v000001dde70c3000_0;
    %parti/s 7, 1, 2;
    %concat/vec4; draw_concat_vec4
    %store/vec4 v000001dde71fbe40_0, 0, 8;
    %jmp T_0.9;
T_0.2 ;
    %load/vec4 v000001dde70c3000_0;
    %parti/s 1, 7, 4;
    %load/vec4 v000001dde70c3000_0;
    %parti/s 1, 7, 4;
    %concat/vec4; draw_concat_vec4
    %load/vec4 v000001dde70c3000_0;
    %parti/s 6, 2, 3;
    %concat/vec4; draw_concat_vec4
    %store/vec4 v000001dde71fbe40_0, 0, 8;
    %jmp T_0.9;
T_0.3 ;
    %load/vec4 v000001dde70c3000_0;
    %parti/s 1, 7, 4;
    %load/vec4 v000001dde70c3000_0;
    %parti/s 1, 7, 4;
    %concat/vec4; draw_concat_vec4
    %load/vec4 v000001dde70c3000_0;
    %parti/s 1, 7, 4;
    %concat/vec4; draw_concat_vec4
    %load/vec4 v000001dde70c3000_0;
    %parti/s 5, 3, 3;
    %concat/vec4; draw_concat_vec4
    %store/vec4 v000001dde71fbe40_0, 0, 8;
    %jmp T_0.9;
T_0.4 ;
    %load/vec4 v000001dde70c3000_0;
    %parti/s 1, 7, 4;
    %load/vec4 v000001dde70c3000_0;
    %parti/s 1, 7, 4;
    %concat/vec4; draw_concat_vec4
    %load/vec4 v000001dde70c3000_0;
    %parti/s 1, 7, 4;
    %concat/vec4; draw_concat_vec4
    %load/vec4 v000001dde70c3000_0;
    %parti/s 1, 7, 4;
    %concat/vec4; draw_concat_vec4
    %load/vec4 v000001dde70c3000_0;
    %parti/s 4, 4, 4;
    %concat/vec4; draw_concat_vec4
    %store/vec4 v000001dde71fbe40_0, 0, 8;
    %jmp T_0.9;
T_0.5 ;
    %load/vec4 v000001dde70c3000_0;
    %parti/s 1, 7, 4;
    %load/vec4 v000001dde70c3000_0;
    %parti/s 1, 7, 4;
    %concat/vec4; draw_concat_vec4
    %load/vec4 v000001dde70c3000_0;
    %parti/s 1, 7, 4;
    %concat/vec4; draw_concat_vec4
    %load/vec4 v000001dde70c3000_0;
    %parti/s 1, 7, 4;
    %concat/vec4; draw_concat_vec4
    %load/vec4 v000001dde70c3000_0;
    %parti/s 1, 7, 4;
    %concat/vec4; draw_concat_vec4
    %load/vec4 v000001dde70c3000_0;
    %parti/s 3, 5, 4;
    %concat/vec4; draw_concat_vec4
    %store/vec4 v000001dde71fbe40_0, 0, 8;
    %jmp T_0.9;
T_0.6 ;
    %load/vec4 v000001dde70c3000_0;
    %parti/s 1, 7, 4;
    %load/vec4 v000001dde70c3000_0;
    %parti/s 1, 7, 4;
    %concat/vec4; draw_concat_vec4
    %load/vec4 v000001dde70c3000_0;
    %parti/s 1, 7, 4;
    %concat/vec4; draw_concat_vec4
    %load/vec4 v000001dde70c3000_0;
    %parti/s 1, 7, 4;
    %concat/vec4; draw_concat_vec4
    %load/vec4 v000001dde70c3000_0;
    %parti/s 1, 7, 4;
    %concat/vec4; draw_concat_vec4
    %load/vec4 v000001dde70c3000_0;
    %parti/s 1, 7, 4;
    %concat/vec4; draw_concat_vec4
    %load/vec4 v000001dde70c3000_0;
    %parti/s 2, 6, 4;
    %concat/vec4; draw_concat_vec4
    %store/vec4 v000001dde71fbe40_0, 0, 8;
    %jmp T_0.9;
T_0.7 ;
    %load/vec4 v000001dde70c3000_0;
    %parti/s 1, 7, 4;
    %load/vec4 v000001dde70c3000_0;
    %parti/s 1, 7, 4;
    %concat/vec4; draw_concat_vec4
    %load/vec4 v000001dde70c3000_0;
    %parti/s 1, 7, 4;
    %concat/vec4; draw_concat_vec4
    %load/vec4 v000001dde70c3000_0;
    %parti/s 1, 7, 4;
    %concat/vec4; draw_concat_vec4
    %load/vec4 v000001dde70c3000_0;
    %parti/s 1, 7, 4;
    %concat/vec4; draw_concat_vec4
    %load/vec4 v000001dde70c3000_0;
    %parti/s 1, 7, 4;
    %concat/vec4; draw_concat_vec4
    %load/vec4 v000001dde70c3000_0;
    %parti/s 1, 7, 4;
    %concat/vec4; draw_concat_vec4
    %load/vec4 v000001dde70c3000_0;
    %parti/s 1, 7, 4;
    %concat/vec4; draw_concat_vec4
    %store/vec4 v000001dde71fbe40_0, 0, 8;
    %jmp T_0.9;
T_0.9 ;
    %pop/vec4 1;
    %jmp T_0;
    .thread T_0, $push;
    .scope S_000001dde71fbb20;
T_1 ;
    %pushi/vec4 128, 0, 8;
    %store/vec4 v000001dde70f4550_0, 0, 8;
    %pushi/vec4 1, 0, 3;
    %store/vec4 v000001dde70f4690_0, 0, 3;
    %delay 10, 0;
    %vpi_call 2 39 "$display", "Input: %b, Shift: %d, Output: %b", v000001dde70f4550_0, v000001dde70f4690_0, v000001dde70f45f0_0 {0 0 0};
    %pushi/vec4 252, 0, 8;
    %store/vec4 v000001dde70f4550_0, 0, 8;
    %pushi/vec4 2, 0, 3;
    %store/vec4 v000001dde70f4690_0, 0, 3;
    %delay 10, 0;
    %vpi_call 2 47 "$display", "Input: %b, Shift: %d, Output: %b", v000001dde70f4550_0, v000001dde70f4690_0, v000001dde70f45f0_0 {0 0 0};
    %pushi/vec4 85, 0, 8;
    %store/vec4 v000001dde70f4550_0, 0, 8;
    %pushi/vec4 3, 0, 3;
    %store/vec4 v000001dde70f4690_0, 0, 3;
    %delay 10, 0;
    %vpi_call 2 55 "$display", "Input: %b, Shift: %d, Output: %b", v000001dde70f4550_0, v000001dde70f4690_0, v000001dde70f45f0_0 {0 0 0};
    %vpi_call 2 60 "$finish" {0 0 0};
    %end;
    .thread T_1;
# The file index is used to find the file name in the following table.
:file_names 3;
    "N/A";
    "<interactive>";
    "Sra.v";
